#
# A fatal error has been detected by the Java Runtime Environment:
#
#  EXCEPTION_ACCESS_VIOLATION (0xc0000005) at pc=0x00007ffdd4dabc20, pid=73240, tid=70300
#
# JRE version: OpenJDK Runtime Environment Temurin-21.0.6+7 (21.0.6+7) (build 21.0.6+7-LTS)
# Java VM: OpenJDK 64-Bit Server VM Temurin-21.0.6+7 (21.0.6+7-LTS, mixed mode, sharing, tiered, compressed oops, compressed class ptrs, parallel gc, windows-amd64)
# Problematic frame:
# V  [jvm.dll+0x71bc20]
#
# No core dump will be written. Minidumps are not enabled by default on client versions of Windows
#
# If you would like to submit a bug report, please visit:
#   https://github.com/adoptium/adoptium-support/issues
#

---------------  S U M M A R Y ------------

Command Line: --add-modules=ALL-SYSTEM --add-opens=java.base/java.util=ALL-UNNAMED --add-opens=java.base/java.lang=ALL-UNNAMED --add-opens=java.base/sun.nio.fs=ALL-UNNAMED -Declipse.application=org.eclipse.jdt.ls.core.id1 -Dosgi.bundles.defaultStartLevel=4 -Declipse.product=org.eclipse.jdt.ls.core.product -Djava.import.generatesMetadataFilesAtProjectRoot=false -DDetectVMInstallationsJob.disabled=true -Dfile.encoding=utf8 -XX:+UseParallelGC -XX:GCTimeRatio=4 -XX:AdaptiveSizePolicyWeight=90 -Dsun.zip.disableMemoryMapping=true -Xmx1G -Xms100m -Xlog:disable -javaagent:c:\Users\autot\.vscode\extensions\redhat.java-1.40.0-win32-x64\lombok\lombok-1.18.36.jar -XX:+HeapDumpOnOutOfMemoryError -XX:HeapDumpPath=c:\Users\autot\AppData\Roaming\Code\User\workspaceStorage\9c8b5ce1f35badf05700a3a10b716a8b\redhat.java -Daether.dependencyCollector.impl=bf c:\Users\autot\.vscode\extensions\redhat.java-1.40.0-win32-x64\server\plugins\org.eclipse.equinox.launcher_1.6.1000.v20250131-0606.jar -configuration c:\Users\autot\AppData\Roaming\Code\User\globalStorage\redhat.java\1.40.0\config_win -data c:\Users\autot\AppData\Roaming\Code\User\workspaceStorage\9c8b5ce1f35badf05700a3a10b716a8b\redhat.java\jdt_ws --pipe=\\.\pipe\lsp-442119bc3edb6d0717d0b66a6cdc19f2-sock

Host: Intel(R) Core(TM) i9-14900HX, 32 cores, 31G,  Windows 11 , 64 bit Build 26100 (10.0.26100.3037)
Time: Wed Mar 12 21:56:08 2025 Central European Standard Time elapsed time: 2168.822698 seconds (0d 0h 36m 8s)

---------------  T H R E A D  ---------------

Current thread (0x000001fc78e72b40):  JavaThread "C2 CompilerThread0" daemon [_thread_in_native, id=70300, stack(0x0000005ebfc00000,0x0000005ebfd00000) (1024K)]


Current CompileTask:
C2:2168822 23728       4       org.eclipse.core.internal.events.ResourceComparator::compare (380 bytes)

Stack: [0x0000005ebfc00000,0x0000005ebfd00000],  sp=0x0000005ebfcfc5e0,  free space=1009k
Native frames: (J=compiled Java code, j=interpreted, Vv=VM code, C=native code)
V  [jvm.dll+0x71bc20]
V  [jvm.dll+0x3b6e86]
V  [jvm.dll+0x3b5a3d]
V  [jvm.dll+0x1e003e]
V  [jvm.dll+0x247b42]
V  [jvm.dll+0x246fcf]
V  [jvm.dll+0x1c75ee]
V  [jvm.dll+0x25685a]
V  [jvm.dll+0x254dfa]
V  [jvm.dll+0x3f0256]
V  [jvm.dll+0x851f8b]
V  [jvm.dll+0x6cc5ed]
C  [ucrtbase.dll+0x37b0]
C  [KERNEL32.DLL+0x2e8d7]
C  [ntdll.dll+0xbbf2c]


siginfo: EXCEPTION_ACCESS_VIOLATION (0xc0000005), data execution prevention violation at address 0x00007ffddedbfc68


Registers:
RAX=0xffffffffffffffff, RBX=0x0000005ebfcfc6a0, RCX=0xaaaaaaaaaaaaaaaa, RDX=0x3fffffffffffffff
RSP=0x0000005ebfcfc5e0, RBP=0x0000005ebfcfc6f0, RSI=0x000001fc45488360, RDI=0x0000005ebfcfc6c0
R8 =0x0000000000000000, R9 =0x0000000000000002, R10=0x0000000000000005, R11=0x5555555555555555
R12=0x000000000000022b, R13=0x0000005ebfcfcdd0, R14=0x0000000000000002, R15=0x0000005ebfcfc7b4
RIP=0x00007ffdd4dabc20, EFLAGS=0x0000000000010293

XMM[0]=0x0000000000000000 0x00007fffffffffff
XMM[1]=0x0000000800000000 0x0000000000000000
XMM[2]=0x0000000000000000 0x0000000000000000
XMM[3]=0x0000000000000000 0x0000000000000000
XMM[4]=0x0000000000000000 0x0000000000000000
XMM[5]=0x0000000000000000 0x0000000000000000
XMM[6]=0x0000000000000000 0x3eb6aafcbe4a01ee
XMM[7]=0x0000000000000000 0x0000000000000000
XMM[8]=0x0000000000000000 0x0000000000000000
XMM[9]=0x0000000000000000 0x0000000000000000
XMM[10]=0x0000000000000000 0x0000000000000000
XMM[11]=0x0000000000000000 0x0000000000000000
XMM[12]=0x0000000000000000 0x0000000000000000
XMM[13]=0x0000000000000000 0x0000000000000000
XMM[14]=0x0000000000000000 0x0000000000000000
XMM[15]=0x0000000000000000 0x0000000000000000
  MXCSR=0x00001fb2


Register to memory mapping:

RAX=0xffffffffffffffff is an unknown value
RBX=0x0000005ebfcfc6a0 is pointing into the stack for thread: 0x000001fc78e72b40
RCX=0xaaaaaaaaaaaaaaaa is an unknown value
RDX=0x3fffffffffffffff is an unknown value
RSP=0x0000005ebfcfc5e0 is pointing into the stack for thread: 0x000001fc78e72b40
RBP=0x0000005ebfcfc6f0 is pointing into the stack for thread: 0x000001fc78e72b40
RSI=0x000001fc45488360 points into unknown readable memory: 0x3e842635fe7aac62 | 62 ac 7a fe 35 26 84 3e
RDI=0x0000005ebfcfc6c0 is pointing into the stack for thread: 0x000001fc78e72b40
R8 =0x0 is null
R9 =0x0000000000000002 is an unknown value
R10=0x0000000000000005 is an unknown value
R11=0x5555555555555555 is an unknown value
R12=0x000000000000022b is an unknown value
R13=0x0000005ebfcfcdd0 is pointing into the stack for thread: 0x000001fc78e72b40
R14=0x0000000000000002 is an unknown value
R15=0x0000005ebfcfc7b4 is pointing into the stack for thread: 0x000001fc78e72b40

Top of Stack: (sp=0x0000005ebfcfc5e0)
0x0000005ebfcfc5e0:   000001fc47f51ea4 00007ffdd4a46e86
0x0000005ebfcfc5f0:   000001fc45488360 000001fc45486100
0x0000005ebfcfc600:   000001fc45488360 0000000000000d54
0x0000005ebfcfc610:   0000000000000000 0000000100000003
0x0000005ebfcfc620:   0000000100000001 000001fc49d94f20
0x0000005ebfcfc630:   0000005ebfcfc820 0000005ebfcfc810
0x0000005ebfcfc640:   00000000c0000000 0000000000000000
0x0000005ebfcfc650:   0000000000000000 0000000000000000
0x0000005ebfcfc660:   0000000000000000 0000000000000000
0x0000005ebfcfc670:   0000000000000000 0000000000000000
0x0000005ebfcfc680:   0000000000000000 0000000000000000
0x0000005ebfcfc690:   0000000000000000 0000000000000000
0x0000005ebfcfc6a0:   ffffffff3f3fffff ffffffffffffffff
0x0000005ebfcfc6b0:   ffffffffffffffff ffffffffffffffff
0x0000005ebfcfc6c0:   ffffffffffffffff ffffffffffffffff
0x0000005ebfcfc6d0:   ffffffffffffffff ffffffffffffffff
0x0000005ebfcfc6e0:   00007fffffffffff 0000000000000000
0x0000005ebfcfc6f0:   0000000000000000 0000000800000000
0x0000005ebfcfc700:   000001fc45488360 000001fc47f51e78
0x0000005ebfcfc710:   000000000000000c 0000005ebfcfcdd0
0x0000005ebfcfc720:   0000005ebfcfc830 00007ffdd4a45a3d
0x0000005ebfcfc730:   000001fc47f51ea4 0000005ebfcfcdd0
0x0000005ebfcfc740:   000000000000000c 0000000000000001
0x0000005ebfcfc750:   0000005ebfcfc780 0000000000000006
0x0000005ebfcfc760:   000000090000000a 000001fc47f4f968
0x0000005ebfcfc770:   000000000000000b 000001fc47f4f948
0x0000005ebfcfc780:   0000000a00000000 0000000e00000020
0x0000005ebfcfc790:   00007ffd00000000 0000000c00000000
0x0000005ebfcfc7a0:   0000000d0000000c 00007ffe00000000
0x0000005ebfcfc7b0:   000000000000000f 000001fc00000035
0x0000005ebfcfc7c0:   000000000000000a 0000000000000000
0x0000005ebfcfc7d0:   00000004000000e7 0000000100000001 

Instructions: (pc=0x00007ffdd4dabc20)
0x00007ffdd4dabb20:   20 48 2b c2 48 03 d2 48 85 d0 74 15 48 2b c2 75
0x00007ffdd4dabb30:   df 41 ff c0 45 3b c1 76 c7 32 c0 48 83 c4 20 5b
0x00007ffdd4dabb40:   c3 b0 01 48 83 c4 20 5b c3 cc cc cc cc cc cc cc
0x00007ffdd4dabb50:   8d 41 f8 83 f8 05 0f 96 c0 c3 cc cc cc cc cc cc
0x00007ffdd4dabb60:   83 c1 fc 83 f9 0a 77 2b 48 8d 15 91 44 8e ff 8b
0x00007ffdd4dabb70:   8c 8a 9c bb 71 00 48 03 ca ff e1 b8 10 00 00 00
0x00007ffdd4dabb80:   c3 b8 08 00 00 00 c3 b8 02 00 00 00 c3 b8 04 00
0x00007ffdd4dabb90:   00 00 c3 b8 01 00 00 00 c3 0f 1f 00 87 bb 71 00
0x00007ffdd4dabba0:   93 bb 71 00 87 bb 71 00 87 bb 71 00 8d bb 71 00
0x00007ffdd4dabbb0:   93 bb 71 00 87 bb 71 00 8d bb 71 00 81 bb 71 00
0x00007ffdd4dabbc0:   7b bb 71 00 87 bb 71 00 cc cc cc cc cc cc cc cc
0x00007ffdd4dabbd0:   e9 8b ff ff ff cc cc cc cc cc cc cc cc cc cc cc
0x00007ffdd4dabbe0:   40 53 44 8b ca 48 8b d9 83 fa 01 0f 84 af 00 00
0x00007ffdd4dabbf0:   00 44 8b 51 58 4c 8d 1d 34 21 37 00 41 8b c1 48
0x00007ffdd4dabc00:   89 74 24 10 48 c1 e8 02 4d 8b 1c c3 44 3b 51 5c
0x00007ffdd4dabc10:   0f 87 85 00 00 00 48 89 7c 24 18 0f 1f 44 00 00
0x00007ffdd4dabc20:   41 8b c2 48 8b 14 c3 48 8d 3c c3 33 c0 45 85 c9
0x00007ffdd4dabc30:   74 20 4d 8b c1 66 66 66 0f 1f 84 00 00 00 00 00
0x00007ffdd4dabc40:   48 8b ca 48 d1 ea 49 23 cb 48 0b c1 49 83 e8 01
0x00007ffdd4dabc50:   75 ee 48 8d 0c 00 48 0b c1 41 83 f9 02 76 2b 48
0x00007ffdd4dabc60:   8d 0c 85 00 00 00 00 48 0b c1 41 83 f9 04 76 1a
0x00007ffdd4dabc70:   48 8b c8 48 c1 e1 04 48 0b c1 41 83 f9 08 76 0a
0x00007ffdd4dabc80:   48 8b c8 48 c1 e1 08 48 0b c1 41 ff c2 48 89 07
0x00007ffdd4dabc90:   44 3b 53 5c 76 8a 48 8b 7c 24 18 48 8b 74 24 10
0x00007ffdd4dabca0:   5b c3 cc cc cc cc cc cc cc cc cc cc cc cc cc cc
0x00007ffdd4dabcb0:   48 8d 05 39 f4 23 00 48 89 01 48 8b 42 08 48 89
0x00007ffdd4dabcc0:   41 08 8b 42 10 89 41 10 48 8d 05 19 f5 23 00 48
0x00007ffdd4dabcd0:   89 01 c3 cc cc cc cc cc cc cc cc cc cc cc cc cc
0x00007ffdd4dabce0:   48 8d 05 09 f4 23 00 48 89 01 48 8b 42 08 48 89
0x00007ffdd4dabcf0:   41 08 8b 42 10 89 41 10 48 8d 05 79 20 37 00 48
0x00007ffdd4dabd00:   89 01 c3 cc cc cc cc cc cc cc cc cc cc cc cc cc
0x00007ffdd4dabd10:   48 8d 05 d9 f3 23 00 48 89 01 48 8b 42 08 48 89 


Stack slot to memory mapping:

stack at sp + 0 slots: 0x000001fc47f51ea4 points into unknown readable memory: 08 02 00 00
stack at sp + 1 slots: 0x00007ffdd4a46e86 jvm.dll
stack at sp + 2 slots: 0x000001fc45488360 points into unknown readable memory: 0x3e842635fe7aac62 | 62 ac 7a fe 35 26 84 3e
stack at sp + 3 slots: 0x000001fc45486100 points into unknown readable memory: 0x426d1a94a2002000 | 00 20 00 a2 94 1a 6d 42
stack at sp + 4 slots: 0x000001fc45488360 points into unknown readable memory: 0x3e842635fe7aac62 | 62 ac 7a fe 35 26 84 3e
stack at sp + 5 slots: 0x0000000000000d54 is an unknown value
stack at sp + 6 slots: 0x0 is null
stack at sp + 7 slots: 0x0000000100000003 is an unknown value


---------------  P R O C E S S  ---------------

Threads class SMR info:
_java_thread_list=0x000001fc452e7cd0, length=88, elements={
0x000001fc63221ea0, 0x000001fc78e323b0, 0x000001fc7760de50, 0x000001fc78e43850,
0x000001fc78e403d0, 0x000001fc78e42b30, 0x000001fc78e40a60, 0x000001fc78e72b40,
0x000001fc78e73e20, 0x000001fc78e410f0, 0x000001fc78e41780, 0x000001fc78e431c0,
0x000001fc78e41e10, 0x000001fc7c7d2a30, 0x000001fc7c7d30c0, 0x000001fc7c7d4470,
0x000001fc7c7d1d10, 0x000001fc7c7d3de0, 0x000001fc7c7d4b00, 0x000001fc7c7d5190,
0x000001fc7c7d8610, 0x000001fc7c7d78f0, 0x000001fc7c7d7f80, 0x000001fc7c7d5eb0,
0x000001fc7c7d6540, 0x000001fc7c7d6bd0, 0x000001fc457aa9d0, 0x000001fc457a9cb0,
0x000001fc457aa340, 0x000001fc457ab060, 0x000001fc457ab6f0, 0x000001fc457acaa0,
0x000001fc457abd80, 0x000001fc457a9620, 0x000001fc457af200, 0x000001fc457af890,
0x000001fc457ad7c0, 0x000001fc457aeb70, 0x000001fc457ac410, 0x000001fc457ade50,
0x000001fc457ae4e0, 0x000001fc457aff20, 0x000001fc457b05b0, 0x000001fc457ad130,
0x000001fc457b0c40, 0x000001fc7eb4dfc0, 0x000001fc7eb4fa00, 0x000001fc7eb50db0,
0x000001fc7eb4e650, 0x000001fc7eb4ece0, 0x000001fc7eb50720, 0x000001fc7eb50090,
0x000001fc7eb4f370, 0x000001fc7eb4d930, 0x000001fc7eb52e80, 0x000001fc7eb53510,
0x000001fc46a0a2f0, 0x000001fc46a0bd30, 0x000001fc46a0de00, 0x000001fc46a0b010,
0x000001fc7ed66280, 0x000001fc491b00d0, 0x000001fc491ae000, 0x000001fc46a0ca50,
0x000001fc49e6ddd0, 0x000001fc49e71250, 0x000001fc49e72600, 0x000001fc7eb53ba0,
0x000001fc7eb54f50, 0x000001fc7eb548c0, 0x000001fc7ed5f2f0, 0x000001fc7ed62770,
0x000001fc7ed606a0, 0x000001fc7ed62e00, 0x000001fc7ed5f980, 0x000001fc7ed61a50,
0x000001fc7ed641b0, 0x000001fc7ed60d30, 0x000001fc7ed613c0, 0x000001fc7ed620e0,
0x000001fc7ed65bf0, 0x000001fc7ed66910, 0x000001fc491af3b0, 0x000001fc491aed20,
0x000001fc491b0760, 0x000001fc491afa40, 0x000001fc7d84a820, 0x000001fc491b1b10
}

Java Threads: ( => current thread )
  0x000001fc63221ea0 JavaThread "main"                              [_thread_blocked, id=1340, stack(0x0000005ebf200000,0x0000005ebf300000) (1024K)]
  0x000001fc78e323b0 JavaThread "Reference Handler"          daemon [_thread_blocked, id=11792, stack(0x0000005ebf600000,0x0000005ebf700000) (1024K)]
  0x000001fc7760de50 JavaThread "Finalizer"                  daemon [_thread_blocked, id=62860, stack(0x0000005ebf700000,0x0000005ebf800000) (1024K)]
  0x000001fc78e43850 JavaThread "Signal Dispatcher"          daemon [_thread_blocked, id=45580, stack(0x0000005ebf800000,0x0000005ebf900000) (1024K)]
  0x000001fc78e403d0 JavaThread "Attach Listener"            daemon [_thread_blocked, id=70708, stack(0x0000005ebf900000,0x0000005ebfa00000) (1024K)]
  0x000001fc78e42b30 JavaThread "Service Thread"             daemon [_thread_blocked, id=41500, stack(0x0000005ebfa00000,0x0000005ebfb00000) (1024K)]
  0x000001fc78e40a60 JavaThread "Monitor Deflation Thread"   daemon [_thread_blocked, id=1724, stack(0x0000005ebfb00000,0x0000005ebfc00000) (1024K)]
=>0x000001fc78e72b40 JavaThread "C2 CompilerThread0"         daemon [_thread_in_native, id=70300, stack(0x0000005ebfc00000,0x0000005ebfd00000) (1024K)]
  0x000001fc78e73e20 JavaThread "C1 CompilerThread0"         daemon [_thread_blocked, id=68536, stack(0x0000005ebfd00000,0x0000005ebfe00000) (1024K)]
  0x000001fc78e410f0 JavaThread "Common-Cleaner"             daemon [_thread_blocked, id=29500, stack(0x0000005ebff00000,0x0000005ec0000000) (1024K)]
  0x000001fc78e41780 JavaThread "Notification Thread"        daemon [_thread_blocked, id=3548, stack(0x0000005ec0500000,0x0000005ec0600000) (1024K)]
  0x000001fc78e431c0 JavaThread "Active Thread: Equinox Container: f9d9c844-d5e9-4796-a106-ddfa417196a8"        [_thread_blocked, id=22860, stack(0x0000005ec0d00000,0x0000005ec0e00000) (1024K)]
  0x000001fc78e41e10 JavaThread "Refresh Thread: Equinox Container: f9d9c844-d5e9-4796-a106-ddfa417196a8" daemon [_thread_blocked, id=20036, stack(0x0000005ec1000000,0x0000005ec1100000) (1024K)]
  0x000001fc7c7d2a30 JavaThread "Framework Event Dispatcher: Equinox Container: f9d9c844-d5e9-4796-a106-ddfa417196a8" daemon [_thread_blocked, id=76492, stack(0x0000005ec1100000,0x0000005ec1200000) (1024K)]
  0x000001fc7c7d30c0 JavaThread "Start Level: Equinox Container: f9d9c844-d5e9-4796-a106-ddfa417196a8" daemon [_thread_blocked, id=75748, stack(0x0000005ec1200000,0x0000005ec1300000) (1024K)]
  0x000001fc7c7d4470 JavaThread "Bundle File Closer"         daemon [_thread_blocked, id=12040, stack(0x0000005ec1300000,0x0000005ec1400000) (1024K)]
  0x000001fc7c7d1d10 JavaThread "SCR Component Actor"        daemon [_thread_blocked, id=4948, stack(0x0000005ec1700000,0x0000005ec1800000) (1024K)]
  0x000001fc7c7d3de0 JavaThread "Worker-JM"                         [_thread_blocked, id=64012, stack(0x0000005ec1b00000,0x0000005ec1c00000) (1024K)]
  0x000001fc7c7d4b00 JavaThread "JNA Cleaner"                daemon [_thread_blocked, id=52528, stack(0x0000005ec1e00000,0x0000005ec1f00000) (1024K)]
  0x000001fc7c7d5190 JavaThread "Java indexing"              daemon [_thread_blocked, id=50720, stack(0x0000005ec2500000,0x0000005ec2600000) (1024K)]
  0x000001fc7c7d8610 JavaThread "Thread-2"                   daemon [_thread_in_native, id=3624, stack(0x0000005ec2e00000,0x0000005ec2f00000) (1024K)]
  0x000001fc7c7d78f0 JavaThread "Thread-3"                   daemon [_thread_in_native, id=59928, stack(0x0000005ec2f00000,0x0000005ec3000000) (1024K)]
  0x000001fc7c7d7f80 JavaThread "Thread-4"                   daemon [_thread_in_native, id=32868, stack(0x0000005ec3000000,0x0000005ec3100000) (1024K)]
  0x000001fc7c7d5eb0 JavaThread "Thread-5"                   daemon [_thread_in_native, id=77688, stack(0x0000005ec3100000,0x0000005ec3200000) (1024K)]
  0x000001fc7c7d6540 JavaThread "Thread-6"                   daemon [_thread_in_native, id=73248, stack(0x0000005ec3200000,0x0000005ec3300000) (1024K)]
  0x000001fc7c7d6bd0 JavaThread "Thread-7"                   daemon [_thread_in_native, id=69800, stack(0x0000005ec3300000,0x0000005ec3400000) (1024K)]
  0x000001fc457aa9d0 JavaThread "Thread-8"                   daemon [_thread_in_native, id=38976, stack(0x0000005ec3400000,0x0000005ec3500000) (1024K)]
  0x000001fc457a9cb0 JavaThread "Thread-9"                   daemon [_thread_in_native, id=78340, stack(0x0000005ec3500000,0x0000005ec3600000) (1024K)]
  0x000001fc457aa340 JavaThread "Thread-10"                  daemon [_thread_in_native, id=34772, stack(0x0000005ec3600000,0x0000005ec3700000) (1024K)]
  0x000001fc457ab060 JavaThread "Thread-11"                  daemon [_thread_in_native, id=26288, stack(0x0000005ec3700000,0x0000005ec3800000) (1024K)]
  0x000001fc457ab6f0 JavaThread "Thread-12"                  daemon [_thread_in_native, id=75948, stack(0x0000005ec3800000,0x0000005ec3900000) (1024K)]
  0x000001fc457acaa0 JavaThread "Thread-13"                  daemon [_thread_in_native, id=78248, stack(0x0000005ec3900000,0x0000005ec3a00000) (1024K)]
  0x000001fc457abd80 JavaThread "Thread-14"                  daemon [_thread_in_native, id=73176, stack(0x0000005ec3a00000,0x0000005ec3b00000) (1024K)]
  0x000001fc457a9620 JavaThread "Thread-15"                  daemon [_thread_in_native, id=17648, stack(0x0000005ec3b00000,0x0000005ec3c00000) (1024K)]
  0x000001fc457af200 JavaThread "Thread-16"                  daemon [_thread_in_native, id=25308, stack(0x0000005ec3c00000,0x0000005ec3d00000) (1024K)]
  0x000001fc457af890 JavaThread "Thread-17"                  daemon [_thread_in_native, id=65912, stack(0x0000005ec3d00000,0x0000005ec3e00000) (1024K)]
  0x000001fc457ad7c0 JavaThread "Thread-18"                  daemon [_thread_in_native, id=25784, stack(0x0000005ec3e00000,0x0000005ec3f00000) (1024K)]
  0x000001fc457aeb70 JavaThread "Thread-19"                  daemon [_thread_in_native, id=7540, stack(0x0000005ec3f00000,0x0000005ec4000000) (1024K)]
  0x000001fc457ac410 JavaThread "Thread-20"                  daemon [_thread_in_native, id=62424, stack(0x0000005ec4000000,0x0000005ec4100000) (1024K)]
  0x000001fc457ade50 JavaThread "Thread-21"                  daemon [_thread_in_native, id=24776, stack(0x0000005ec4100000,0x0000005ec4200000) (1024K)]
  0x000001fc457ae4e0 JavaThread "Thread-22"                  daemon [_thread_in_native, id=20880, stack(0x0000005ec4200000,0x0000005ec4300000) (1024K)]
  0x000001fc457aff20 JavaThread "Thread-23"                  daemon [_thread_in_native, id=37480, stack(0x0000005ec4300000,0x0000005ec4400000) (1024K)]
  0x000001fc457b05b0 JavaThread "Thread-24"                  daemon [_thread_in_native, id=53504, stack(0x0000005ec4400000,0x0000005ec4500000) (1024K)]
  0x000001fc457ad130 JavaThread "Thread-25"                  daemon [_thread_in_native, id=20848, stack(0x0000005ec4500000,0x0000005ec4600000) (1024K)]
  0x000001fc457b0c40 JavaThread "Thread-26"                  daemon [_thread_in_native, id=56780, stack(0x0000005ec4600000,0x0000005ec4700000) (1024K)]
  0x000001fc7eb4dfc0 JavaThread "Thread-27"                  daemon [_thread_in_native, id=9128, stack(0x0000005ec4700000,0x0000005ec4800000) (1024K)]
  0x000001fc7eb4fa00 JavaThread "Thread-28"                  daemon [_thread_in_native, id=23016, stack(0x0000005ec4800000,0x0000005ec4900000) (1024K)]
  0x000001fc7eb50db0 JavaThread "Thread-29"                  daemon [_thread_in_native, id=49352, stack(0x0000005ec4900000,0x0000005ec4a00000) (1024K)]
  0x000001fc7eb4e650 JavaThread "Thread-30"                  daemon [_thread_in_native, id=43632, stack(0x0000005ec4a00000,0x0000005ec4b00000) (1024K)]
  0x000001fc7eb4ece0 JavaThread "Thread-31"                  daemon [_thread_in_native, id=7732, stack(0x0000005ec4b00000,0x0000005ec4c00000) (1024K)]
  0x000001fc7eb50720 JavaThread "Thread-32"                  daemon [_thread_in_native, id=71936, stack(0x0000005ec4c00000,0x0000005ec4d00000) (1024K)]
  0x000001fc7eb50090 JavaThread "Thread-33"                  daemon [_thread_in_native, id=74416, stack(0x0000005ec4d00000,0x0000005ec4e00000) (1024K)]
  0x000001fc7eb4f370 JavaThread "Thread-34"                  daemon [_thread_in_native, id=11272, stack(0x0000005ec4e00000,0x0000005ec4f00000) (1024K)]
  0x000001fc7eb4d930 JavaThread "pool-2-thread-1"                   [_thread_blocked, id=64272, stack(0x0000005ec4f00000,0x0000005ec5000000) (1024K)]
  0x000001fc7eb52e80 JavaThread "WorkspaceEventsHandler"            [_thread_blocked, id=72652, stack(0x0000005ec5400000,0x0000005ec5500000) (1024K)]
  0x000001fc7eb53510 JavaThread "pool-1-thread-1"                   [_thread_blocked, id=6824, stack(0x0000005ec5500000,0x0000005ec5600000) (1024K)]
  0x000001fc46a0a2f0 JavaThread "ForkJoinPool.commonPool-worker-4" daemon [_thread_blocked, id=38464, stack(0x0000005ec0600000,0x0000005ec0700000) (1024K)]
  0x000001fc46a0bd30 JavaThread "ForkJoinPool.commonPool-worker-5" daemon [_thread_blocked, id=77428, stack(0x0000005ec0c00000,0x0000005ec0d00000) (1024K)]
  0x000001fc46a0de00 JavaThread "ForkJoinPool.commonPool-worker-8" daemon [_thread_blocked, id=5124, stack(0x0000005ec5300000,0x0000005ec5400000) (1024K)]
  0x000001fc46a0b010 JavaThread "Cleaner-0"                  daemon [_thread_blocked, id=16768, stack(0x0000005ec0100000,0x0000005ec0200000) (1024K)]
  0x000001fc7ed66280 JavaThread "ForkJoinPool.commonPool-worker-19" daemon [_thread_blocked, id=76736, stack(0x0000005ec0000000,0x0000005ec0100000) (1024K)]
  0x000001fc491b00d0 JavaThread "ForkJoinPool.commonPool-worker-20" daemon [_thread_blocked, id=46044, stack(0x0000005ebfe00000,0x0000005ebff00000) (1024K)]
  0x000001fc491ae000 JavaThread "ForkJoinPool.commonPool-worker-21" daemon [_thread_blocked, id=74600, stack(0x0000005ec0200000,0x0000005ec0300000) (1024K)]
  0x000001fc46a0ca50 JavaThread "Worker-11"                         [_thread_blocked, id=57272, stack(0x0000005ebef00000,0x0000005ebf000000) (1024K)]
  0x000001fc49e6ddd0 JavaThread "ForkJoinPool.commonPool-worker-23" daemon [_thread_blocked, id=58228, stack(0x0000005ec5d00000,0x0000005ec5e00000) (1024K)]
  0x000001fc49e71250 JavaThread "ForkJoinPool.commonPool-worker-24" daemon [_thread_blocked, id=15416, stack(0x0000005ec5e00000,0x0000005ec5f00000) (1024K)]
  0x000001fc49e72600 JavaThread "ForkJoinPool.commonPool-worker-25" daemon [_thread_blocked, id=15684, stack(0x0000005ec5f00000,0x0000005ec6000000) (1024K)]
  0x000001fc7eb53ba0 JavaThread "Worker-12"                         [_thread_blocked, id=50612, stack(0x0000005ec5600000,0x0000005ec5700000) (1024K)]
  0x000001fc7eb54f50 JavaThread "Compiler Source File Reader" daemon [_thread_blocked, id=15608, stack(0x0000005ec5200000,0x0000005ec5300000) (1024K)]
  0x000001fc7eb548c0 JavaThread "Compiler Source File Reader" daemon [_thread_blocked, id=20084, stack(0x0000005ec2d00000,0x0000005ec2e00000) (1024K)]
  0x000001fc7ed5f2f0 JavaThread "Compiler Source File Reader" daemon [_thread_blocked, id=22056, stack(0x0000005ec5900000,0x0000005ec5a00000) (1024K)]
  0x000001fc7ed62770 JavaThread "Compiler Source File Reader" daemon [_thread_blocked, id=14268, stack(0x0000005ec5800000,0x0000005ec5900000) (1024K)]
  0x000001fc7ed606a0 JavaThread "Compiler Processing Task"   daemon [_thread_blocked, id=65728, stack(0x0000005ec5a00000,0x0000005ec5b00000) (1024K)]
  0x000001fc7ed62e00 JavaThread "Worker-14"                         [_thread_blocked, id=19668, stack(0x0000005ec5b00000,0x0000005ec5c00000) (1024K)]
  0x000001fc7ed5f980 JavaThread "Compiler Source File Reader" daemon [_thread_blocked, id=65044, stack(0x0000005ebf000000,0x0000005ebf100000) (1024K)]
  0x000001fc7ed61a50 JavaThread "Compiler Source File Reader" daemon [_thread_blocked, id=54800, stack(0x0000005ec0300000,0x0000005ec0400000) (1024K)]
  0x000001fc7ed641b0 JavaThread "pool-1-thread-9"                   [_thread_blocked, id=70968, stack(0x0000005ebf100000,0x0000005ebf200000) (1024K)]
  0x000001fc7ed60d30 JavaThread "Compiler Source File Reader" daemon [_thread_blocked, id=65720, stack(0x0000005ec1800000,0x0000005ec1900000) (1024K)]
  0x000001fc7ed613c0 JavaThread "Compiler Source File Reader" daemon [_thread_blocked, id=26776, stack(0x0000005ec1f00000,0x0000005ec2000000) (1024K)]
  0x000001fc7ed620e0 JavaThread "Compiler Source File Reader" daemon [_thread_blocked, id=10500, stack(0x0000005ec2000000,0x0000005ec2100000) (1024K)]
  0x000001fc7ed65bf0 JavaThread "Compiler Source File Reader" daemon [_thread_blocked, id=25236, stack(0x0000005ec2900000,0x0000005ec2a00000) (1024K)]
  0x000001fc7ed66910 JavaThread "Compiler Source File Reader" daemon [_thread_blocked, id=68512, stack(0x0000005ec2a00000,0x0000005ec2b00000) (1024K)]
  0x000001fc491af3b0 JavaThread "Worker-15"                         [_thread_blocked, id=69896, stack(0x0000005ec5100000,0x0000005ec5200000) (1024K)]
  0x000001fc491aed20 JavaThread "Compiler Source File Reader" daemon [_thread_blocked, id=17388, stack(0x0000005ec5700000,0x0000005ec5800000) (1024K)]
  0x000001fc491b0760 JavaThread "Compiler Source File Reader" daemon [_thread_blocked, id=58088, stack(0x0000005ec5c00000,0x0000005ec5d00000) (1024K)]
  0x000001fc491afa40 JavaThread "Compiler Source File Reader" daemon [_thread_blocked, id=2708, stack(0x0000005ec2b00000,0x0000005ec2c00000) (1024K)]
  0x000001fc7d84a820 JavaThread "C1 CompilerThread1"         daemon [_thread_blocked, id=68708, stack(0x0000005ec2c00000,0x0000005ec2d00000) (1024K)]
  0x000001fc491b1b10 JavaThread "Compiler Source File Reader" daemon [_thread_blocked, id=40760, stack(0x0000005ec6000000,0x0000005ec6100000) (1024K)]
Total: 88

Other Threads:
  0x000001fc775fd7d0 VMThread "VM Thread"                           [id=66924, stack(0x0000005ebf500000,0x0000005ebf600000) (1024K)]
  0x000001fc774eca00 WatcherThread "VM Periodic Task Thread"        [id=3676, stack(0x0000005ebf400000,0x0000005ebf500000) (1024K)]
  0x000001fc632415e0 WorkerThread "GC Thread#0"                     [id=39424, stack(0x0000005ebf300000,0x0000005ebf400000) (1024K)]
  0x000001fc7c566bc0 WorkerThread "GC Thread#1"                     [id=24508, stack(0x0000005ec0700000,0x0000005ec0800000) (1024K)]
  0x000001fc7c868d80 WorkerThread "GC Thread#2"                     [id=66164, stack(0x0000005ec0800000,0x0000005ec0900000) (1024K)]
  0x000001fc7ce6acf0 WorkerThread "GC Thread#3"                     [id=67932, stack(0x0000005ec0900000,0x0000005ec0a00000) (1024K)]
  0x000001fc7d0678e0 WorkerThread "GC Thread#4"                     [id=3088, stack(0x0000005ec0a00000,0x0000005ec0b00000) (1024K)]
  0x000001fc7c698270 WorkerThread "GC Thread#5"                     [id=73160, stack(0x0000005ec0b00000,0x0000005ec0c00000) (1024K)]
  0x000001fc7cd04b30 WorkerThread "GC Thread#6"                     [id=27016, stack(0x0000005ec0e00000,0x0000005ec0f00000) (1024K)]
  0x000001fc7c8b2f80 WorkerThread "GC Thread#7"                     [id=61660, stack(0x0000005ec0f00000,0x0000005ec1000000) (1024K)]
  0x000001fc7d6d2700 WorkerThread "GC Thread#8"                     [id=53980, stack(0x0000005ec1400000,0x0000005ec1500000) (1024K)]
  0x000001fc7cf442f0 WorkerThread "GC Thread#9"                     [id=18948, stack(0x0000005ec1500000,0x0000005ec1600000) (1024K)]
  0x000001fc7cf43470 WorkerThread "GC Thread#10"                    [id=73864, stack(0x0000005ec1600000,0x0000005ec1700000) (1024K)]
  0x000001fc7cf43bb0 WorkerThread "GC Thread#11"                    [id=36348, stack(0x0000005ec1900000,0x0000005ec1a00000) (1024K)]
  0x000001fc7cf42d30 WorkerThread "GC Thread#12"                    [id=42124, stack(0x0000005ec1a00000,0x0000005ec1b00000) (1024K)]
  0x000001fc7cf43f50 WorkerThread "GC Thread#13"                    [id=27624, stack(0x0000005ec1c00000,0x0000005ec1d00000) (1024K)]
  0x000001fc7d409520 WorkerThread "GC Thread#14"                    [id=27864, stack(0x0000005ec1d00000,0x0000005ec1e00000) (1024K)]
  0x000001fc7d40a000 WorkerThread "GC Thread#15"                    [id=78300, stack(0x0000005ec2100000,0x0000005ec2200000) (1024K)]
  0x000001fc7d409180 WorkerThread "GC Thread#16"                    [id=9672, stack(0x0000005ec2200000,0x0000005ec2300000) (1024K)]
  0x000001fc7d40a740 WorkerThread "GC Thread#17"                    [id=19172, stack(0x0000005ec2300000,0x0000005ec2400000) (1024K)]
  0x000001fc7daafad0 WorkerThread "GC Thread#18"                    [id=27776, stack(0x0000005ec2400000,0x0000005ec2500000) (1024K)]
  0x000001fc7dab0cf0 WorkerThread "GC Thread#19"                    [id=19768, stack(0x0000005ec2600000,0x0000005ec2700000) (1024K)]
  0x000001fc7dab3130 WorkerThread "GC Thread#20"                    [id=32072, stack(0x0000005ec2700000,0x0000005ec2800000) (1024K)]
  0x000001fc7dab29f0 WorkerThread "GC Thread#21"                    [id=33436, stack(0x0000005ec2800000,0x0000005ec2900000) (1024K)]
  0x000001fc7dab0210 WorkerThread "GC Thread#22"                    [id=20604, stack(0x0000005ec5000000,0x0000005ec5100000) (1024K)]
Total: 25

Threads with active compile tasks:
C2 CompilerThread0  2168854 23728       4       org.eclipse.core.internal.events.ResourceComparator::compare (380 bytes)
Total: 1

VM state: not at safepoint (normal execution)

VM Mutex/Monitor currently owned by a thread: None

Heap address: 0x00000000c0000000, size: 1024 MB, Compressed Oops mode: 32-bit

CDS archive(s) mapped at: [0x000001fc00000000-0x000001fc00ba0000-0x000001fc00ba0000), size 12189696, SharedBaseAddress: 0x000001fc00000000, ArchiveRelocationMode: 1.
Compressed class space mapped at: 0x000001fc01000000-0x000001fc41000000, reserved size: 1073741824
Narrow klass base: 0x000001fc00000000, Narrow klass shift: 0, Narrow klass range: 0x100000000

GC Precious Log:
 CardTable entry size: 512
 CPUs: 32 total, 32 available
 Memory: 32472M
 Large Page Support: Disabled
 NUMA Support: Disabled
 Compressed Oops: Enabled (32-bit)
 Alignments: Space 512K, Generation 512K, Heap 2M
 Heap Min Capacity: 100M
 Heap Initial Capacity: 100M
 Heap Max Capacity: 1G
 Pre-touch: Disabled
 Parallel Workers: 23

Heap:
 PSYoungGen      total 4608K, used 2090K [0x00000000eab00000, 0x00000000eb480000, 0x0000000100000000)
  eden space 4096K, 40% used [0x00000000eab00000,0x00000000eac9aac8,0x00000000eaf00000)
  from space 512K, 87% used [0x00000000eb100000,0x00000000eb170000,0x00000000eb180000)
  to   space 1536K, 0% used [0x00000000eb300000,0x00000000eb300000,0x00000000eb480000)
 ParOldGen       total 222208K, used 222010K [0x00000000c0000000, 0x00000000cd900000, 0x00000000eab00000)
  object space 222208K, 99% used [0x00000000c0000000,0x00000000cd8ce8e0,0x00000000cd900000)
 Metaspace       used 86443K, committed 87936K, reserved 1179648K
  class space    used 8459K, committed 9216K, reserved 1048576K

Card table byte_map: [0x000001fc62bc0000,0x000001fc62dd0000] _byte_map_base: 0x000001fc625c0000

Marking Bits: (ParMarkBitMap*) 0x00007ffdd5343260
 Begin Bits: [0x000001fc75410000, 0x000001fc76410000)
 End Bits:   [0x000001fc76410000, 0x000001fc77410000)

Polling page: 0x000001fc627d0000

Metaspace:

Usage:
  Non-class:     76.16 MB used.
      Class:      8.26 MB used.
       Both:     84.42 MB used.

Virtual space:
  Non-class space:      128.00 MB reserved,      76.88 MB ( 60%) committed,  2 nodes.
      Class space:        1.00 GB reserved,       9.00 MB ( <1%) committed,  1 nodes.
             Both:        1.12 GB reserved,      85.88 MB (  7%) committed. 

Chunk freelists:
   Non-Class:  2.19 MB
       Class:  7.05 MB
        Both:  9.23 MB

MaxMetaspaceSize: unlimited
CompressedClassSpaceSize: 1.00 GB
Initial GC threshold: 21.00 MB
Current GC threshold: 142.50 MB
CDS: on
 - commit_granule_bytes: 65536.
 - commit_granule_words: 8192.
 - virtual_space_node_default_size: 8388608.
 - enlarge_chunks_in_place: 1.
 - use_allocation_guard: 0.


Internal statistics:

num_allocs_failed_limit: 9.
num_arena_births: 1620.
num_arena_deaths: 340.
num_vsnodes_births: 3.
num_vsnodes_deaths: 0.
num_space_committed: 1374.
num_space_uncommitted: 0.
num_chunks_returned_to_freelist: 407.
num_chunks_taken_from_freelist: 5875.
num_chunk_merges: 101.
num_chunk_splits: 3435.
num_chunks_enlarged: 1902.
num_inconsistent_stats: 0.

CodeHeap 'non-profiled nmethods': size=118848Kb used=18819Kb max_used=22639Kb free=100028Kb
 bounds [0x000001fc6e000000, 0x000001fc6f620000, 0x000001fc75410000]
CodeHeap 'profiled nmethods': size=118848Kb used=31380Kb max_used=49104Kb free=87467Kb
 bounds [0x000001fc66410000, 0x000001fc69410000, 0x000001fc6d820000]
CodeHeap 'non-nmethods': size=8064Kb used=2083Kb max_used=3815Kb free=5981Kb
 bounds [0x000001fc6d820000, 0x000001fc6dbf0000, 0x000001fc6e000000]
 total_blobs=15813 nmethods=14980 adapters=733
 compilation: enabled
              stopped_count=0, restarted_count=0
 full_count=0

Compilation events (20 events):
Event: 2168.727 Thread 0x000001fc7d84a820 nmethod 23723 0x000001fc669aa910 code [0x000001fc669aad60, 0x000001fc669ac878]
Event: 2168.727 Thread 0x000001fc7d84a820 23716       3       org.eclipse.jdt.internal.core.CompletionEngineProviderDiscovery::getConfigurationElement (165 bytes)
Event: 2168.727 Thread 0x000001fc78e73e20 nmethod 23715 0x000001fc66b83a90 code [0x000001fc66b83de0, 0x000001fc66b85358]
Event: 2168.727 Thread 0x000001fc78e73e20 23717       3       org.eclipse.jdt.internal.core.CompletionEngineProviderDiscovery$$Lambda/0x000001fc0182e0e0::newCompletionEngine (20 bytes)
Event: 2168.728 Thread 0x000001fc78e73e20 nmethod 23717 0x000001fc66cdfd10 code [0x000001fc66cdfec0, 0x000001fc66ce0090]
Event: 2168.728 Thread 0x000001fc78e73e20 23718       3       org.eclipse.jdt.internal.codeassist.CompletionEngine::<init> (341 bytes)
Event: 2168.728 Thread 0x000001fc7d84a820 nmethod 23716 0x000001fc66fa0a90 code [0x000001fc66fa0e80, 0x000001fc66fa3270]
Event: 2168.728 Thread 0x000001fc7d84a820 23719       3       org.eclipse.jdt.internal.codeassist.CompletionEngine$CompletionProblemFactory::<init> (26 bytes)
Event: 2168.728 Thread 0x000001fc7d84a820 nmethod 23719 0x000001fc66b80190 code [0x000001fc66b80340, 0x000001fc66b805f8]
Event: 2168.728 Thread 0x000001fc78e73e20 nmethod 23718 0x000001fc67edd890 code [0x000001fc67eddb80, 0x000001fc67edf0a8]
Event: 2168.728 Thread 0x000001fc78e73e20 23724       3       org.eclipse.jdt.internal.core.index.MemoryIndex::<init> (37 bytes)
Event: 2168.729 Thread 0x000001fc78e73e20 nmethod 23724 0x000001fc6710d910 code [0x000001fc6710dae0, 0x000001fc6710dde8]
Event: 2168.757 Thread 0x000001fc78e72b40 nmethod 23722 0x000001fc6f2fce90 code [0x000001fc6f2fd4a0, 0x000001fc6f2ffd70]
Event: 2168.757 Thread 0x000001fc78e72b40 23725       4       org.eclipse.jdt.internal.core.CompilationUnitStructureRequestor::createTypeInfo (418 bytes)
Event: 2168.784 Thread 0x000001fc78e72b40 nmethod 23725 0x000001fc6ef61f90 code [0x000001fc6ef62340, 0x000001fc6ef64718]
Event: 2168.797 Thread 0x000001fc78e72b40 23726       4       org.eclipse.jdt.internal.compiler.util.ObjectVector::addAll (77 bytes)
Event: 2168.799 Thread 0x000001fc78e72b40 nmethod 23726 0x000001fc6e691f10 code [0x000001fc6e6920c0, 0x000001fc6e692520]
Event: 2168.799 Thread 0x000001fc78e72b40 23727       4       org.eclipse.jdt.internal.compiler.flow.UnconditionalFlowInfo::unconditionalInitsWithoutSideEffect (2 bytes)
Event: 2168.799 Thread 0x000001fc78e72b40 nmethod 23727 0x000001fc6e356b10 code [0x000001fc6e356ca0, 0x000001fc6e356d28]
Event: 2168.813 Thread 0x000001fc78e72b40 23728       4       org.eclipse.core.internal.events.ResourceComparator::compare (380 bytes)

GC Heap History (20 events):
Event: 2167.161 GC heap before
{Heap before GC invocations=3184 (full 7):
 PSYoungGen      total 7168K, used 6640K [0x00000000eab00000, 0x00000000eb500000, 0x0000000100000000)
  eden space 4096K, 100% used [0x00000000eab00000,0x00000000eaf00000,0x00000000eaf00000)
  from space 3072K, 82% used [0x00000000eb200000,0x00000000eb47c000,0x00000000eb500000)
  to   space 3072K, 0% used [0x00000000eaf00000,0x00000000eaf00000,0x00000000eb200000)
 ParOldGen       total 204800K, used 204586K [0x00000000c0000000, 0x00000000cc800000, 0x00000000eab00000)
  object space 204800K, 99% used [0x00000000c0000000,0x00000000cc7cabc8,0x00000000cc800000)
 Metaspace       used 86406K, committed 87936K, reserved 1179648K
  class space    used 8459K, committed 9216K, reserved 1048576K
}
Event: 2167.163 GC heap after
{Heap after GC invocations=3184 (full 7):
 PSYoungGen      total 7168K, used 3062K [0x00000000eab00000, 0x00000000ebd00000, 0x0000000100000000)
  eden space 4096K, 0% used [0x00000000eab00000,0x00000000eab00000,0x00000000eaf00000)
  from space 3072K, 99% used [0x00000000eaf00000,0x00000000eb1fd9c8,0x00000000eb200000)
  to   space 6656K, 0% used [0x00000000eb680000,0x00000000eb680000,0x00000000ebd00000)
 ParOldGen       total 207872K, used 207555K [0x00000000c0000000, 0x00000000ccb00000, 0x00000000eab00000)
  object space 207872K, 99% used [0x00000000c0000000,0x00000000ccab0d28,0x00000000ccb00000)
 Metaspace       used 86406K, committed 87936K, reserved 1179648K
  class space    used 8459K, committed 9216K, reserved 1048576K
}
Event: 2167.433 GC heap before
{Heap before GC invocations=3185 (full 7):
 PSYoungGen      total 7168K, used 7158K [0x00000000eab00000, 0x00000000ebd00000, 0x0000000100000000)
  eden space 4096K, 100% used [0x00000000eab00000,0x00000000eaf00000,0x00000000eaf00000)
  from space 3072K, 99% used [0x00000000eaf00000,0x00000000eb1fd9c8,0x00000000eb200000)
  to   space 6656K, 0% used [0x00000000eb680000,0x00000000eb680000,0x00000000ebd00000)
 ParOldGen       total 207872K, used 207555K [0x00000000c0000000, 0x00000000ccb00000, 0x00000000eab00000)
  object space 207872K, 99% used [0x00000000c0000000,0x00000000ccab0d28,0x00000000ccb00000)
 Metaspace       used 86410K, committed 87936K, reserved 1179648K
  class space    used 8459K, committed 9216K, reserved 1048576K
}
Event: 2167.434 GC heap after
{Heap after GC invocations=3185 (full 7):
 PSYoungGen      total 5120K, used 736K [0x00000000eab00000, 0x00000000eb780000, 0x0000000100000000)
  eden space 4096K, 0% used [0x00000000eab00000,0x00000000eab00000,0x00000000eaf00000)
  from space 1024K, 71% used [0x00000000eb680000,0x00000000eb738000,0x00000000eb780000)
  to   space 3072K, 0% used [0x00000000eb180000,0x00000000eb180000,0x00000000eb480000)
 ParOldGen       total 207872K, used 207752K [0x00000000c0000000, 0x00000000ccb00000, 0x00000000eab00000)
  object space 207872K, 99% used [0x00000000c0000000,0x00000000ccae20a0,0x00000000ccb00000)
 Metaspace       used 86410K, committed 87936K, reserved 1179648K
  class space    used 8459K, committed 9216K, reserved 1048576K
}
Event: 2167.723 GC heap before
{Heap before GC invocations=3186 (full 7):
 PSYoungGen      total 5120K, used 4832K [0x00000000eab00000, 0x00000000eb780000, 0x0000000100000000)
  eden space 4096K, 100% used [0x00000000eab00000,0x00000000eaf00000,0x00000000eaf00000)
  from space 1024K, 71% used [0x00000000eb680000,0x00000000eb738000,0x00000000eb780000)
  to   space 3072K, 0% used [0x00000000eb180000,0x00000000eb180000,0x00000000eb480000)
 ParOldGen       total 207872K, used 207752K [0x00000000c0000000, 0x00000000ccb00000, 0x00000000eab00000)
  object space 207872K, 99% used [0x00000000c0000000,0x00000000ccae20a0,0x00000000ccb00000)
 Metaspace       used 86410K, committed 87936K, reserved 1179648K
  class space    used 8459K, committed 9216K, reserved 1048576K
}
Event: 2167.724 GC heap after
{Heap after GC invocations=3186 (full 7):
 PSYoungGen      total 7168K, used 416K [0x00000000eab00000, 0x00000000eb700000, 0x0000000100000000)
  eden space 4096K, 0% used [0x00000000eab00000,0x00000000eab00000,0x00000000eaf00000)
  from space 3072K, 13% used [0x00000000eb180000,0x00000000eb1e8000,0x00000000eb480000)
  to   space 1024K, 0% used [0x00000000eb600000,0x00000000eb600000,0x00000000eb700000)
 ParOldGen       total 208384K, used 208077K [0x00000000c0000000, 0x00000000ccb80000, 0x00000000eab00000)
  object space 208384K, 99% used [0x00000000c0000000,0x00000000ccb33418,0x00000000ccb80000)
 Metaspace       used 86410K, committed 87936K, reserved 1179648K
  class space    used 8459K, committed 9216K, reserved 1048576K
}
Event: 2168.022 GC heap before
{Heap before GC invocations=3187 (full 7):
 PSYoungGen      total 7168K, used 4511K [0x00000000eab00000, 0x00000000eb700000, 0x0000000100000000)
  eden space 4096K, 99% used [0x00000000eab00000,0x00000000eaeffff0,0x00000000eaf00000)
  from space 3072K, 13% used [0x00000000eb180000,0x00000000eb1e8000,0x00000000eb480000)
  to   space 1024K, 0% used [0x00000000eb600000,0x00000000eb600000,0x00000000eb700000)
 ParOldGen       total 208384K, used 208077K [0x00000000c0000000, 0x00000000ccb80000, 0x00000000eab00000)
  object space 208384K, 99% used [0x00000000c0000000,0x00000000ccb33418,0x00000000ccb80000)
 Metaspace       used 86410K, committed 87936K, reserved 1179648K
  class space    used 8459K, committed 9216K, reserved 1048576K
}
Event: 2168.024 GC heap after
{Heap after GC invocations=3187 (full 7):
 PSYoungGen      total 4608K, used 512K [0x00000000eab00000, 0x00000000eb680000, 0x0000000100000000)
  eden space 4096K, 0% used [0x00000000eab00000,0x00000000eab00000,0x00000000eaf00000)
  from space 512K, 100% used [0x00000000eb600000,0x00000000eb680000,0x00000000eb680000)
  to   space 1024K, 0% used [0x00000000eb480000,0x00000000eb480000,0x00000000eb580000)
 ParOldGen       total 208384K, used 208255K [0x00000000c0000000, 0x00000000ccb80000, 0x00000000eab00000)
  object space 208384K, 99% used [0x00000000c0000000,0x00000000ccb5fd28,0x00000000ccb80000)
 Metaspace       used 86410K, committed 87936K, reserved 1179648K
  class space    used 8459K, committed 9216K, reserved 1048576K
}
Event: 2168.125 GC heap before
{Heap before GC invocations=3188 (full 7):
 PSYoungGen      total 4608K, used 4608K [0x00000000eab00000, 0x00000000eb680000, 0x0000000100000000)
  eden space 4096K, 100% used [0x00000000eab00000,0x00000000eaf00000,0x00000000eaf00000)
  from space 512K, 100% used [0x00000000eb600000,0x00000000eb680000,0x00000000eb680000)
  to   space 1024K, 0% used [0x00000000eb480000,0x00000000eb480000,0x00000000eb580000)
 ParOldGen       total 208384K, used 208255K [0x00000000c0000000, 0x00000000ccb80000, 0x00000000eab00000)
  object space 208384K, 99% used [0x00000000c0000000,0x00000000ccb5fd28,0x00000000ccb80000)
 Metaspace       used 86410K, committed 87936K, reserved 1179648K
  class space    used 8459K, committed 9216K, reserved 1048576K
}
Event: 2168.126 GC heap after
{Heap after GC invocations=3188 (full 7):
 PSYoungGen      total 5120K, used 560K [0x00000000eab00000, 0x00000000eb680000, 0x0000000100000000)
  eden space 4096K, 0% used [0x00000000eab00000,0x00000000eab00000,0x00000000eaf00000)
  from space 1024K, 54% used [0x00000000eb480000,0x00000000eb50c010,0x00000000eb580000)
  to   space 1024K, 0% used [0x00000000eb580000,0x00000000eb580000,0x00000000eb680000)
 ParOldGen       total 208896K, used 208620K [0x00000000c0000000, 0x00000000ccc00000, 0x00000000eab00000)
  object space 208896K, 99% used [0x00000000c0000000,0x00000000ccbbb0a0,0x00000000ccc00000)
 Metaspace       used 86410K, committed 87936K, reserved 1179648K
  class space    used 8459K, committed 9216K, reserved 1048576K
}
Event: 2168.692 GC heap before
{Heap before GC invocations=3189 (full 7):
 PSYoungGen      total 5120K, used 4656K [0x00000000eab00000, 0x00000000eb680000, 0x0000000100000000)
  eden space 4096K, 100% used [0x00000000eab00000,0x00000000eaf00000,0x00000000eaf00000)
  from space 1024K, 54% used [0x00000000eb480000,0x00000000eb50c010,0x00000000eb580000)
  to   space 1024K, 0% used [0x00000000eb580000,0x00000000eb580000,0x00000000eb680000)
 ParOldGen       total 208896K, used 208620K [0x00000000c0000000, 0x00000000ccc00000, 0x00000000eab00000)
  object space 208896K, 99% used [0x00000000c0000000,0x00000000ccbbb0a0,0x00000000ccc00000)
 Metaspace       used 86413K, committed 87936K, reserved 1179648K
  class space    used 8459K, committed 9216K, reserved 1048576K
}
Event: 2168.693 GC heap after
{Heap after GC invocations=3189 (full 7):
 PSYoungGen      total 5120K, used 1012K [0x00000000eab00000, 0x00000000eb680000, 0x0000000100000000)
  eden space 4096K, 0% used [0x00000000eab00000,0x00000000eab00000,0x00000000eaf00000)
  from space 1024K, 98% used [0x00000000eb580000,0x00000000eb67d030,0x00000000eb680000)
  to   space 1536K, 0% used [0x00000000eb380000,0x00000000eb380000,0x00000000eb500000)
 ParOldGen       total 209408K, used 208932K [0x00000000c0000000, 0x00000000ccc80000, 0x00000000eab00000)
  object space 209408K, 99% used [0x00000000c0000000,0x00000000ccc090a0,0x00000000ccc80000)
 Metaspace       used 86413K, committed 87936K, reserved 1179648K
  class space    used 8459K, committed 9216K, reserved 1048576K
}
Event: 2168.696 GC heap before
{Heap before GC invocations=3190 (full 7):
 PSYoungGen      total 5120K, used 5108K [0x00000000eab00000, 0x00000000eb680000, 0x0000000100000000)
  eden space 4096K, 100% used [0x00000000eab00000,0x00000000eaf00000,0x00000000eaf00000)
  from space 1024K, 98% used [0x00000000eb580000,0x00000000eb67d030,0x00000000eb680000)
  to   space 1536K, 0% used [0x00000000eb380000,0x00000000eb380000,0x00000000eb500000)
 ParOldGen       total 209408K, used 208932K [0x00000000c0000000, 0x00000000ccc80000, 0x00000000eab00000)
  object space 209408K, 99% used [0x00000000c0000000,0x00000000ccc090a0,0x00000000ccc80000)
 Metaspace       used 86413K, committed 87936K, reserved 1179648K
  class space    used 8459K, committed 9216K, reserved 1048576K
}
Event: 2168.698 GC heap after
{Heap after GC invocations=3190 (full 7):
 PSYoungGen      total 5632K, used 1536K [0x00000000eab00000, 0x00000000ebb00000, 0x0000000100000000)
  eden space 4096K, 0% used [0x00000000eab00000,0x00000000eab00000,0x00000000eaf00000)
  from space 1536K, 100% used [0x00000000eb380000,0x00000000eb500000,0x00000000eb500000)
  to   space 6144K, 0% used [0x00000000eb500000,0x00000000eb500000,0x00000000ebb00000)
 ParOldGen       total 212480K, used 212376K [0x00000000c0000000, 0x00000000ccf80000, 0x00000000eab00000)
  object space 212480K, 99% used [0x00000000c0000000,0x00000000ccf660f0,0x00000000ccf80000)
 Metaspace       used 86413K, committed 87936K, reserved 1179648K
  class space    used 8459K, committed 9216K, reserved 1048576K
}
Event: 2168.707 GC heap before
{Heap before GC invocations=3191 (full 7):
 PSYoungGen      total 5632K, used 5632K [0x00000000eab00000, 0x00000000ebb00000, 0x0000000100000000)
  eden space 4096K, 100% used [0x00000000eab00000,0x00000000eaf00000,0x00000000eaf00000)
  from space 1536K, 100% used [0x00000000eb380000,0x00000000eb500000,0x00000000eb500000)
  to   space 6144K, 0% used [0x00000000eb500000,0x00000000eb500000,0x00000000ebb00000)
 ParOldGen       total 212480K, used 212376K [0x00000000c0000000, 0x00000000ccf80000, 0x00000000eab00000)
  object space 212480K, 99% used [0x00000000c0000000,0x00000000ccf660f0,0x00000000ccf80000)
 Metaspace       used 86413K, committed 87936K, reserved 1179648K
  class space    used 8459K, committed 9216K, reserved 1048576K
}
Event: 2168.709 GC heap after
{Heap after GC invocations=3191 (full 7):
 PSYoungGen      total 7680K, used 3132K [0x00000000eab00000, 0x00000000eb880000, 0x0000000100000000)
  eden space 4096K, 0% used [0x00000000eab00000,0x00000000eab00000,0x00000000eaf00000)
  from space 3584K, 87% used [0x00000000eb500000,0x00000000eb80f250,0x00000000eb880000)
  to   space 4096K, 0% used [0x00000000eb080000,0x00000000eb080000,0x00000000eb480000)
 ParOldGen       total 214016K, used 213984K [0x00000000c0000000, 0x00000000cd100000, 0x00000000eab00000)
  object space 214016K, 99% used [0x00000000c0000000,0x00000000cd0f80f0,0x00000000cd100000)
 Metaspace       used 86413K, committed 87936K, reserved 1179648K
  class space    used 8459K, committed 9216K, reserved 1048576K
}
Event: 2168.729 GC heap before
{Heap before GC invocations=3192 (full 7):
 PSYoungGen      total 7680K, used 7228K [0x00000000eab00000, 0x00000000eb880000, 0x0000000100000000)
  eden space 4096K, 99% used [0x00000000eab00000,0x00000000eaefffe8,0x00000000eaf00000)
  from space 3584K, 87% used [0x00000000eb500000,0x00000000eb80f250,0x00000000eb880000)
  to   space 4096K, 0% used [0x00000000eb080000,0x00000000eb080000,0x00000000eb480000)
 ParOldGen       total 214016K, used 213984K [0x00000000c0000000, 0x00000000cd100000, 0x00000000eab00000)
  object space 214016K, 99% used [0x00000000c0000000,0x00000000cd0f80f0,0x00000000cd100000)
 Metaspace       used 86441K, committed 87936K, reserved 1179648K
  class space    used 8459K, committed 9216K, reserved 1048576K
}
Event: 2168.732 GC heap after
{Heap after GC invocations=3192 (full 7):
 PSYoungGen      total 7680K, used 3472K [0x00000000eab00000, 0x00000000eb600000, 0x0000000100000000)
  eden space 4096K, 0% used [0x00000000eab00000,0x00000000eab00000,0x00000000eaf00000)
  from space 3584K, 96% used [0x00000000eb080000,0x00000000eb3e4000,0x00000000eb400000)
  to   space 2048K, 0% used [0x00000000eb400000,0x00000000eb400000,0x00000000eb600000)
 ParOldGen       total 217088K, used 216860K [0x00000000c0000000, 0x00000000cd400000, 0x00000000eab00000)
  object space 217088K, 99% used [0x00000000c0000000,0x00000000cd3c7340,0x00000000cd400000)
 Metaspace       used 86441K, committed 87936K, reserved 1179648K
  class space    used 8459K, committed 9216K, reserved 1048576K
}
Event: 2168.793 GC heap before
{Heap before GC invocations=3193 (full 7):
 PSYoungGen      total 7680K, used 7544K [0x00000000eab00000, 0x00000000eb600000, 0x0000000100000000)
  eden space 4096K, 99% used [0x00000000eab00000,0x00000000eaefa080,0x00000000eaf00000)
  from space 3584K, 96% used [0x00000000eb080000,0x00000000eb3e4000,0x00000000eb400000)
  to   space 2048K, 0% used [0x00000000eb400000,0x00000000eb400000,0x00000000eb600000)
 ParOldGen       total 217088K, used 216860K [0x00000000c0000000, 0x00000000cd400000, 0x00000000eab00000)
  object space 217088K, 99% used [0x00000000c0000000,0x00000000cd3c7340,0x00000000cd400000)
 Metaspace       used 86441K, committed 87936K, reserved 1179648K
  class space    used 8459K, committed 9216K, reserved 1048576K
}
Event: 2168.795 GC heap after
{Heap after GC invocations=3193 (full 7):
 PSYoungGen      total 6144K, used 1782K [0x00000000eab00000, 0x00000000eb600000, 0x0000000100000000)
  eden space 4096K, 0% used [0x00000000eab00000,0x00000000eab00000,0x00000000eaf00000)
  from space 2048K, 87% used [0x00000000eb400000,0x00000000eb5bda20,0x00000000eb600000)
  to   space 2560K, 0% used [0x00000000eb100000,0x00000000eb100000,0x00000000eb380000)
 ParOldGen       total 222208K, used 221882K [0x00000000c0000000, 0x00000000cd900000, 0x00000000eab00000)
  object space 222208K, 99% used [0x00000000c0000000,0x00000000cd8ae8e0,0x00000000cd900000)
 Metaspace       used 86441K, committed 87936K, reserved 1179648K
  class space    used 8459K, committed 9216K, reserved 1048576K
}

Dll operation events (12 events):
Event: 0.005 Loaded shared library c:\Users\autot\.vscode\extensions\redhat.java-1.40.0-win32-x64\jre\21.0.6-win32-x86_64\bin\java.dll
Event: 0.038 Loaded shared library c:\Users\autot\.vscode\extensions\redhat.java-1.40.0-win32-x64\jre\21.0.6-win32-x86_64\bin\zip.dll
Event: 0.048 Loaded shared library C:\Users\autot\.vscode\extensions\redhat.java-1.40.0-win32-x64\jre\21.0.6-win32-x86_64\bin\instrument.dll
Event: 0.050 Loaded shared library C:\Users\autot\.vscode\extensions\redhat.java-1.40.0-win32-x64\jre\21.0.6-win32-x86_64\bin\net.dll
Event: 0.051 Loaded shared library C:\Users\autot\.vscode\extensions\redhat.java-1.40.0-win32-x64\jre\21.0.6-win32-x86_64\bin\nio.dll
Event: 0.053 Loaded shared library C:\Users\autot\.vscode\extensions\redhat.java-1.40.0-win32-x64\jre\21.0.6-win32-x86_64\bin\zip.dll
Event: 0.061 Loaded shared library C:\Users\autot\.vscode\extensions\redhat.java-1.40.0-win32-x64\jre\21.0.6-win32-x86_64\bin\jimage.dll
Event: 0.100 Loaded shared library c:\Users\autot\.vscode\extensions\redhat.java-1.40.0-win32-x64\jre\21.0.6-win32-x86_64\bin\verify.dll
Event: 0.763 Loaded shared library C:\Users\autot\AppData\Roaming\Code\User\globalStorage\redhat.java\1.40.0\config_win\org.eclipse.equinox.launcher\org.eclipse.equinox.launcher.win32.win32.x86_64_1.2.1200.v20250212-0927\eclipse_11909.dll
Event: 1.598 Loaded shared library C:\Users\autot\AppData\Local\Temp\jna-93182117\jna9186508367470841159.dll
Event: 318.234 Loaded shared library C:\Users\autot\.vscode\extensions\redhat.java-1.40.0-win32-x64\jre\21.0.6-win32-x86_64\bin\sunmscapi.dll
Event: 318.256 Loaded shared library C:\Users\autot\.vscode\extensions\redhat.java-1.40.0-win32-x64\jre\21.0.6-win32-x86_64\bin\extnet.dll

Deoptimization events (20 events):
Event: 2118.343 Thread 0x000001fc46a0ca50 Uncommon trap: trap_request=0xffffffde fr.pc=0x000001fc6f5d6604 relative=0x0000000000000204
Event: 2118.343 Thread 0x000001fc46a0ca50 Uncommon trap: reason=class_check action=maybe_recompile pc=0x000001fc6f5d6604 method=org.eclipse.jdt.internal.compiler.lookup.Scope.getTypeOrPackage([[C)Lorg/eclipse/jdt/internal/compiler/lookup/Binding; @ 194 c2
Event: 2118.343 Thread 0x000001fc46a0ca50 DEOPT PACKING pc=0x000001fc6f5d6604 sp=0x0000005ebeffd670
Event: 2118.343 Thread 0x000001fc46a0ca50 DEOPT UNPACKING pc=0x000001fc6d873aa2 sp=0x0000005ebeffd5e0 mode 2
Event: 2163.731 Thread 0x000001fc7eb53510 Uncommon trap: trap_request=0xffffffde fr.pc=0x000001fc6ebf2168 relative=0x0000000000003108
Event: 2163.731 Thread 0x000001fc7eb53510 Uncommon trap: reason=class_check action=maybe_recompile pc=0x000001fc6ebf2168 method=org.eclipse.jdt.internal.core.NameLookup.getModuleDescription(Lorg/eclipse/jdt/internal/core/JavaProject;Lorg/eclipse/jdt/core/IPackageFragmentRoot;Ljava/util/Map;Ljava/
Event: 2163.731 Thread 0x000001fc7eb53510 DEOPT PACKING pc=0x000001fc6ebf2168 sp=0x0000005ec55fdb50
Event: 2163.731 Thread 0x000001fc7eb53510 DEOPT UNPACKING pc=0x000001fc6d873aa2 sp=0x0000005ec55fda50 mode 2
Event: 2163.731 Thread 0x000001fc7eb53510 Uncommon trap: trap_request=0xffffffde fr.pc=0x000001fc6ef1b83c relative=0x000000000000043c
Event: 2163.731 Thread 0x000001fc7eb53510 Uncommon trap: reason=class_check action=maybe_recompile pc=0x000001fc6ef1b83c method=java.util.regex.Pattern$BnM.match(Ljava/util/regex/Matcher;ILjava/lang/CharSequence;)Z @ 111 c2
Event: 2163.731 Thread 0x000001fc7eb53510 DEOPT PACKING pc=0x000001fc6ef1b83c sp=0x0000005ec55fe910
Event: 2163.731 Thread 0x000001fc7eb53510 DEOPT UNPACKING pc=0x000001fc6d873aa2 sp=0x0000005ec55fe890 mode 2
Event: 2167.468 Thread 0x000001fc7ed62e00 Uncommon trap: trap_request=0xffffff45 fr.pc=0x000001fc6e7a57b4 relative=0x0000000000000094
Event: 2167.468 Thread 0x000001fc7ed62e00 Uncommon trap: reason=unstable_if action=reinterpret pc=0x000001fc6e7a57b4 method=org.eclipse.jdt.internal.compiler.parser.Scanner.maybeAtReferenceExpression()Z @ 46 c2
Event: 2167.468 Thread 0x000001fc7ed62e00 DEOPT PACKING pc=0x000001fc6e7a57b4 sp=0x0000005ec5bfeb90
Event: 2167.468 Thread 0x000001fc7ed62e00 DEOPT UNPACKING pc=0x000001fc6d873aa2 sp=0x0000005ec5bfeb28 mode 2
Event: 2167.468 Thread 0x000001fc7ed62e00 Uncommon trap: trap_request=0xffffff45 fr.pc=0x000001fc6e3608cc relative=0x000000000000030c
Event: 2167.468 Thread 0x000001fc7ed62e00 Uncommon trap: reason=unstable_if action=reinterpret pc=0x000001fc6e3608cc method=org.eclipse.jdt.internal.compiler.parser.Scanner.disambiguatedToken(ILorg/eclipse/jdt/internal/compiler/parser/Scanner;)I @ 141 c2
Event: 2167.468 Thread 0x000001fc7ed62e00 DEOPT PACKING pc=0x000001fc6e3608cc sp=0x0000005ec5bfebc0
Event: 2167.468 Thread 0x000001fc7ed62e00 DEOPT UNPACKING pc=0x000001fc6d873aa2 sp=0x0000005ec5bfeb50 mode 2

Classes loaded (20 events):
Event: 409.878 Loading class java/util/stream/SpinedBuffer$OfInt done
Event: 409.879 Loading class java/util/stream/Nodes$IntSpinedNodeBuilder done
Event: 409.879 Loading class java/util/stream/IntPipeline$10$1
Event: 409.879 Loading class java/util/stream/IntPipeline$10$1 done
Event: 471.945 Loading class java/nio/channels/CompletionHandler
Event: 471.945 Loading class java/nio/channels/CompletionHandler done
Event: 1233.331 Loading class sun/net/www/http/HttpCapture
Event: 1233.332 Loading class sun/net/www/http/HttpCapture done
Event: 1233.332 Loading class sun/net/www/http/HttpCapture$1
Event: 1233.332 Loading class sun/net/www/http/HttpCapture$1 done
Event: 1233.456 Loading class sun/net/www/protocol/http/EmptyInputStream
Event: 1233.456 Loading class sun/net/www/protocol/http/EmptyInputStream done
Event: 1841.431 Loading class java/util/AbstractList$SubList
Event: 1841.431 Loading class java/util/AbstractList$SubList done
Event: 1943.899 Loading class java/util/stream/ReduceOps$5
Event: 1943.899 Loading class java/util/stream/ReduceOps$5 done
Event: 1943.900 Loading class java/util/stream/ReduceOps$CountingSink$OfRef
Event: 1943.900 Loading class java/util/stream/ReduceOps$CountingSink
Event: 1943.900 Loading class java/util/stream/ReduceOps$CountingSink done
Event: 1943.900 Loading class java/util/stream/ReduceOps$CountingSink$OfRef done

Classes unloaded (20 events):
Event: 1786.871 Thread 0x000001fc775fd7d0 Unloading class 0x000001fc011c9400 'java/lang/invoke/LambdaForm$BMH+0x000001fc011c9400'
Event: 1786.871 Thread 0x000001fc775fd7d0 Unloading class 0x000001fc01195800 'java/lang/invoke/LambdaForm$MH+0x000001fc01195800'
Event: 1786.871 Thread 0x000001fc775fd7d0 Unloading class 0x000001fc01195400 'java/lang/invoke/LambdaForm$MH+0x000001fc01195400'
Event: 1786.871 Thread 0x000001fc775fd7d0 Unloading class 0x000001fc01192800 'java/lang/invoke/LambdaForm$MH+0x000001fc01192800'
Event: 1786.871 Thread 0x000001fc775fd7d0 Unloading class 0x000001fc01169400 'java/lang/invoke/LambdaForm$MH+0x000001fc01169400'
Event: 1786.871 Thread 0x000001fc775fd7d0 Unloading class 0x000001fc01168c00 'java/lang/invoke/LambdaForm$MH+0x000001fc01168c00'
Event: 1786.871 Thread 0x000001fc775fd7d0 Unloading class 0x000001fc01168800 'java/lang/invoke/LambdaForm$MH+0x000001fc01168800'
Event: 1786.871 Thread 0x000001fc775fd7d0 Unloading class 0x000001fc01167800 'java/lang/invoke/LambdaForm$MH+0x000001fc01167800'
Event: 1786.871 Thread 0x000001fc775fd7d0 Unloading class 0x000001fc01167400 'java/lang/invoke/LambdaForm$MH+0x000001fc01167400'
Event: 1786.871 Thread 0x000001fc775fd7d0 Unloading class 0x000001fc01166c00 'java/lang/invoke/LambdaForm$MH+0x000001fc01166c00'
Event: 1786.871 Thread 0x000001fc775fd7d0 Unloading class 0x000001fc01166400 'java/lang/invoke/LambdaForm$MH+0x000001fc01166400'
Event: 1786.871 Thread 0x000001fc775fd7d0 Unloading class 0x000001fc01165c00 'java/lang/invoke/LambdaForm$MH+0x000001fc01165c00'
Event: 1786.871 Thread 0x000001fc775fd7d0 Unloading class 0x000001fc01165800 'java/lang/invoke/LambdaForm$MH+0x000001fc01165800'
Event: 1786.871 Thread 0x000001fc775fd7d0 Unloading class 0x000001fc01165400 'java/lang/invoke/LambdaForm$MH+0x000001fc01165400'
Event: 1786.871 Thread 0x000001fc775fd7d0 Unloading class 0x000001fc01165000 'java/lang/invoke/LambdaForm$MH+0x000001fc01165000'
Event: 1786.871 Thread 0x000001fc775fd7d0 Unloading class 0x000001fc01164800 'java/lang/invoke/LambdaForm$MH+0x000001fc01164800'
Event: 1786.871 Thread 0x000001fc775fd7d0 Unloading class 0x000001fc01164400 'java/lang/invoke/LambdaForm$MH+0x000001fc01164400'
Event: 1786.871 Thread 0x000001fc775fd7d0 Unloading class 0x000001fc01164000 'java/lang/invoke/LambdaForm$MH+0x000001fc01164000'
Event: 1786.871 Thread 0x000001fc775fd7d0 Unloading class 0x000001fc01089400 'java/lang/invoke/LambdaForm$MH+0x000001fc01089400'
Event: 1786.871 Thread 0x000001fc775fd7d0 Unloading class 0x000001fc01000400 'java/lang/invoke/LambdaForm$MH+0x000001fc01000400'

Classes redefined (0 events):
No events

Internal exceptions (20 events):
Event: 2081.802 Thread 0x000001fc7c7d5190 Exception <a 'sun/nio/fs/WindowsException'{0x00000000eab31e40}> (0x00000000eab31e40) 
thrown [s\src\hotspot\share\prims\jni.cpp, line 520]
Event: 2081.839 Thread 0x000001fc7c7d5190 Exception <a 'sun/nio/fs/WindowsException'{0x00000000eab952a0}> (0x00000000eab952a0) 
thrown [s\src\hotspot\share\prims\jni.cpp, line 520]
Event: 2083.967 Thread 0x000001fc7c7d5190 Exception <a 'sun/nio/fs/WindowsException'{0x00000000eabdde40}> (0x00000000eabdde40) 
thrown [s\src\hotspot\share\prims\jni.cpp, line 520]
Event: 2084.007 Thread 0x000001fc7c7d5190 Exception <a 'sun/nio/fs/WindowsException'{0x00000000eababee0}> (0x00000000eababee0) 
thrown [s\src\hotspot\share\prims\jni.cpp, line 520]
Event: 2085.338 Thread 0x000001fc7c7d5190 Exception <a 'sun/nio/fs/WindowsException'{0x00000000eac81ed0}> (0x00000000eac81ed0) 
thrown [s\src\hotspot\share\prims\jni.cpp, line 520]
Event: 2085.375 Thread 0x000001fc7c7d5190 Exception <a 'sun/nio/fs/WindowsException'{0x00000000eadc30c0}> (0x00000000eadc30c0) 
thrown [s\src\hotspot\share\prims\jni.cpp, line 520]
Event: 2109.054 Thread 0x000001fc7c7d5190 Exception <a 'sun/nio/fs/WindowsException'{0x00000000eac17318}> (0x00000000eac17318) 
thrown [s\src\hotspot\share\prims\jni.cpp, line 520]
Event: 2109.100 Thread 0x000001fc7c7d5190 Exception <a 'sun/nio/fs/WindowsException'{0x00000000eab6b4e8}> (0x00000000eab6b4e8) 
thrown [s\src\hotspot\share\prims\jni.cpp, line 520]
Event: 2111.050 Thread 0x000001fc7c7d5190 Exception <a 'sun/nio/fs/WindowsException'{0x00000000eae19ba8}> (0x00000000eae19ba8) 
thrown [s\src\hotspot\share\prims\jni.cpp, line 520]
Event: 2111.093 Thread 0x000001fc7c7d5190 Exception <a 'sun/nio/fs/WindowsException'{0x00000000eac65d58}> (0x00000000eac65d58) 
thrown [s\src\hotspot\share\prims\jni.cpp, line 520]
Event: 2115.024 Thread 0x000001fc7c7d5190 Exception <a 'sun/nio/fs/WindowsException'{0x00000000ead674c8}> (0x00000000ead674c8) 
thrown [s\src\hotspot\share\prims\jni.cpp, line 520]
Event: 2115.070 Thread 0x000001fc7c7d5190 Exception <a 'sun/nio/fs/WindowsException'{0x00000000ead020b0}> (0x00000000ead020b0) 
thrown [s\src\hotspot\share\prims\jni.cpp, line 520]
Event: 2116.855 Thread 0x000001fc7c7d5190 Exception <a 'sun/nio/fs/WindowsException'{0x00000000eab67bc0}> (0x00000000eab67bc0) 
thrown [s\src\hotspot\share\prims\jni.cpp, line 520]
Event: 2116.898 Thread 0x000001fc7c7d5190 Exception <a 'sun/nio/fs/WindowsException'{0x00000000eab96288}> (0x00000000eab96288) 
thrown [s\src\hotspot\share\prims\jni.cpp, line 520]
Event: 2118.895 Thread 0x000001fc7c7d5190 Exception <a 'sun/nio/fs/WindowsException'{0x00000000eabcb7b0}> (0x00000000eabcb7b0) 
thrown [s\src\hotspot\share\prims\jni.cpp, line 520]
Event: 2118.927 Thread 0x000001fc7c7d5190 Exception <a 'sun/nio/fs/WindowsException'{0x00000000eab954d8}> (0x00000000eab954d8) 
thrown [s\src\hotspot\share\prims\jni.cpp, line 520]
Event: 2167.068 Thread 0x000001fc7c7d5190 Exception <a 'sun/nio/fs/WindowsException'{0x00000000eac1bc90}> (0x00000000eac1bc90) 
thrown [s\src\hotspot\share\prims\jni.cpp, line 520]
Event: 2167.116 Thread 0x000001fc7c7d5190 Exception <a 'sun/nio/fs/WindowsException'{0x00000000eade96a8}> (0x00000000eade96a8) 
thrown [s\src\hotspot\share\prims\jni.cpp, line 520]
Event: 2168.690 Thread 0x000001fc7c7d5190 Exception <a 'sun/nio/fs/WindowsException'{0x00000000eadeed78}> (0x00000000eadeed78) 
thrown [s\src\hotspot\share\prims\jni.cpp, line 520]
Event: 2168.728 Thread 0x000001fc7c7d5190 Exception <a 'sun/nio/fs/WindowsException'{0x00000000eae2f0b0}> (0x00000000eae2f0b0) 
thrown [s\src\hotspot\share\prims\jni.cpp, line 520]

ZGC Phase Switch (0 events):
No events

VM Operations (20 events):
Event: 2167.161 Executing VM operation: ParallelGCFailedAllocation (Allocation Failure)
Event: 2167.163 Executing VM operation: ParallelGCFailedAllocation (Allocation Failure) done
Event: 2167.433 Executing VM operation: ParallelGCFailedAllocation (Allocation Failure)
Event: 2167.434 Executing VM operation: ParallelGCFailedAllocation (Allocation Failure) done
Event: 2167.723 Executing VM operation: ParallelGCFailedAllocation (Allocation Failure)
Event: 2167.724 Executing VM operation: ParallelGCFailedAllocation (Allocation Failure) done
Event: 2168.022 Executing VM operation: ParallelGCFailedAllocation (Allocation Failure)
Event: 2168.024 Executing VM operation: ParallelGCFailedAllocation (Allocation Failure) done
Event: 2168.125 Executing VM operation: ParallelGCFailedAllocation (Allocation Failure)
Event: 2168.126 Executing VM operation: ParallelGCFailedAllocation (Allocation Failure) done
Event: 2168.692 Executing VM operation: ParallelGCFailedAllocation (Allocation Failure)
Event: 2168.693 Executing VM operation: ParallelGCFailedAllocation (Allocation Failure) done
Event: 2168.696 Executing VM operation: ParallelGCFailedAllocation (Allocation Failure)
Event: 2168.698 Executing VM operation: ParallelGCFailedAllocation (Allocation Failure) done
Event: 2168.707 Executing VM operation: ParallelGCFailedAllocation (Allocation Failure)
Event: 2168.709 Executing VM operation: ParallelGCFailedAllocation (Allocation Failure) done
Event: 2168.729 Executing VM operation: ParallelGCFailedAllocation (Allocation Failure)
Event: 2168.732 Executing VM operation: ParallelGCFailedAllocation (Allocation Failure) done
Event: 2168.793 Executing VM operation: ParallelGCFailedAllocation (Allocation Failure)
Event: 2168.795 Executing VM operation: ParallelGCFailedAllocation (Allocation Failure) done

Memory protections (0 events):
No events

Nmethod flushes (20 events):
Event: 2085.484 Thread 0x000001fc775fd7d0 flushing  nmethod 0x000001fc69376f90
Event: 2085.484 Thread 0x000001fc775fd7d0 flushing  nmethod 0x000001fc6937b290
Event: 2085.484 Thread 0x000001fc775fd7d0 flushing  nmethod 0x000001fc6937f190
Event: 2085.484 Thread 0x000001fc775fd7d0 flushing  nmethod 0x000001fc69382810
Event: 2085.484 Thread 0x000001fc775fd7d0 flushing  nmethod 0x000001fc69382e90
Event: 2085.484 Thread 0x000001fc775fd7d0 flushing  nmethod 0x000001fc69383990
Event: 2085.484 Thread 0x000001fc775fd7d0 flushing  nmethod 0x000001fc69387b10
Event: 2085.484 Thread 0x000001fc775fd7d0 flushing  nmethod 0x000001fc69391190
Event: 2085.484 Thread 0x000001fc775fd7d0 flushing  nmethod 0x000001fc69399190
Event: 2085.484 Thread 0x000001fc775fd7d0 flushing  nmethod 0x000001fc69399b10
Event: 2085.484 Thread 0x000001fc775fd7d0 flushing  nmethod 0x000001fc6939c310
Event: 2085.484 Thread 0x000001fc775fd7d0 flushing  nmethod 0x000001fc6939d710
Event: 2085.484 Thread 0x000001fc775fd7d0 flushing  nmethod 0x000001fc693a4890
Event: 2085.484 Thread 0x000001fc775fd7d0 flushing  nmethod 0x000001fc693ad810
Event: 2085.484 Thread 0x000001fc775fd7d0 flushing  nmethod 0x000001fc693c1090
Event: 2085.484 Thread 0x000001fc775fd7d0 flushing  nmethod 0x000001fc693c9210
Event: 2085.484 Thread 0x000001fc775fd7d0 flushing  nmethod 0x000001fc693c9c90
Event: 2085.484 Thread 0x000001fc775fd7d0 flushing  nmethod 0x000001fc693e5c90
Event: 2085.485 Thread 0x000001fc775fd7d0 flushing  nmethod 0x000001fc693f1090
Event: 2085.485 Thread 0x000001fc775fd7d0 flushing  nmethod 0x000001fc693fb490

Events (20 events):
Event: 2084.198 Thread 0x000001fc491b21a0 Thread exited: 0x000001fc491b21a0
Event: 2084.774 Thread 0x000001fc78e73e20 Thread added: 0x000001fc7d84a820
Event: 2085.360 Thread 0x000001fc7d84a820 Thread exited: 0x000001fc7d84a820
Event: 2085.440 Thread 0x000001fc46a0ca50 Thread added: 0x000001fc7ed613c0
Event: 2086.968 Thread 0x000001fc491af3b0 Thread exited: 0x000001fc491af3b0
Event: 2090.524 Thread 0x000001fc491b4900 Thread exited: 0x000001fc491b4900
Event: 2103.882 Thread 0x000001fc491b4f90 Thread exited: 0x000001fc491b4f90
Event: 2109.211 Thread 0x000001fc7eb53ba0 Thread added: 0x000001fc7ed620e0
Event: 2111.142 Thread 0x000001fc46a0ca50 Thread added: 0x000001fc7ed65bf0
Event: 2115.187 Thread 0x000001fc46a0ca50 Thread added: 0x000001fc7ed66910
Event: 2116.945 Thread 0x000001fc46a0ca50 Thread added: 0x000001fc491af3b0
Event: 2116.947 Thread 0x000001fc7ed62e00 Thread added: 0x000001fc491aed20
Event: 2119.046 Thread 0x000001fc7eb53ba0 Thread added: 0x000001fc491b0760
Event: 2142.479 Thread 0x000001fc491af3b0 Thread added: 0x000001fc491b0df0
Event: 2142.479 Thread 0x000001fc491b0df0 Thread exited: 0x000001fc491b0df0
Event: 2142.596 Thread 0x000001fc491b5620 Thread exited: 0x000001fc491b5620
Event: 2144.787 Thread 0x000001fc491b2ec0 Thread exited: 0x000001fc491b2ec0
Event: 2167.157 Thread 0x000001fc7ed62e00 Thread added: 0x000001fc491afa40
Event: 2168.726 Thread 0x000001fc78e73e20 Thread added: 0x000001fc7d84a820
Event: 2168.790 Thread 0x000001fc491af3b0 Thread added: 0x000001fc491b1b10


Dynamic libraries:
0x00007ff61ef70000 - 0x00007ff61ef7e000 	c:\Users\autot\.vscode\extensions\redhat.java-1.40.0-win32-x64\jre\21.0.6-win32-x86_64\bin\java.exe
0x00007ffeae200000 - 0x00007ffeae463000 	C:\WINDOWS\SYSTEM32\ntdll.dll
0x00007ffead8c0000 - 0x00007ffead987000 	C:\WINDOWS\System32\KERNEL32.DLL
0x00007ffeab660000 - 0x00007ffeaba27000 	C:\WINDOWS\System32\KERNELBASE.dll
0x00007ffeabb60000 - 0x00007ffeabcac000 	C:\WINDOWS\System32\ucrtbase.dll
0x00007ffe9a230000 - 0x00007ffe9a248000 	c:\Users\autot\.vscode\extensions\redhat.java-1.40.0-win32-x64\jre\21.0.6-win32-x86_64\bin\jli.dll
0x00007ffe9d400000 - 0x00007ffe9d41e000 	c:\Users\autot\.vscode\extensions\redhat.java-1.40.0-win32-x64\jre\21.0.6-win32-x86_64\bin\VCRUNTIME140.dll
0x00007ffeadff0000 - 0x00007ffeae1b9000 	C:\WINDOWS\System32\USER32.dll
0x00007ffeabcb0000 - 0x00007ffeabcd7000 	C:\WINDOWS\System32\win32u.dll
0x00007ffeaa850000 - 0x00007ffeaaae0000 	C:\WINDOWS\WinSxS\amd64_microsoft.windows.common-controls_6595b64144ccf1df_6.0.26100.3037_none_3e09262ce333c378\COMCTL32.dll
0x00007ffeac460000 - 0x00007ffeac48a000 	C:\WINDOWS\System32\GDI32.dll
0x00007ffead810000 - 0x00007ffead8b9000 	C:\WINDOWS\System32\msvcrt.dll
0x00007ffeaba30000 - 0x00007ffeabb5b000 	C:\WINDOWS\System32\gdi32full.dll
0x00007ffeabef0000 - 0x00007ffeabf93000 	C:\WINDOWS\System32\msvcp_win.dll
0x00007ffead7d0000 - 0x00007ffead7ff000 	C:\WINDOWS\System32\IMM32.DLL
0x00007ffeaad40000 - 0x00007ffeaad4c000 	c:\Users\autot\.vscode\extensions\redhat.java-1.40.0-win32-x64\jre\21.0.6-win32-x86_64\bin\vcruntime140_1.dll
0x00007ffe97720000 - 0x00007ffe977ad000 	c:\Users\autot\.vscode\extensions\redhat.java-1.40.0-win32-x64\jre\21.0.6-win32-x86_64\bin\msvcp140.dll
0x00007ffdd4690000 - 0x00007ffdd5420000 	c:\Users\autot\.vscode\extensions\redhat.java-1.40.0-win32-x64\jre\21.0.6-win32-x86_64\bin\server\jvm.dll
0x00007ffeadb90000 - 0x00007ffeadc44000 	C:\WINDOWS\System32\ADVAPI32.dll
0x00007ffead220000 - 0x00007ffead2c6000 	C:\WINDOWS\System32\sechost.dll
0x00007ffeada70000 - 0x00007ffeadb86000 	C:\WINDOWS\System32\RPCRT4.dll
0x00007ffead990000 - 0x00007ffeada04000 	C:\WINDOWS\System32\WS2_32.dll
0x00007ffeaae10000 - 0x00007ffeaae5e000 	C:\WINDOWS\SYSTEM32\POWRPROF.dll
0x00007ffe9ae20000 - 0x00007ffe9ae56000 	C:\WINDOWS\SYSTEM32\WINMM.dll
0x00007ffe9ea40000 - 0x00007ffe9ea4b000 	C:\WINDOWS\SYSTEM32\VERSION.dll
0x00007ffeaacb0000 - 0x00007ffeaacc4000 	C:\WINDOWS\SYSTEM32\UMPDC.dll
0x00007ffea9af0000 - 0x00007ffea9b0a000 	C:\WINDOWS\SYSTEM32\kernel.appcore.dll
0x00007ffea1920000 - 0x00007ffea192a000 	c:\Users\autot\.vscode\extensions\redhat.java-1.40.0-win32-x64\jre\21.0.6-win32-x86_64\bin\jimage.dll
0x00007ffeaae70000 - 0x00007ffeab0b1000 	C:\WINDOWS\SYSTEM32\DBGHELP.DLL
0x00007ffeac0c0000 - 0x00007ffeac43e000 	C:\WINDOWS\System32\combase.dll
0x00007ffeadf00000 - 0x00007ffeadfd6000 	C:\WINDOWS\System32\OLEAUT32.dll
0x00007ffeaacd0000 - 0x00007ffeaad09000 	C:\WINDOWS\SYSTEM32\dbgcore.DLL
0x00007ffeabfa0000 - 0x00007ffeac039000 	C:\WINDOWS\System32\bcryptPrimitives.dll
0x00007ffea1050000 - 0x00007ffea105f000 	c:\Users\autot\.vscode\extensions\redhat.java-1.40.0-win32-x64\jre\21.0.6-win32-x86_64\bin\instrument.dll
0x00007ffe9a1e0000 - 0x00007ffe9a1ff000 	c:\Users\autot\.vscode\extensions\redhat.java-1.40.0-win32-x64\jre\21.0.6-win32-x86_64\bin\java.dll
0x00007ffeac920000 - 0x00007ffead024000 	C:\WINDOWS\System32\SHELL32.dll
0x00007ffea87f0000 - 0x00007ffea9027000 	C:\WINDOWS\SYSTEM32\windows.storage.dll
0x00007ffead3d0000 - 0x00007ffead4b9000 	C:\WINDOWS\System32\SHCORE.dll
0x00007ffeada10000 - 0x00007ffeada6d000 	C:\WINDOWS\System32\shlwapi.dll
0x00007ffeab4b0000 - 0x00007ffeab4de000 	C:\WINDOWS\SYSTEM32\profapi.dll
0x00007ffe99df0000 - 0x00007ffe99e08000 	c:\Users\autot\.vscode\extensions\redhat.java-1.40.0-win32-x64\jre\21.0.6-win32-x86_64\bin\zip.dll
0x00007ffe9d2f0000 - 0x00007ffe9d300000 	C:\Users\autot\.vscode\extensions\redhat.java-1.40.0-win32-x64\jre\21.0.6-win32-x86_64\bin\net.dll
0x00007ffea2570000 - 0x00007ffea268e000 	C:\WINDOWS\SYSTEM32\WINHTTP.dll
0x00007ffea9fa0000 - 0x00007ffeaa00a000 	C:\WINDOWS\system32\mswsock.dll
0x00007ffe99a90000 - 0x00007ffe99aa6000 	C:\Users\autot\.vscode\extensions\redhat.java-1.40.0-win32-x64\jre\21.0.6-win32-x86_64\bin\nio.dll
0x00007ffe9a450000 - 0x00007ffe9a460000 	c:\Users\autot\.vscode\extensions\redhat.java-1.40.0-win32-x64\jre\21.0.6-win32-x86_64\bin\verify.dll
0x00007ffe990d0000 - 0x00007ffe99115000 	C:\Users\autot\AppData\Roaming\Code\User\globalStorage\redhat.java\1.40.0\config_win\org.eclipse.equinox.launcher\org.eclipse.equinox.launcher.win32.win32.x86_64_1.2.1200.v20250212-0927\eclipse_11909.dll
0x00007ffeadc60000 - 0x00007ffeaddf5000 	C:\WINDOWS\System32\ole32.dll
0x00007ffeab0e0000 - 0x00007ffeab0fc000 	C:\WINDOWS\SYSTEM32\CRYPTSP.dll
0x00007ffeaa3f0000 - 0x00007ffeaa428000 	C:\WINDOWS\system32\rsaenh.dll
0x00007ffeaa010000 - 0x00007ffeaa03b000 	C:\WINDOWS\SYSTEM32\USERENV.dll
0x00007ffeaada0000 - 0x00007ffeaadc6000 	C:\WINDOWS\SYSTEM32\bcrypt.dll
0x00007ffeaa610000 - 0x00007ffeaa61c000 	C:\WINDOWS\SYSTEM32\CRYPTBASE.dll
0x00007ffea95a0000 - 0x00007ffea95d2000 	C:\WINDOWS\SYSTEM32\IPHLPAPI.DLL
0x00007ffead7c0000 - 0x00007ffead7ca000 	C:\WINDOWS\System32\NSI.dll
0x00007ffe97120000 - 0x00007ffe97169000 	C:\Users\autot\AppData\Local\Temp\jna-93182117\jna9186508367470841159.dll
0x00007ffeadc50000 - 0x00007ffeadc58000 	C:\WINDOWS\System32\PSAPI.DLL
0x00007ffea33c0000 - 0x00007ffea33df000 	C:\WINDOWS\SYSTEM32\dhcpcsvc6.DLL
0x00007ffea3370000 - 0x00007ffea3395000 	C:\WINDOWS\SYSTEM32\dhcpcsvc.DLL
0x00007ffea4a60000 - 0x00007ffea4a6e000 	C:\Users\autot\.vscode\extensions\redhat.java-1.40.0-win32-x64\jre\21.0.6-win32-x86_64\bin\sunmscapi.dll
0x00007ffeabd70000 - 0x00007ffeabee6000 	C:\WINDOWS\System32\CRYPT32.dll
0x00007ffeaa6d0000 - 0x00007ffeaa700000 	C:\WINDOWS\SYSTEM32\ncrypt.dll
0x00007ffeaa5b0000 - 0x00007ffeaa5ef000 	C:\WINDOWS\SYSTEM32\NTASN1.dll
0x00007ffeaad20000 - 0x00007ffeaad28000 	C:\WINDOWS\system32\wshunix.dll
0x00007ffea4a50000 - 0x00007ffea4a59000 	C:\Users\autot\.vscode\extensions\redhat.java-1.40.0-win32-x64\jre\21.0.6-win32-x86_64\bin\extnet.dll
0x00007ffea9640000 - 0x00007ffea9765000 	C:\WINDOWS\SYSTEM32\DNSAPI.dll
0x00007ffea1f40000 - 0x00007ffea1f4b000 	C:\Windows\System32\rasadhlp.dll
0x00007ffea3770000 - 0x00007ffea37f5000 	C:\WINDOWS\System32\fwpuclnt.dll

dbghelp: loaded successfully - version: 4.0.5 - missing functions: none
symbol engine: initialized successfully - sym options: 0x614 - pdb path: .;c:\Users\autot\.vscode\extensions\redhat.java-1.40.0-win32-x64\jre\21.0.6-win32-x86_64\bin;C:\WINDOWS\SYSTEM32;C:\WINDOWS\WinSxS\amd64_microsoft.windows.common-controls_6595b64144ccf1df_6.0.26100.3037_none_3e09262ce333c378;c:\Users\autot\.vscode\extensions\redhat.java-1.40.0-win32-x64\jre\21.0.6-win32-x86_64\bin\server;C:\Users\autot\AppData\Roaming\Code\User\globalStorage\redhat.java\1.40.0\config_win\org.eclipse.equinox.launcher\org.eclipse.equinox.launcher.win32.win32.x86_64_1.2.1200.v20250212-0927;C:\Users\autot\AppData\Local\Temp\jna-93182117

VM Arguments:
jvm_args: --add-modules=ALL-SYSTEM --add-opens=java.base/java.util=ALL-UNNAMED --add-opens=java.base/java.lang=ALL-UNNAMED --add-opens=java.base/sun.nio.fs=ALL-UNNAMED -Declipse.application=org.eclipse.jdt.ls.core.id1 -Dosgi.bundles.defaultStartLevel=4 -Declipse.product=org.eclipse.jdt.ls.core.product -Djava.import.generatesMetadataFilesAtProjectRoot=false -DDetectVMInstallationsJob.disabled=true -Dfile.encoding=utf8 -XX:+UseParallelGC -XX:GCTimeRatio=4 -XX:AdaptiveSizePolicyWeight=90 -Dsun.zip.disableMemoryMapping=true -Xmx1G -Xms100m -Xlog:disable -javaagent:c:\Users\autot\.vscode\extensions\redhat.java-1.40.0-win32-x64\lombok\lombok-1.18.36.jar -XX:+HeapDumpOnOutOfMemoryError -XX:HeapDumpPath=c:\Users\autot\AppData\Roaming\Code\User\workspaceStorage\9c8b5ce1f35badf05700a3a10b716a8b\redhat.java -Daether.dependencyCollector.impl=bf 
java_command: c:\Users\autot\.vscode\extensions\redhat.java-1.40.0-win32-x64\server\plugins\org.eclipse.equinox.launcher_1.6.1000.v20250131-0606.jar -configuration c:\Users\autot\AppData\Roaming\Code\User\globalStorage\redhat.java\1.40.0\config_win -data c:\Users\autot\AppData\Roaming\Code\User\workspaceStorage\9c8b5ce1f35badf05700a3a10b716a8b\redhat.java\jdt_ws --pipe=\\.\pipe\lsp-442119bc3edb6d0717d0b66a6cdc19f2-sock
java_class_path (initial): c:\Users\autot\.vscode\extensions\redhat.java-1.40.0-win32-x64\server\plugins\org.eclipse.equinox.launcher_1.6.1000.v20250131-0606.jar
Launcher Type: SUN_STANDARD

[Global flags]
    uintx AdaptiveSizePolicyWeight                 = 90                                        {product} {command line}
     intx CICompilerCount                          = 15                                        {product} {ergonomic}
    uintx GCTimeRatio                              = 4                                         {product} {command line}
     bool HeapDumpOnOutOfMemoryError               = true                                   {manageable} {command line}
    ccstr HeapDumpPath                             = c:\Users\autot\AppData\Roaming\Code\User\workspaceStorage\9c8b5ce1f35badf05700a3a10b716a8b\redhat.java         {manageable} {command line}
   size_t InitialHeapSize                          = 104857600                                 {product} {command line}
   size_t MaxHeapSize                              = 1073741824                                {product} {command line}
   size_t MaxNewSize                               = 357564416                                 {product} {ergonomic}
   size_t MinHeapDeltaBytes                        = 524288                                    {product} {ergonomic}
   size_t MinHeapSize                              = 104857600                                 {product} {command line}
   size_t NewSize                                  = 34603008                                  {product} {ergonomic}
    uintx NonNMethodCodeHeapSize                   = 8192380                                {pd product} {ergonomic}
    uintx NonProfiledCodeHeapSize                  = 121732930                              {pd product} {ergonomic}
   size_t OldSize                                  = 70254592                                  {product} {ergonomic}
    uintx ProfiledCodeHeapSize                     = 121732930                              {pd product} {ergonomic}
    uintx ReservedCodeCacheSize                    = 251658240                              {pd product} {ergonomic}
     bool SegmentedCodeCache                       = true                                      {product} {ergonomic}
   size_t SoftMaxHeapSize                          = 1073741824                             {manageable} {ergonomic}
     bool UseCompressedOops                        = true                           {product lp64_product} {ergonomic}
     bool UseLargePagesIndividualAllocation        = false                                  {pd product} {ergonomic}
     bool UseParallelGC                            = true                                      {product} {command line}

Logging:
Log output configuration:
 #0: stdout all=off uptime,level,tags foldmultilines=false
 #1: stderr all=off uptime,level,tags foldmultilines=false

Environment Variables:
PATH=C:\Program Files (x86)\Common Files\Oracle\Java\java8path;C:\Program Files (x86)\Common Files\Oracle\Java\javapath;C:\Program Files (x86)\Razer\ChromaBroadcast\bin;C:\Program Files\Razer\ChromaBroadcast\bin;C:\Windows\system32;C:\Windows;C:\Windows\System32\Wbem;C:\Windows\System32\WindowsPowerShell\v1.0\;C:\Windows\System32\OpenSSH\;C:\Program Files (x86)\NVIDIA Corporation\PhysX\Common;C:\Program Files\Git\cmd;C:\Windows\system32\config\systemprofile\AppData\Local\Microsoft\WindowsApps;;C:\Program Files\NVIDIA Corporation\NVIDIA app\NvDLISR;C:\WINDOWS\system32;C:\WINDOWS;C:\WINDOWS\System32\Wbem;C:\WINDOWS\System32\WindowsPowerShell\v1.0\;C:\WINDOWS\System32\OpenSSH\;C:\Program Files\MySQL\MySQL Shell 8.0\bin\;C:\Users\autot\AppData\Local\Programs\Python\Python312\Scripts\;C:\Users\autot\AppData\Local\Programs\Python\Python312\;C:\Users\autot\AppData\Local\Programs\Python\Launcher\;C:\Users\autot\AppData\Local\Microsoft\WindowsApps;C:\Users\autot\AppData\Local\GitHubDesktop\bin;E:\vs code\Microsoft VS Code\bin;
USERNAME=autot
OS=Windows_NT
PROCESSOR_IDENTIFIER=Intel64 Family 6 Model 183 Stepping 1, GenuineIntel
TMP=C:\Users\autot\AppData\Local\Temp
TEMP=C:\Users\autot\AppData\Local\Temp




Periodic native trim disabled

---------------  S Y S T E M  ---------------

OS:
 Windows 11 , 64 bit Build 26100 (10.0.26100.3037)
OS uptime: 9 days 11:01 hours
Hyper-V role detected

CPU: total 32 (initial active 32) (16 cores per cpu, 2 threads per core) family 6 model 183 stepping 1 microcode 0x120, cx8, cmov, fxsr, ht, mmx, 3dnowpref, sse, sse2, sse3, ssse3, sse4.1, sse4.2, popcnt, lzcnt, tsc, tscinvbit, avx, avx2, aes, erms, clmul, bmi1, bmi2, adx, sha, fma, vzeroupper, clflush, clflushopt, clwb, hv, serialize, rdtscp, rdpid, fsrm, f16c, cet_ibt, cet_ss
Processor Information for processor 0
  Max Mhz: 2200, Current Mhz: 2200, Mhz Limit: 2200
Processor Information for processor 1
  Max Mhz: 2200, Current Mhz: 1466, Mhz Limit: 2200
Processor Information for processor 2
  Max Mhz: 2200, Current Mhz: 1466, Mhz Limit: 2200
Processor Information for processor 3
  Max Mhz: 2200, Current Mhz: 1466, Mhz Limit: 2200
Processor Information for processor 4
  Max Mhz: 2200, Current Mhz: 2200, Mhz Limit: 2200
Processor Information for processor 5
  Max Mhz: 2200, Current Mhz: 2200, Mhz Limit: 2200
Processor Information for processor 6
  Max Mhz: 2200, Current Mhz: 2200, Mhz Limit: 2200
Processor Information for processor 7
  Max Mhz: 2200, Current Mhz: 1466, Mhz Limit: 2200
Processor Information for processor 8
  Max Mhz: 2200, Current Mhz: 1466, Mhz Limit: 2200
Processor Information for processor 9
  Max Mhz: 2200, Current Mhz: 1466, Mhz Limit: 2200
Processor Information for processor 10
  Max Mhz: 2200, Current Mhz: 2200, Mhz Limit: 2200
Processor Information for processor 11
  Max Mhz: 2200, Current Mhz: 1466, Mhz Limit: 2200
Processor Information for processor 12
  Max Mhz: 2200, Current Mhz: 2200, Mhz Limit: 2200
Processor Information for processor 13
  Max Mhz: 2200, Current Mhz: 1466, Mhz Limit: 2200
Processor Information for processor 14
  Max Mhz: 2200, Current Mhz: 2200, Mhz Limit: 2200
Processor Information for processor 15
  Max Mhz: 2200, Current Mhz: 1466, Mhz Limit: 2200
Processor Information for processor 16
  Max Mhz: 2200, Current Mhz: 1512, Mhz Limit: 2200
Processor Information for processor 17
  Max Mhz: 2200, Current Mhz: 1512, Mhz Limit: 2200
Processor Information for processor 18
  Max Mhz: 2200, Current Mhz: 1512, Mhz Limit: 2200
Processor Information for processor 19
  Max Mhz: 2200, Current Mhz: 1512, Mhz Limit: 2200
Processor Information for processor 20
  Max Mhz: 2200, Current Mhz: 2200, Mhz Limit: 2200
Processor Information for processor 21
  Max Mhz: 2200, Current Mhz: 1512, Mhz Limit: 2200
Processor Information for processor 22
  Max Mhz: 2200, Current Mhz: 2200, Mhz Limit: 2200
Processor Information for processor 23
  Max Mhz: 2200, Current Mhz: 1512, Mhz Limit: 2200
Processor Information for processor 24
  Max Mhz: 2200, Current Mhz: 2200, Mhz Limit: 2200
Processor Information for processor 25
  Max Mhz: 2200, Current Mhz: 2200, Mhz Limit: 2200
Processor Information for processor 26
  Max Mhz: 2200, Current Mhz: 1512, Mhz Limit: 2200
Processor Information for processor 27
  Max Mhz: 2200, Current Mhz: 2200, Mhz Limit: 2200
Processor Information for processor 28
  Max Mhz: 2200, Current Mhz: 1512, Mhz Limit: 2200
Processor Information for processor 29
  Max Mhz: 2200, Current Mhz: 1512, Mhz Limit: 2200
Processor Information for processor 30
  Max Mhz: 2200, Current Mhz: 2200, Mhz Limit: 2200
Processor Information for processor 31
  Max Mhz: 2200, Current Mhz: 2200, Mhz Limit: 2200

Memory: 4k page, system-wide physical 32472M (17352M free)
TotalPageFile size 35416M (AvailPageFile size 14206M)
current process WorkingSet (physical memory assigned to process): 586M, peak: 1037M
current process commit charge ("private bytes"): 628M, peak: 1106M

vm_info: OpenJDK 64-Bit Server VM (21.0.6+7-LTS) for windows-amd64 JRE (21.0.6+7-LTS), built on 2025-01-21T00:00:00Z by "admin" with MS VC++ 17.7 (VS2022)

END.
