#
# A fatal error has been detected by the Java Runtime Environment:
#
#  EXCEPTION_ACCESS_VIOLATION (0xc0000005) at pc=0x000001f70fe94c6c, pid=52536, tid=14360
#
# JRE version: OpenJDK Runtime Environment Temurin-21.0.6+7 (21.0.6+7) (build 21.0.6+7-LTS)
# Java VM: OpenJDK 64-Bit Server VM Temurin-21.0.6+7 (21.0.6+7-LTS, mixed mode, sharing, tiered, compressed oops, compressed class ptrs, parallel gc, windows-amd64)
# Problematic frame:
# C  0x000001f70fe94c6c
#
# No core dump will be written. Minidumps are not enabled by default on client versions of Windows
#
# If you would like to submit a bug report, please visit:
#   https://github.com/adoptium/adoptium-support/issues
#

---------------  S U M M A R Y ------------

Command Line: --add-modules=ALL-SYSTEM --add-opens=java.base/java.util=ALL-UNNAMED --add-opens=java.base/java.lang=ALL-UNNAMED --add-opens=java.base/sun.nio.fs=ALL-UNNAMED -Declipse.application=org.eclipse.jdt.ls.core.id1 -Dosgi.bundles.defaultStartLevel=4 -Declipse.product=org.eclipse.jdt.ls.core.product -Djava.import.generatesMetadataFilesAtProjectRoot=false -DDetectVMInstallationsJob.disabled=true -Dfile.encoding=utf8 -XX:+UseParallelGC -XX:GCTimeRatio=4 -XX:AdaptiveSizePolicyWeight=90 -Dsun.zip.disableMemoryMapping=true -Xmx1G -Xms100m -Xlog:disable -javaagent:c:\Users\autot\.vscode\extensions\redhat.java-1.40.0-win32-x64\lombok\lombok-1.18.36.jar -XX:+HeapDumpOnOutOfMemoryError -XX:HeapDumpPath=c:\Users\autot\AppData\Roaming\Code\User\workspaceStorage\e572fed2224cba2016e985681c54d434\redhat.java -Daether.dependencyCollector.impl=bf c:\Users\autot\.vscode\extensions\redhat.java-1.40.0-win32-x64\server\plugins\org.eclipse.equinox.launcher_1.6.1000.v20250131-0606.jar -configuration c:\Users\autot\AppData\Roaming\Code\User\globalStorage\redhat.java\1.40.0\config_win -data c:\Users\autot\AppData\Roaming\Code\User\workspaceStorage\e572fed2224cba2016e985681c54d434\redhat.java\jdt_ws --pipe=\\.\pipe\lsp-3d085596486e8b46662d1c0f2c67937a-sock

Host: Intel(R) Core(TM) i9-14900HX, 32 cores, 31G,  Windows 11 , 64 bit Build 26100 (10.0.26100.3037)
Time: Thu Mar  6 14:15:40 2025 Central European Standard Time elapsed time: 2298.473087 seconds (0d 0h 38m 18s)

---------------  T H R E A D  ---------------

Current thread (0x000001f70280e5e0):  JavaThread "C2 CompilerThread0" daemon [_thread_in_native, id=14360, stack(0x0000000aa8400000,0x0000000aa8500000) (1024K)]


Current CompileTask:
C2:2298473 26133       4       org.eclipse.jdt.internal.core.dom.rewrite.ASTRewriteAnalyzer::visit (51 bytes)

Stack: [0x0000000aa8400000,0x0000000aa8500000],  sp=0x0000000aa84fc878,  free space=1010k
Native frames: (J=compiled Java code, j=interpreted, Vv=VM code, C=native code)
C  0x000001f70fe94c6c


siginfo: EXCEPTION_ACCESS_VIOLATION (0xc0000005), data execution prevention violation at address 0x000001f70fe94c6c


Registers:
RAX=0xffffffffffffffff, RBX=0x0000000aa84fc930, RCX=0xaaaaaaaaaaaaaaaa, RDX=0x3fffffffffffffff
RSP=0x0000000aa84fc878, RBP=0x0000000aa84fc980, RSI=0x000001f70ea31d00, RDI=0x0000000aa84fc950
R8 =0x0000000000000000, R9 =0x0000000000000002, R10=0x0000000000000005, R11=0x5555555555555555
R12=0x000000000000022b, R13=0x0000000aa84fd060, R14=0x0000000000000002, R15=0x0000000aa84fca44
RIP=0x000001f70fe94c6c, EFLAGS=0x0000000000010293

XMM[0]=0x0000000000000000 0x00007fffffffffff
XMM[1]=0x0000000800000000 0x0000000000000000
XMM[2]=0x0000000000000000 0x0000000000000000
XMM[3]=0x0000000000000000 0x0000000000000000
XMM[4]=0x0000000000000000 0x0000000000000000
XMM[5]=0x0000000000000000 0x0000000000000000
XMM[6]=0x0000000000000000 0x3ea589e4f775b80c
XMM[7]=0x0000000000000000 0x0000000000000000
XMM[8]=0x0000000000000000 0x0000000000000000
XMM[9]=0x0000000000000000 0x0000000000000000
XMM[10]=0x0000000000000000 0x0000000000000000
XMM[11]=0x0000000000000000 0x0000000000000000
XMM[12]=0x0000000000000000 0x0000000000000000
XMM[13]=0x0000000000000000 0x0000000000000000
XMM[14]=0x0000000000000000 0x0000000000000000
XMM[15]=0x0000000000000000 0x0000000000000000
  MXCSR=0x00001fb2


Register to memory mapping:

RAX=0xffffffffffffffff is an unknown value
RBX=0x0000000aa84fc930 is pointing into the stack for thread: 0x000001f70280e5e0
RCX=0xaaaaaaaaaaaaaaaa is an unknown value
RDX=0x3fffffffffffffff is an unknown value
RSP=0x0000000aa84fc878 is pointing into the stack for thread: 0x000001f70280e5e0
RBP=0x0000000aa84fc980 is pointing into the stack for thread: 0x000001f70280e5e0
RSI=0x000001f70ea31d00 points into unknown readable memory: 0x3e713b1d92c4933d | 3d 93 c4 92 1d 3b 71 3e
RDI=0x0000000aa84fc950 is pointing into the stack for thread: 0x000001f70280e5e0
R8 =0x0 is null
R9 =0x0000000000000002 is an unknown value
R10=0x0000000000000005 is an unknown value
R11=0x5555555555555555 is an unknown value
R12=0x000000000000022b is an unknown value
R13=0x0000000aa84fd060 is pointing into the stack for thread: 0x000001f70280e5e0
R14=0x0000000000000002 is an unknown value
R15=0x0000000aa84fca44 is pointing into the stack for thread: 0x000001f70280e5e0

Top of Stack: (sp=0x0000000aa84fc878)
0x0000000aa84fc878:   00007ffdd4ad6e86 000001f70ea31d00
0x0000000aa84fc888:   000001f70ea2fcb0 000001f70ea31d00
0x0000000aa84fc898:   0000000000003818 0000000000000000
0x0000000aa84fc8a8:   0000000100000002 0000000100000001
0x0000000aa84fc8b8:   000001f70ccc47c0 0000000aa84fcab0
0x0000000aa84fc8c8:   0000000aa84fcaa0 00000000c0000000
0x0000000aa84fc8d8:   0000000000000000 0000000000000000
0x0000000aa84fc8e8:   0000000000000000 0000000000000000
0x0000000aa84fc8f8:   0000000000000000 0000000000000000
0x0000000aa84fc908:   0000000000000000 0000000000000000
0x0000000aa84fc918:   0000000000000000 0000000000000000
0x0000000aa84fc928:   0000000000000000 ffffffff3f3fffff
0x0000000aa84fc938:   ffffffffffffffff ffffffffffffffff
0x0000000aa84fc948:   ffffffffffffffff ffffffffffffffff
0x0000000aa84fc958:   ffffffffffffffff ffffffffffffffff
0x0000000aa84fc968:   ffffffffffffffff 00007fffffffffff
0x0000000aa84fc978:   0000000000000000 0000000000000000
0x0000000aa84fc988:   0000000800000000 000001f70ea31d00
0x0000000aa84fc998:   000001f70fe94c40 000000000000000d
0x0000000aa84fc9a8:   0000000aa84fd060 0000000aa84fcac0
0x0000000aa84fc9b8:   00007ffdd4ad5a3d 000001f70fe94c6c
0x0000000aa84fc9c8:   0000000aa84fd060 000000000000000d
0x0000000aa84fc9d8:   0000000000000001 0000000aa84fca10
0x0000000aa84fc9e8:   0000000000000006 0000000a0000000b
0x0000000aa84fc9f8:   000001f70e78a3b0 000000000000000c
0x0000000aa84fca08:   000001f70e78a390 0000000b00000000
0x0000000aa84fca18:   0000000e00000020 00007ffd00000000
0x0000000aa84fca28:   0000000d00000000 0000000d0000000c
0x0000000aa84fca38:   00007ffe00000000 000000000000001a
0x0000000aa84fca48:   000001f700000031 000000000000000b
0x0000000aa84fca58:   0000000000000000 000000020000014e
0x0000000aa84fca68:   0000000200000002 000001f70ccc5440 

Instructions: (pc=0x000001f70fe94c6c)
0x000001f70fe94b6c:   00 00 00 00 60 02 ab 0a f7 01 00 00 b0 f0 aa 0a
0x000001f70fe94b7c:   f7 01 00 00 00 00 00 00 00 00 00 00 38 4b e9 0f
0x000001f70fe94b8c:   f7 01 00 00 e0 d2 08 d5 fd 7f 00 00 38 4c e9 0f
0x000001f70fe94b9c:   f7 01 00 00 ff ff ff ff ff ff ff ff 01 00 00 00
0x000001f70fe94bac:   01 00 00 00 00 00 00 00 00 00 00 00 dd 02 00 00
0x000001f70fe94bbc:   08 02 00 00 40 00 00 00 02 00 00 00 07 00 00 00
0x000001f70fe94bcc:   00 00 00 00 ff ff 2f 3f ff ff ff ff ff ff ff ff
0x000001f70fe94bdc:   ff ff ff ff ff ff ff ff ff ff ff ff ff ff ff ff
0x000001f70fe94bec:   ff ff ff ff ff ff ff ff ff ff ff ff ff ff ff ff
0x000001f70fe94bfc:   ff ff ff ff ff ff ff ff ff ff ff ff ff ff ff ff
0x000001f70fe94c0c:   ff ff ff ff ff ff ff ff ff 7f 00 00 00 00 00 00
0x000001f70fe94c1c:   00 00 00 00 00 00 00 00 00 00 00 00 00 00 00 00
0x000001f70fe94c2c:   08 00 00 00 e7 03 00 00 02 00 00 00 c0 39 ab 0a
0x000001f70fe94c3c:   f7 01 00 00 e0 d2 08 d5 fd 7f 00 00 e8 4c e9 0f
0x000001f70fe94c4c:   f7 01 00 00 ff ff ff ff ff ff ff ff 01 00 00 00
0x000001f70fe94c5c:   01 00 00 00 00 00 00 00 00 00 00 00 de 02 00 00
0x000001f70fe94c6c:   08 02 00 00 40 00 00 00 f7 01 00 00 06 00 00 00
0x000001f70fe94c7c:   00 00 00 00 ff ff 3f 3f ff ff ff ff ff ff ff ff
0x000001f70fe94c8c:   ff ff ff ff ff ff ff ff ff ff ff ff ff ff ff ff
0x000001f70fe94c9c:   ff ff ff ff ff ff ff ff ff ff ff ff ff ff ff ff
0x000001f70fe94cac:   ff ff ff ff ff ff ff ff ff ff ff ff ff ff ff ff
0x000001f70fe94cbc:   ff ff ff ff ff ff ff ff ff 7f 00 00 00 00 00 00
0x000001f70fe94ccc:   00 00 00 00 00 00 00 00 00 00 00 00 00 00 00 00
0x000001f70fe94cdc:   08 00 00 00 e7 03 00 00 f7 01 00 00 38 1c 77 0a
0x000001f70fe94cec:   f7 01 00 00 e0 d2 08 d5 fd 7f 00 00 98 4d e9 0f
0x000001f70fe94cfc:   f7 01 00 00 ff ff ff ff ff ff ff ff 01 00 00 00
0x000001f70fe94d0c:   01 00 00 00 00 00 00 00 00 00 00 00 df 02 00 00
0x000001f70fe94d1c:   08 02 00 00 40 00 00 00 f7 01 00 00 07 00 00 00
0x000001f70fe94d2c:   00 00 00 00 ff ff 0f 3f ff ff ff ff ff ff ff ff
0x000001f70fe94d3c:   ff ff ff ff ff ff ff ff ff ff ff ff ff ff ff ff
0x000001f70fe94d4c:   ff ff ff ff ff ff ff ff ff ff ff ff ff ff ff ff
0x000001f70fe94d5c:   ff ff ff ff ff ff ff ff ff ff ff ff ff ff ff ff 


Stack slot to memory mapping:

stack at sp + 0 slots: 0x00007ffdd4ad6e86 jvm.dll
stack at sp + 1 slots: 0x000001f70ea31d00 points into unknown readable memory: 0x3e713b1d92c4933d | 3d 93 c4 92 1d 3b 71 3e
stack at sp + 2 slots: 0x000001f70ea2fcb0 points into unknown readable memory: 0x426d1a94a200201f | 1f 20 00 a2 94 1a 6d 42
stack at sp + 3 slots: 0x000001f70ea31d00 points into unknown readable memory: 0x3e713b1d92c4933d | 3d 93 c4 92 1d 3b 71 3e
stack at sp + 4 slots: 0x0000000000003818 is an unknown value
stack at sp + 5 slots: 0x0 is null
stack at sp + 6 slots: 0x0000000100000002 is an unknown value
stack at sp + 7 slots: 0x0000000100000001 is an unknown value


---------------  P R O C E S S  ---------------

Threads class SMR info:
_java_thread_list=0x000001f70e8981a0, length=106, elements={
0x000001f6abdcc300, 0x000001f6abe693b0, 0x000001f7011fe410, 0x000001f6abe6ddc0,
0x000001f6abe72a70, 0x000001f6abe76b10, 0x000001f7027ffd10, 0x000001f70280e5e0,
0x000001f702816940, 0x000001f7028010c0, 0x000001f702801750, 0x000001f702800a30,
0x000001f702802470, 0x000001f7027feff0, 0x000001f7027ff680, 0x000001f7028003a0,
0x000001f70b2586f0, 0x000001f70b255f90, 0x000001f70b2579d0, 0x000001f70b258060,
0x000001f70b256cb0, 0x000001f70b25ae50, 0x000001f70b25b4e0, 0x000001f70b25bb70,
0x000001f70b25a7c0, 0x000001f70b25c200, 0x000001f70b25c890, 0x000001f70b25cf20,
0x000001f70b25d5b0, 0x000001f70cfe91b0, 0x000001f70cfe9ed0, 0x000001f70cfeb280,
0x000001f70cfeb910, 0x000001f70cfec630, 0x000001f70cfea560, 0x000001f70cfe9840,
0x000001f70cfebfa0, 0x000001f70cfeccc0, 0x000001f70cfee070, 0x000001f70cfed350,
0x000001f70cfed9e0, 0x000001f70cfeabf0, 0x000001f70cfeed90, 0x000001f70cfee700,
0x000001f70cfef420, 0x000001f70cfefab0, 0x000001f70cff0140, 0x000001f70cff07d0,
0x000001f70ce687b0, 0x000001f70ce66050, 0x000001f70ce67400, 0x000001f70ce69b60,
0x000001f70ce68e40, 0x000001f70ce666e0, 0x000001f70ce66d70, 0x000001f70ce68120,
0x000001f70ce6c950, 0x000001f70c87ae70, 0x000001f70d455d30, 0x000001f70d4563c0,
0x000001f70d456a50, 0x000001f70d453c60, 0x000001f70f220860, 0x000001f70f223ce0,
0x000001f70f220ef0, 0x000001f70f223650, 0x000001f70f224370, 0x000001f70f2222a0,
0x000001f70a1f6c40, 0x000001f70a1f3e50, 0x000001f70ce6d670, 0x000001f70ce6bc30,
0x000001f70ce67a90, 0x000001f70ce6cfe0, 0x000001f70a1f37c0, 0x000001f70a1f8d10,
0x000001f70a1f93a0, 0x000001f70a1fa0c0, 0x000001f70a1fade0, 0x000001f70f221c10,
0x000001f70f222fc0, 0x000001f70f2277f0, 0x000001f70f225db0, 0x000001f70f225720,
0x000001f70f226440, 0x000001f70c87b500, 0x000001f70c879430, 0x000001f70c879ac0,
0x000001f70c87c220, 0x000001f70d4570e0, 0x000001f70d4542f0, 0x000001f70d455010,
0x000001f70d454980, 0x000001f70d4556a0, 0x000001f70b259410, 0x000001f70b257340,
0x000001f70b256620, 0x000001f70c3013c0, 0x000001f70c301a50, 0x000001f70c303490,
0x000001f70c306280, 0x000001f70c304ed0, 0x000001f70c305560, 0x000001f70ce6b5a0,
0x000001f70d99fb20, 0x000001f70d99ed80
}

Java Threads: ( => current thread )
  0x000001f6abdcc300 JavaThread "main"                              [_thread_blocked, id=54008, stack(0x0000000aa7a00000,0x0000000aa7b00000) (1024K)]
  0x000001f6abe693b0 JavaThread "Reference Handler"          daemon [_thread_blocked, id=13732, stack(0x0000000aa7e00000,0x0000000aa7f00000) (1024K)]
  0x000001f7011fe410 JavaThread "Finalizer"                  daemon [_thread_blocked, id=44344, stack(0x0000000aa7f00000,0x0000000aa8000000) (1024K)]
  0x000001f6abe6ddc0 JavaThread "Signal Dispatcher"          daemon [_thread_blocked, id=18780, stack(0x0000000aa8000000,0x0000000aa8100000) (1024K)]
  0x000001f6abe72a70 JavaThread "Attach Listener"            daemon [_thread_blocked, id=11520, stack(0x0000000aa8100000,0x0000000aa8200000) (1024K)]
  0x000001f6abe76b10 JavaThread "Service Thread"             daemon [_thread_blocked, id=58328, stack(0x0000000aa8200000,0x0000000aa8300000) (1024K)]
  0x000001f7027ffd10 JavaThread "Monitor Deflation Thread"   daemon [_thread_blocked, id=30484, stack(0x0000000aa8300000,0x0000000aa8400000) (1024K)]
=>0x000001f70280e5e0 JavaThread "C2 CompilerThread0"         daemon [_thread_in_native, id=14360, stack(0x0000000aa8400000,0x0000000aa8500000) (1024K)]
  0x000001f702816940 JavaThread "C1 CompilerThread0"         daemon [_thread_blocked, id=46024, stack(0x0000000aa8500000,0x0000000aa8600000) (1024K)]
  0x000001f7028010c0 JavaThread "Common-Cleaner"             daemon [_thread_blocked, id=22732, stack(0x0000000aa8700000,0x0000000aa8800000) (1024K)]
  0x000001f702801750 JavaThread "Notification Thread"        daemon [_thread_blocked, id=3308, stack(0x0000000aa8c00000,0x0000000aa8d00000) (1024K)]
  0x000001f702800a30 JavaThread "Active Thread: Equinox Container: 863b470a-3366-4d08-ac85-f799f8c31c07"        [_thread_blocked, id=51028, stack(0x0000000aa9600000,0x0000000aa9700000) (1024K)]
  0x000001f702802470 JavaThread "Refresh Thread: Equinox Container: 863b470a-3366-4d08-ac85-f799f8c31c07" daemon [_thread_blocked, id=53980, stack(0x0000000aa9900000,0x0000000aa9a00000) (1024K)]
  0x000001f7027feff0 JavaThread "Framework Event Dispatcher: Equinox Container: 863b470a-3366-4d08-ac85-f799f8c31c07" daemon [_thread_blocked, id=25328, stack(0x0000000aa9a00000,0x0000000aa9b00000) (1024K)]
  0x000001f7027ff680 JavaThread "Start Level: Equinox Container: 863b470a-3366-4d08-ac85-f799f8c31c07" daemon [_thread_blocked, id=37084, stack(0x0000000aa9b00000,0x0000000aa9c00000) (1024K)]
  0x000001f7028003a0 JavaThread "Bundle File Closer"         daemon [_thread_blocked, id=37256, stack(0x0000000aa9c00000,0x0000000aa9d00000) (1024K)]
  0x000001f70b2586f0 JavaThread "SCR Component Actor"        daemon [_thread_blocked, id=56096, stack(0x0000000aaa000000,0x0000000aaa100000) (1024K)]
  0x000001f70b255f90 JavaThread "Worker-JM"                         [_thread_blocked, id=56528, stack(0x0000000aaa400000,0x0000000aaa500000) (1024K)]
  0x000001f70b2579d0 JavaThread "Java indexing"              daemon [_thread_blocked, id=32356, stack(0x0000000aaac00000,0x0000000aaad00000) (1024K)]
  0x000001f70b258060 JavaThread "JNA Cleaner"                daemon [_thread_blocked, id=54772, stack(0x0000000aaae00000,0x0000000aaaf00000) (1024K)]
  0x000001f70b256cb0 JavaThread "Thread-2"                   daemon [_thread_in_native, id=33732, stack(0x0000000aab800000,0x0000000aab900000) (1024K)]
  0x000001f70b25ae50 JavaThread "Thread-3"                   daemon [_thread_in_native, id=22384, stack(0x0000000aab900000,0x0000000aaba00000) (1024K)]
  0x000001f70b25b4e0 JavaThread "Thread-4"                   daemon [_thread_in_native, id=57220, stack(0x0000000aaba00000,0x0000000aabb00000) (1024K)]
  0x000001f70b25bb70 JavaThread "Thread-5"                   daemon [_thread_in_native, id=42792, stack(0x0000000aabb00000,0x0000000aabc00000) (1024K)]
  0x000001f70b25a7c0 JavaThread "Thread-6"                   daemon [_thread_in_native, id=55136, stack(0x0000000aabc00000,0x0000000aabd00000) (1024K)]
  0x000001f70b25c200 JavaThread "Thread-7"                   daemon [_thread_in_native, id=57904, stack(0x0000000aabd00000,0x0000000aabe00000) (1024K)]
  0x000001f70b25c890 JavaThread "Thread-8"                   daemon [_thread_in_native, id=44108, stack(0x0000000aabe00000,0x0000000aabf00000) (1024K)]
  0x000001f70b25cf20 JavaThread "Thread-9"                   daemon [_thread_in_native, id=7944, stack(0x0000000aabf00000,0x0000000aac000000) (1024K)]
  0x000001f70b25d5b0 JavaThread "Thread-10"                  daemon [_thread_in_native, id=57868, stack(0x0000000aac000000,0x0000000aac100000) (1024K)]
  0x000001f70cfe91b0 JavaThread "Thread-11"                  daemon [_thread_in_native, id=13248, stack(0x0000000aac100000,0x0000000aac200000) (1024K)]
  0x000001f70cfe9ed0 JavaThread "Thread-12"                  daemon [_thread_in_native, id=24948, stack(0x0000000aac200000,0x0000000aac300000) (1024K)]
  0x000001f70cfeb280 JavaThread "Thread-13"                  daemon [_thread_in_native, id=44152, stack(0x0000000aac300000,0x0000000aac400000) (1024K)]
  0x000001f70cfeb910 JavaThread "Thread-14"                  daemon [_thread_in_native, id=22840, stack(0x0000000aac400000,0x0000000aac500000) (1024K)]
  0x000001f70cfec630 JavaThread "Thread-15"                  daemon [_thread_in_native, id=41360, stack(0x0000000aac500000,0x0000000aac600000) (1024K)]
  0x000001f70cfea560 JavaThread "Thread-16"                  daemon [_thread_in_native, id=16160, stack(0x0000000aac600000,0x0000000aac700000) (1024K)]
  0x000001f70cfe9840 JavaThread "Thread-17"                  daemon [_thread_in_native, id=27200, stack(0x0000000aac700000,0x0000000aac800000) (1024K)]
  0x000001f70cfebfa0 JavaThread "Thread-18"                  daemon [_thread_in_native, id=51720, stack(0x0000000aac800000,0x0000000aac900000) (1024K)]
  0x000001f70cfeccc0 JavaThread "Thread-19"                  daemon [_thread_in_native, id=42000, stack(0x0000000aac900000,0x0000000aaca00000) (1024K)]
  0x000001f70cfee070 JavaThread "Thread-20"                  daemon [_thread_in_native, id=25892, stack(0x0000000aaca00000,0x0000000aacb00000) (1024K)]
  0x000001f70cfed350 JavaThread "Thread-21"                  daemon [_thread_in_native, id=31800, stack(0x0000000aacb00000,0x0000000aacc00000) (1024K)]
  0x000001f70cfed9e0 JavaThread "Thread-22"                  daemon [_thread_in_native, id=34820, stack(0x0000000aacc00000,0x0000000aacd00000) (1024K)]
  0x000001f70cfeabf0 JavaThread "Thread-23"                  daemon [_thread_in_native, id=48504, stack(0x0000000aacd00000,0x0000000aace00000) (1024K)]
  0x000001f70cfeed90 JavaThread "Thread-24"                  daemon [_thread_in_native, id=14600, stack(0x0000000aace00000,0x0000000aacf00000) (1024K)]
  0x000001f70cfee700 JavaThread "Thread-25"                  daemon [_thread_in_native, id=54560, stack(0x0000000aacf00000,0x0000000aad000000) (1024K)]
  0x000001f70cfef420 JavaThread "Thread-26"                  daemon [_thread_in_native, id=18800, stack(0x0000000aad000000,0x0000000aad100000) (1024K)]
  0x000001f70cfefab0 JavaThread "Thread-27"                  daemon [_thread_in_native, id=24440, stack(0x0000000aad100000,0x0000000aad200000) (1024K)]
  0x000001f70cff0140 JavaThread "Thread-28"                  daemon [_thread_in_native, id=23620, stack(0x0000000aad200000,0x0000000aad300000) (1024K)]
  0x000001f70cff07d0 JavaThread "Thread-29"                  daemon [_thread_in_native, id=23100, stack(0x0000000aad300000,0x0000000aad400000) (1024K)]
  0x000001f70ce687b0 JavaThread "Thread-30"                  daemon [_thread_in_native, id=40360, stack(0x0000000aad400000,0x0000000aad500000) (1024K)]
  0x000001f70ce66050 JavaThread "Thread-31"                  daemon [_thread_in_native, id=52308, stack(0x0000000aad500000,0x0000000aad600000) (1024K)]
  0x000001f70ce67400 JavaThread "Thread-32"                  daemon [_thread_in_native, id=25968, stack(0x0000000aad600000,0x0000000aad700000) (1024K)]
  0x000001f70ce69b60 JavaThread "Thread-33"                  daemon [_thread_in_native, id=32800, stack(0x0000000aad700000,0x0000000aad800000) (1024K)]
  0x000001f70ce68e40 JavaThread "Thread-34"                  daemon [_thread_in_native, id=32780, stack(0x0000000aad800000,0x0000000aad900000) (1024K)]
  0x000001f70ce666e0 JavaThread "pool-2-thread-1"                   [_thread_blocked, id=20032, stack(0x0000000aad900000,0x0000000aada00000) (1024K)]
  0x000001f70ce66d70 JavaThread "WorkspaceEventsHandler"            [_thread_blocked, id=17840, stack(0x0000000aae000000,0x0000000aae100000) (1024K)]
  0x000001f70ce68120 JavaThread "pool-1-thread-1"                   [_thread_blocked, id=4708, stack(0x0000000aae100000,0x0000000aae200000) (1024K)]
  0x000001f70ce6c950 JavaThread "ForkJoinPool.commonPool-worker-1" daemon [_thread_blocked, id=51296, stack(0x0000000aade00000,0x0000000aadf00000) (1024K)]
  0x000001f70c87ae70 JavaThread "ForkJoinPool.commonPool-worker-2" daemon [_thread_blocked, id=30848, stack(0x0000000aa8b00000,0x0000000aa8c00000) (1024K)]
  0x000001f70d455d30 JavaThread "ForkJoinPool.commonPool-worker-8" daemon [_thread_blocked, id=54236, stack(0x0000000aadc00000,0x0000000aadd00000) (1024K)]
  0x000001f70d4563c0 JavaThread "ForkJoinPool.commonPool-worker-14" daemon [_thread_blocked, id=39928, stack(0x0000000aaec00000,0x0000000aaed00000) (1024K)]
  0x000001f70d456a50 JavaThread "ForkJoinPool.commonPool-worker-15" daemon [_thread_blocked, id=24052, stack(0x0000000aaed00000,0x0000000aaee00000) (1024K)]
  0x000001f70d453c60 JavaThread "ForkJoinPool.commonPool-worker-16" daemon [_thread_blocked, id=21672, stack(0x0000000aaee00000,0x0000000aaef00000) (1024K)]
  0x000001f70f220860 JavaThread "ForkJoinPool.commonPool-worker-17" daemon [_thread_blocked, id=12640, stack(0x0000000aaef00000,0x0000000aaf000000) (1024K)]
  0x000001f70f223ce0 JavaThread "ForkJoinPool.commonPool-worker-19" daemon [_thread_blocked, id=28444, stack(0x0000000aaf000000,0x0000000aaf100000) (1024K)]
  0x000001f70f220ef0 JavaThread "ForkJoinPool.commonPool-worker-21" daemon [_thread_blocked, id=15556, stack(0x0000000aaf100000,0x0000000aaf200000) (1024K)]
  0x000001f70f223650 JavaThread "ForkJoinPool.commonPool-worker-20" daemon [_thread_blocked, id=2152, stack(0x0000000aaf200000,0x0000000aaf300000) (1024K)]
  0x000001f70f224370 JavaThread "ForkJoinPool.commonPool-worker-18" daemon [_thread_blocked, id=21312, stack(0x0000000aaf300000,0x0000000aaf400000) (1024K)]
  0x000001f70f2222a0 JavaThread "Cleaner-0"                  daemon [_thread_blocked, id=4196, stack(0x0000000aae200000,0x0000000aae300000) (1024K)]
  0x000001f70a1f6c40 JavaThread "Worker-14"                         [_thread_blocked, id=22428, stack(0x0000000aa7700000,0x0000000aa7800000) (1024K)]
  0x000001f70a1f3e50 JavaThread "Compiler Source File Reader" daemon [_thread_blocked, id=27808, stack(0x0000000aa8600000,0x0000000aa8700000) (1024K)]
  0x000001f70ce6d670 JavaThread "Compiler Source File Reader" daemon [_thread_blocked, id=28280, stack(0x0000000aa8a00000,0x0000000aa8b00000) (1024K)]
  0x000001f70ce6bc30 JavaThread "Compiler Source File Reader" daemon [_thread_blocked, id=18116, stack(0x0000000aae300000,0x0000000aae400000) (1024K)]
  0x000001f70ce67a90 JavaThread "Compiler Source File Reader" daemon [_thread_blocked, id=57676, stack(0x0000000aa7800000,0x0000000aa7900000) (1024K)]
  0x000001f70ce6cfe0 JavaThread "Worker-17"                         [_thread_blocked, id=21072, stack(0x0000000aa8d00000,0x0000000aa8e00000) (1024K)]
  0x000001f70a1f37c0 JavaThread "Compiler Source File Reader" daemon [_thread_blocked, id=26284, stack(0x0000000aa9400000,0x0000000aa9500000) (1024K)]
  0x000001f70a1f8d10 JavaThread "Compiler Source File Reader" daemon [_thread_blocked, id=30304, stack(0x0000000aa7900000,0x0000000aa7a00000) (1024K)]
  0x000001f70a1f93a0 JavaThread "Compiler Source File Reader" daemon [_thread_blocked, id=45428, stack(0x0000000aa9500000,0x0000000aa9600000) (1024K)]
  0x000001f70a1fa0c0 JavaThread "Compiler Source File Reader" daemon [_thread_blocked, id=22952, stack(0x0000000aaa100000,0x0000000aaa200000) (1024K)]
  0x000001f70a1fade0 JavaThread "Compiler Source File Reader" daemon [_thread_blocked, id=14520, stack(0x0000000aaa500000,0x0000000aaa600000) (1024K)]
  0x000001f70f221c10 JavaThread "Compiler Source File Reader" daemon [_thread_blocked, id=28284, stack(0x0000000aaa800000,0x0000000aaa900000) (1024K)]
  0x000001f70f222fc0 JavaThread "Compiler Source File Reader" daemon [_thread_blocked, id=57540, stack(0x0000000aaaf00000,0x0000000aab000000) (1024K)]
  0x000001f70f2277f0 JavaThread "Compiler Source File Reader" daemon [_thread_blocked, id=52212, stack(0x0000000aab000000,0x0000000aab100000) (1024K)]
  0x000001f70f225db0 JavaThread "Compiler Source File Reader" daemon [_thread_blocked, id=45864, stack(0x0000000aab100000,0x0000000aab200000) (1024K)]
  0x000001f70f225720 JavaThread "Compiler Source File Reader" daemon [_thread_blocked, id=23440, stack(0x0000000aab200000,0x0000000aab300000) (1024K)]
  0x000001f70f226440 JavaThread "Compiler Source File Reader" daemon [_thread_blocked, id=9260, stack(0x0000000aab700000,0x0000000aab800000) (1024K)]
  0x000001f70c87b500 JavaThread "ForkJoinPool.commonPool-worker-22" daemon [_thread_blocked, id=15628, stack(0x0000000aadb00000,0x0000000aadc00000) (1024K)]
  0x000001f70c879430 JavaThread "ForkJoinPool.commonPool-worker-23" daemon [_thread_blocked, id=53876, stack(0x0000000aadd00000,0x0000000aade00000) (1024K)]
  0x000001f70c879ac0 JavaThread "ForkJoinPool.commonPool-worker-24" daemon [_thread_blocked, id=5920, stack(0x0000000aadf00000,0x0000000aae000000) (1024K)]
  0x000001f70c87c220 JavaThread "ForkJoinPool.commonPool-worker-25" daemon [_thread_blocked, id=30992, stack(0x0000000aae400000,0x0000000aae500000) (1024K)]
  0x000001f70d4570e0 JavaThread "ForkJoinPool.commonPool-worker-26" daemon [_thread_blocked, id=36844, stack(0x0000000aae500000,0x0000000aae600000) (1024K)]
  0x000001f70d4542f0 JavaThread "ForkJoinPool.commonPool-worker-27" daemon [_thread_blocked, id=26856, stack(0x0000000aae600000,0x0000000aae700000) (1024K)]
  0x000001f70d455010 JavaThread "ForkJoinPool.commonPool-worker-28" daemon [_thread_blocked, id=38012, stack(0x0000000aae700000,0x0000000aae800000) (1024K)]
  0x000001f70d454980 JavaThread "ForkJoinPool.commonPool-worker-29" daemon [_thread_blocked, id=58108, stack(0x0000000aae800000,0x0000000aae900000) (1024K)]
  0x000001f70d4556a0 JavaThread "ForkJoinPool.commonPool-worker-30" daemon [_thread_blocked, id=27832, stack(0x0000000aae900000,0x0000000aaea00000) (1024K)]
  0x000001f70b259410 JavaThread "ForkJoinPool.commonPool-worker-31" daemon [_thread_blocked, id=11968, stack(0x0000000aaea00000,0x0000000aaeb00000) (1024K)]
  0x000001f70b257340 JavaThread "ForkJoinPool.commonPool-worker-32" daemon [_thread_blocked, id=45664, stack(0x0000000aaeb00000,0x0000000aaec00000) (1024K)]
  0x000001f70b256620 JavaThread "ForkJoinPool.commonPool-worker-33" daemon [_thread_blocked, id=33064, stack(0x0000000aaf400000,0x0000000aaf500000) (1024K)]
  0x000001f70c3013c0 JavaThread "Worker-18"                         [_thread_blocked, id=19776, stack(0x0000000aa8800000,0x0000000aa8900000) (1024K)]
  0x000001f70c301a50 JavaThread "Compiler Processing Task"   daemon [_thread_blocked, id=41284, stack(0x0000000aa8900000,0x0000000aa8a00000) (1024K)]
  0x000001f70c303490 JavaThread "pool-1-thread-12"                  [_thread_blocked, id=48232, stack(0x0000000aa8e00000,0x0000000aa8f00000) (1024K)]
  0x000001f70c306280 JavaThread "Java Debug Server"          daemon [_thread_in_native, id=47628, stack(0x0000000aaf600000,0x0000000aaf700000) (1024K)]
  0x000001f70c304ed0 JavaThread "RxSchedulerPurge-1"         daemon [_thread_blocked, id=23124, stack(0x0000000aafb00000,0x0000000aafc00000) (1024K)]
  0x000001f70c305560 JavaThread "RxCachedWorkerPoolEvictor-1" daemon [_thread_blocked, id=23448, stack(0x0000000aafc00000,0x0000000aafd00000) (1024K)]
  0x000001f70ce6b5a0 JavaThread "Worker-19"                         [_thread_blocked, id=25452, stack(0x0000000aaf700000,0x0000000aaf800000) (1024K)]
  0x000001f70d99fb20 JavaThread "C1 CompilerThread1"         daemon [_thread_blocked, id=4792, stack(0x0000000aada00000,0x0000000aadb00000) (1024K)]
  0x000001f70d99ed80 JavaThread "C1 CompilerThread2"         daemon [_thread_blocked, id=47400, stack(0x0000000aaf800000,0x0000000aaf900000) (1024K)]
Total: 106

Other Threads:
  0x000001f7027fc250 VMThread "VM Thread"                           [id=49640, stack(0x0000000aa7d00000,0x0000000aa7e00000) (1024K)]
  0x000001f7010dca00 WatcherThread "VM Periodic Task Thread"        [id=29480, stack(0x0000000aa7c00000,0x0000000aa7d00000) (1024K)]
  0x000001f6abde49d0 WorkerThread "GC Thread#0"                     [id=52064, stack(0x0000000aa7b00000,0x0000000aa7c00000) (1024K)]
  0x000001f70ad72010 WorkerThread "GC Thread#1"                     [id=20180, stack(0x0000000aa8f00000,0x0000000aa9000000) (1024K)]
  0x000001f70a2f6620 WorkerThread "GC Thread#2"                     [id=3900, stack(0x0000000aa9000000,0x0000000aa9100000) (1024K)]
  0x000001f70a2f69c0 WorkerThread "GC Thread#3"                     [id=35824, stack(0x0000000aa9100000,0x0000000aa9200000) (1024K)]
  0x000001f70a2f6d60 WorkerThread "GC Thread#4"                     [id=47380, stack(0x0000000aa9200000,0x0000000aa9300000) (1024K)]
  0x000001f70a2f7100 WorkerThread "GC Thread#5"                     [id=24328, stack(0x0000000aa9300000,0x0000000aa9400000) (1024K)]
  0x000001f70a903280 WorkerThread "GC Thread#6"                     [id=57436, stack(0x0000000aa9700000,0x0000000aa9800000) (1024K)]
  0x000001f70b11dde0 WorkerThread "GC Thread#7"                     [id=36496, stack(0x0000000aa9800000,0x0000000aa9900000) (1024K)]
  0x000001f70a8c4d50 WorkerThread "GC Thread#8"                     [id=42956, stack(0x0000000aa9d00000,0x0000000aa9e00000) (1024K)]
  0x000001f70a8c5bd0 WorkerThread "GC Thread#9"                     [id=27292, stack(0x0000000aa9e00000,0x0000000aa9f00000) (1024K)]
  0x000001f70a8c5490 WorkerThread "GC Thread#10"                    [id=6700, stack(0x0000000aa9f00000,0x0000000aaa000000) (1024K)]
  0x000001f70a8c5f70 WorkerThread "GC Thread#11"                    [id=628, stack(0x0000000aaa200000,0x0000000aaa300000) (1024K)]
  0x000001f70a8c6310 WorkerThread "GC Thread#12"                    [id=56724, stack(0x0000000aaa300000,0x0000000aaa400000) (1024K)]
  0x000001f70b481e20 WorkerThread "GC Thread#13"                    [id=3660, stack(0x0000000aaa600000,0x0000000aaa700000) (1024K)]
  0x000001f70b4849a0 WorkerThread "GC Thread#14"                    [id=24640, stack(0x0000000aaa700000,0x0000000aaa800000) (1024K)]
  0x000001f70b4821c0 WorkerThread "GC Thread#15"                    [id=17004, stack(0x0000000aaa900000,0x0000000aaaa00000) (1024K)]
  0x000001f70b481a80 WorkerThread "GC Thread#16"                    [id=56032, stack(0x0000000aaaa00000,0x0000000aaab00000) (1024K)]
  0x000001f70b482ca0 WorkerThread "GC Thread#17"                    [id=8124, stack(0x0000000aaab00000,0x0000000aaac00000) (1024K)]
  0x000001f70b483040 WorkerThread "GC Thread#18"                    [id=32908, stack(0x0000000aaad00000,0x0000000aaae00000) (1024K)]
  0x000001f70b484d40 WorkerThread "GC Thread#19"                    [id=35536, stack(0x0000000aab300000,0x0000000aab400000) (1024K)]
  0x000001f70c62edf0 WorkerThread "GC Thread#20"                    [id=8300, stack(0x0000000aab400000,0x0000000aab500000) (1024K)]
  0x000001f70c62ea50 WorkerThread "GC Thread#21"                    [id=33744, stack(0x0000000aab500000,0x0000000aab600000) (1024K)]
  0x000001f70c630010 WorkerThread "GC Thread#22"                    [id=10132, stack(0x0000000aab600000,0x0000000aab700000) (1024K)]
Total: 25

Threads with active compile tasks:
C2 CompilerThread0  2298502 26133       4       org.eclipse.jdt.internal.core.dom.rewrite.ASTRewriteAnalyzer::visit (51 bytes)
Total: 1

VM state: not at safepoint (normal execution)

VM Mutex/Monitor currently owned by a thread: None

Heap address: 0x00000000c0000000, size: 1024 MB, Compressed Oops mode: 32-bit

CDS archive(s) mapped at: [0x000001f6c0000000-0x000001f6c0ba0000-0x000001f6c0ba0000), size 12189696, SharedBaseAddress: 0x000001f6c0000000, ArchiveRelocationMode: 1.
Compressed class space mapped at: 0x000001f6c1000000-0x000001f701000000, reserved size: 1073741824
Narrow klass base: 0x000001f6c0000000, Narrow klass shift: 0, Narrow klass range: 0x100000000

GC Precious Log:
 CardTable entry size: 512
 CPUs: 32 total, 32 available
 Memory: 32472M
 Large Page Support: Disabled
 NUMA Support: Disabled
 Compressed Oops: Enabled (32-bit)
 Alignments: Space 512K, Generation 512K, Heap 2M
 Heap Min Capacity: 100M
 Heap Initial Capacity: 100M
 Heap Max Capacity: 1G
 Pre-touch: Disabled
 Parallel Workers: 23

Heap:
 PSYoungGen      total 6144K, used 2199K [0x00000000eab00000, 0x00000000eb500000, 0x0000000100000000)
  eden space 5120K, 26% used [0x00000000eab00000,0x00000000eac4dfd8,0x00000000eb000000)
  from space 1024K, 84% used [0x00000000eb300000,0x00000000eb3d8000,0x00000000eb400000)
  to   space 1024K, 0% used [0x00000000eb400000,0x00000000eb400000,0x00000000eb500000)
 ParOldGen       total 573440K, used 573004K [0x00000000c0000000, 0x00000000e3000000, 0x00000000eab00000)
  object space 573440K, 99% used [0x00000000c0000000,0x00000000e2f931e8,0x00000000e3000000)
 Metaspace       used 92077K, committed 93696K, reserved 1179648K
  class space    used 9203K, committed 9984K, reserved 1048576K

Card table byte_map: [0x000001f6ab760000,0x000001f6ab970000] _byte_map_base: 0x000001f6ab160000

Marking Bits: (ParMarkBitMap*) 0x00007ffdd53d3260
 Begin Bits: [0x000001f6bdfb0000, 0x000001f6befb0000)
 End Bits:   [0x000001f6befb0000, 0x000001f6bffb0000)

Polling page: 0x000001f6a9ba0000

Metaspace:

Usage:
  Non-class:     80.93 MB used.
      Class:      8.99 MB used.
       Both:     89.92 MB used.

Virtual space:
  Non-class space:      128.00 MB reserved,      81.75 MB ( 64%) committed,  2 nodes.
      Class space:        1.00 GB reserved,       9.75 MB ( <1%) committed,  1 nodes.
             Both:        1.12 GB reserved,      91.50 MB (  8%) committed. 

Chunk freelists:
   Non-Class:  13.56 MB
       Class:  6.16 MB
        Both:  19.73 MB

MaxMetaspaceSize: unlimited
CompressedClassSpaceSize: 1.00 GB
Initial GC threshold: 21.00 MB
Current GC threshold: 144.19 MB
CDS: on
 - commit_granule_bytes: 65536.
 - commit_granule_words: 8192.
 - virtual_space_node_default_size: 8388608.
 - enlarge_chunks_in_place: 1.
 - use_allocation_guard: 0.


Internal statistics:

num_allocs_failed_limit: 9.
num_arena_births: 1850.
num_arena_deaths: 352.
num_vsnodes_births: 3.
num_vsnodes_deaths: 0.
num_space_committed: 1464.
num_space_uncommitted: 0.
num_chunks_returned_to_freelist: 420.
num_chunks_taken_from_freelist: 6462.
num_chunk_merges: 107.
num_chunk_splits: 3762.
num_chunks_enlarged: 2020.
num_inconsistent_stats: 0.

CodeHeap 'non-profiled nmethods': size=118848Kb used=19101Kb max_used=19101Kb free=99746Kb
 bounds [0x000001f6b6ba0000, 0x000001f6b7e50000, 0x000001f6bdfb0000]
CodeHeap 'profiled nmethods': size=118848Kb used=34195Kb max_used=39131Kb free=84652Kb
 bounds [0x000001f6aefb0000, 0x000001f6b15f0000, 0x000001f6b63c0000]
CodeHeap 'non-nmethods': size=8064Kb used=2667Kb max_used=3842Kb free=5396Kb
 bounds [0x000001f6b63c0000, 0x000001f6b6790000, 0x000001f6b6ba0000]
 total_blobs=14545 nmethods=13684 adapters=759
 compilation: enabled
              stopped_count=0, restarted_count=0
 full_count=0

Compilation events (20 events):
Event: 2298.460 Thread 0x000001f702816940 nmethod 26127 0x000001f6afdec710 code [0x000001f6afdeca20, 0x000001f6afdeda00]
Event: 2298.460 Thread 0x000001f702816940 26128       3       org.eclipse.jdt.ls.core.internal.corrections.RefactorProcessor::getExtractInterfaceProposal (59 bytes)
Event: 2298.460 Thread 0x000001f702816940 nmethod 26128 0x000001f6b03ca890 code [0x000001f6b03cab20, 0x000001f6b03cb558]
Event: 2298.460 Thread 0x000001f702816940 26130   !   3       org.eclipse.jdt.ls.core.internal.text.correction.RefactorProposalUtility::getChangeSignatureProposal (151 bytes)
Event: 2298.461 Thread 0x000001f70d99fb20 nmethod 26125 0x000001f6b0505c90 code [0x000001f6b0506420, 0x000001f6b050a700]
Event: 2298.461 Thread 0x000001f70d99fb20 26131       3       org.eclipse.jdt.ls.core.internal.corrections.RefactorProcessor::getIntroduceParameterProposals (42 bytes)
Event: 2298.461 Thread 0x000001f70d99fb20 nmethod 26131 0x000001f6aeff5f90 code [0x000001f6aeff61c0, 0x000001f6aeff6828]
Event: 2298.463 Thread 0x000001f70d99fb20 26132   !   3       org.eclipse.jdt.ls.core.internal.corrections.RefactorProcessor::getInlineProposal (474 bytes)
Event: 2298.463 Thread 0x000001f70280e5e0 26133       4       org.eclipse.jdt.internal.core.dom.rewrite.ASTRewriteAnalyzer::visit (51 bytes)
Event: 2298.463 Thread 0x000001f702816940 nmethod 26130 0x000001f6afde9b90 code [0x000001f6afde9f80, 0x000001f6afdebc48]
Event: 2298.463 Thread 0x000001f702816940 26118       3       java.util.function.BinaryOperator::maxBy (12 bytes)
Event: 2298.463 Thread 0x000001f70d99ed80 nmethod 26121 0x000001f6b09b6510 code [0x000001f6b09b69a0, 0x000001f6b09b8c58]
Event: 2298.463 Thread 0x000001f70d99ed80 26119       3       java.util.function.BinaryOperator$$Lambda/0x000001f6c157e4e0::<init> (10 bytes)
Event: 2298.463 Thread 0x000001f70d99ed80 nmethod 26119 0x000001f6afde9590 code [0x000001f6afde9740, 0x000001f6afde98c8]
Event: 2298.463 Thread 0x000001f70d99ed80 26134       3       org.eclipse.jdt.core.dom.VariableDeclarationExpression::internalStructuralPropertiesForType (5 bytes)
Event: 2298.463 Thread 0x000001f70d99ed80 nmethod 26134 0x000001f6aeff5b10 code [0x000001f6aeff5cc0, 0x000001f6aeff5e98]
Event: 2298.463 Thread 0x000001f70d99ed80 26135       3       org.eclipse.jdt.core.dom.VariableDeclarationExpression::propertyDescriptors (13 bytes)
Event: 2298.463 Thread 0x000001f70d99ed80 nmethod 26135 0x000001f6b0c1f690 code [0x000001f6b0c1f840, 0x000001f6b0c1f998]
Event: 2298.463 Thread 0x000001f702816940 nmethod 26118 0x000001f6b09b5990 code [0x000001f6b09b5ba0, 0x000001f6b09b62a0]
Event: 2298.464 Thread 0x000001f70d99fb20 nmethod 26132 0x000001f6b141ba90 code [0x000001f6b141c1c0, 0x000001f6b1420580]

GC Heap History (20 events):
Event: 2294.903 GC heap before
{Heap before GC invocations=5343 (full 11):
 PSYoungGen      total 8192K, used 8176K [0x00000000eab00000, 0x00000000ec380000, 0x0000000100000000)
  eden space 5632K, 100% used [0x00000000eab00000,0x00000000eb080000,0x00000000eb080000)
  from space 2560K, 99% used [0x00000000eb480000,0x00000000eb6fc128,0x00000000eb700000)
  to   space 9728K, 0% used [0x00000000eba00000,0x00000000eba00000,0x00000000ec380000)
 ParOldGen       total 562688K, used 562619K [0x00000000c0000000, 0x00000000e2580000, 0x00000000eab00000)
  object space 562688K, 99% used [0x00000000c0000000,0x00000000e256ee30,0x00000000e2580000)
 Metaspace       used 92032K, committed 93696K, reserved 1179648K
  class space    used 9203K, committed 9984K, reserved 1048576K
}
Event: 2294.905 GC heap after
{Heap after GC invocations=5343 (full 11):
 PSYoungGen      total 6656K, used 832K [0x00000000eab00000, 0x00000000ebb00000, 0x0000000100000000)
  eden space 5632K, 0% used [0x00000000eab00000,0x00000000eab00000,0x00000000eb080000)
  from space 1024K, 81% used [0x00000000eba00000,0x00000000ebad0000,0x00000000ebb00000)
  to   space 3584K, 0% used [0x00000000eb400000,0x00000000eb400000,0x00000000eb780000)
 ParOldGen       total 563200K, used 563139K [0x00000000c0000000, 0x00000000e2600000, 0x00000000eab00000)
  object space 563200K, 99% used [0x00000000c0000000,0x00000000e25f0e30,0x00000000e2600000)
 Metaspace       used 92032K, committed 93696K, reserved 1179648K
  class space    used 9203K, committed 9984K, reserved 1048576K
}
Event: 2295.223 GC heap before
{Heap before GC invocations=5344 (full 11):
 PSYoungGen      total 6656K, used 6464K [0x00000000eab00000, 0x00000000ebb00000, 0x0000000100000000)
  eden space 5632K, 100% used [0x00000000eab00000,0x00000000eb080000,0x00000000eb080000)
  from space 1024K, 81% used [0x00000000eba00000,0x00000000ebad0000,0x00000000ebb00000)
  to   space 3584K, 0% used [0x00000000eb400000,0x00000000eb400000,0x00000000eb780000)
 ParOldGen       total 563200K, used 563139K [0x00000000c0000000, 0x00000000e2600000, 0x00000000eab00000)
  object space 563200K, 99% used [0x00000000c0000000,0x00000000e25f0e30,0x00000000e2600000)
 Metaspace       used 92032K, committed 93696K, reserved 1179648K
  class space    used 9203K, committed 9984K, reserved 1048576K
}
Event: 2295.225 GC heap after
{Heap after GC invocations=5344 (full 11):
 PSYoungGen      total 9216K, used 288K [0x00000000eab00000, 0x00000000eba80000, 0x0000000100000000)
  eden space 5632K, 0% used [0x00000000eab00000,0x00000000eab00000,0x00000000eb080000)
  from space 3584K, 8% used [0x00000000eb400000,0x00000000eb448000,0x00000000eb780000)
  to   space 1024K, 0% used [0x00000000eb980000,0x00000000eb980000,0x00000000eba80000)
 ParOldGen       total 563712K, used 563427K [0x00000000c0000000, 0x00000000e2680000, 0x00000000eab00000)
  object space 563712K, 99% used [0x00000000c0000000,0x00000000e2638e30,0x00000000e2680000)
 Metaspace       used 92032K, committed 93696K, reserved 1179648K
  class space    used 9203K, committed 9984K, reserved 1048576K
}
Event: 2297.018 GC heap before
{Heap before GC invocations=5345 (full 11):
 PSYoungGen      total 9216K, used 5920K [0x00000000eab00000, 0x00000000eba80000, 0x0000000100000000)
  eden space 5632K, 100% used [0x00000000eab00000,0x00000000eb080000,0x00000000eb080000)
  from space 3584K, 8% used [0x00000000eb400000,0x00000000eb448000,0x00000000eb780000)
  to   space 1024K, 0% used [0x00000000eb980000,0x00000000eb980000,0x00000000eba80000)
 ParOldGen       total 563712K, used 563427K [0x00000000c0000000, 0x00000000e2680000, 0x00000000eab00000)
  object space 563712K, 99% used [0x00000000c0000000,0x00000000e2638e30,0x00000000e2680000)
 Metaspace       used 92032K, committed 93696K, reserved 1179648K
  class space    used 9203K, committed 9984K, reserved 1048576K
}
Event: 2297.019 GC heap after
{Heap after GC invocations=5345 (full 11):
 PSYoungGen      total 6656K, used 656K [0x00000000eab00000, 0x00000000eba80000, 0x0000000100000000)
  eden space 5632K, 0% used [0x00000000eab00000,0x00000000eab00000,0x00000000eb080000)
  from space 1024K, 64% used [0x00000000eb980000,0x00000000eba24010,0x00000000eba80000)
  to   space 1024K, 0% used [0x00000000eb880000,0x00000000eb880000,0x00000000eb980000)
 ParOldGen       total 563712K, used 563507K [0x00000000c0000000, 0x00000000e2680000, 0x00000000eab00000)
  object space 563712K, 99% used [0x00000000c0000000,0x00000000e264ce30,0x00000000e2680000)
 Metaspace       used 92032K, committed 93696K, reserved 1179648K
  class space    used 9203K, committed 9984K, reserved 1048576K
}
Event: 2297.126 GC heap before
{Heap before GC invocations=5346 (full 11):
 PSYoungGen      total 6656K, used 6288K [0x00000000eab00000, 0x00000000eba80000, 0x0000000100000000)
  eden space 5632K, 100% used [0x00000000eab00000,0x00000000eb080000,0x00000000eb080000)
  from space 1024K, 64% used [0x00000000eb980000,0x00000000eba24010,0x00000000eba80000)
  to   space 1024K, 0% used [0x00000000eb880000,0x00000000eb880000,0x00000000eb980000)
 ParOldGen       total 563712K, used 563507K [0x00000000c0000000, 0x00000000e2680000, 0x00000000eab00000)
  object space 563712K, 99% used [0x00000000c0000000,0x00000000e264ce30,0x00000000e2680000)
 Metaspace       used 92047K, committed 93696K, reserved 1179648K
  class space    used 9203K, committed 9984K, reserved 1048576K
}
Event: 2297.127 GC heap after
{Heap after GC invocations=5346 (full 11):
 PSYoungGen      total 6656K, used 288K [0x00000000eab00000, 0x00000000eba00000, 0x0000000100000000)
  eden space 5632K, 0% used [0x00000000eab00000,0x00000000eab00000,0x00000000eb080000)
  from space 1024K, 28% used [0x00000000eb880000,0x00000000eb8c8000,0x00000000eb980000)
  to   space 512K, 0% used [0x00000000eb980000,0x00000000eb980000,0x00000000eba00000)
 ParOldGen       total 564224K, used 563965K [0x00000000c0000000, 0x00000000e2700000, 0x00000000eab00000)
  object space 564224K, 99% used [0x00000000c0000000,0x00000000e26bf760,0x00000000e2700000)
 Metaspace       used 92047K, committed 93696K, reserved 1179648K
  class space    used 9203K, committed 9984K, reserved 1048576K
}
Event: 2297.795 GC heap before
{Heap before GC invocations=5347 (full 11):
 PSYoungGen      total 6656K, used 5920K [0x00000000eab00000, 0x00000000eba00000, 0x0000000100000000)
  eden space 5632K, 100% used [0x00000000eab00000,0x00000000eb080000,0x00000000eb080000)
  from space 1024K, 28% used [0x00000000eb880000,0x00000000eb8c8000,0x00000000eb980000)
  to   space 512K, 0% used [0x00000000eb980000,0x00000000eb980000,0x00000000eba00000)
 ParOldGen       total 564224K, used 563965K [0x00000000c0000000, 0x00000000e2700000, 0x00000000eab00000)
  object space 564224K, 99% used [0x00000000c0000000,0x00000000e26bf760,0x00000000e2700000)
 Metaspace       used 92054K, committed 93696K, reserved 1179648K
  class space    used 9203K, committed 9984K, reserved 1048576K
}
Event: 2297.798 GC heap after
{Heap after GC invocations=5347 (full 11):
 PSYoungGen      total 6144K, used 490K [0x00000000eab00000, 0x00000000eba00000, 0x0000000100000000)
  eden space 5632K, 0% used [0x00000000eab00000,0x00000000eab00000,0x00000000eb080000)
  from space 512K, 95% used [0x00000000eb980000,0x00000000eb9fa818,0x00000000eba00000)
  to   space 3072K, 0% used [0x00000000eb400000,0x00000000eb400000,0x00000000eb700000)
 ParOldGen       total 566272K, used 565847K [0x00000000c0000000, 0x00000000e2900000, 0x00000000eab00000)
  object space 566272K, 99% used [0x00000000c0000000,0x00000000e2895f78,0x00000000e2900000)
 Metaspace       used 92054K, committed 93696K, reserved 1179648K
  class space    used 9203K, committed 9984K, reserved 1048576K
}
Event: 2297.807 GC heap before
{Heap before GC invocations=5348 (full 11):
 PSYoungGen      total 6144K, used 6122K [0x00000000eab00000, 0x00000000eba00000, 0x0000000100000000)
  eden space 5632K, 100% used [0x00000000eab00000,0x00000000eb080000,0x00000000eb080000)
  from space 512K, 95% used [0x00000000eb980000,0x00000000eb9fa818,0x00000000eba00000)
  to   space 3072K, 0% used [0x00000000eb400000,0x00000000eb400000,0x00000000eb700000)
 ParOldGen       total 566272K, used 565847K [0x00000000c0000000, 0x00000000e2900000, 0x00000000eab00000)
  object space 566272K, 99% used [0x00000000c0000000,0x00000000e2895f78,0x00000000e2900000)
 Metaspace       used 92054K, committed 93696K, reserved 1179648K
  class space    used 9203K, committed 9984K, reserved 1048576K
}
Event: 2297.809 GC heap after
{Heap after GC invocations=5348 (full 11):
 PSYoungGen      total 8704K, used 3068K [0x00000000eab00000, 0x00000000eba00000, 0x0000000100000000)
  eden space 5632K, 0% used [0x00000000eab00000,0x00000000eab00000,0x00000000eb080000)
  from space 3072K, 99% used [0x00000000eb400000,0x00000000eb6ff250,0x00000000eb700000)
  to   space 3072K, 0% used [0x00000000eb700000,0x00000000eb700000,0x00000000eba00000)
 ParOldGen       total 566272K, used 566183K [0x00000000c0000000, 0x00000000e2900000, 0x00000000eab00000)
  object space 566272K, 99% used [0x00000000c0000000,0x00000000e28e9f98,0x00000000e2900000)
 Metaspace       used 92054K, committed 93696K, reserved 1179648K
  class space    used 9203K, committed 9984K, reserved 1048576K
}
Event: 2297.828 GC heap before
{Heap before GC invocations=5349 (full 11):
 PSYoungGen      total 8704K, used 8700K [0x00000000eab00000, 0x00000000eba00000, 0x0000000100000000)
  eden space 5632K, 100% used [0x00000000eab00000,0x00000000eb080000,0x00000000eb080000)
  from space 3072K, 99% used [0x00000000eb400000,0x00000000eb6ff250,0x00000000eb700000)
  to   space 3072K, 0% used [0x00000000eb700000,0x00000000eb700000,0x00000000eba00000)
 ParOldGen       total 566272K, used 566183K [0x00000000c0000000, 0x00000000e2900000, 0x00000000eab00000)
  object space 566272K, 99% used [0x00000000c0000000,0x00000000e28e9f98,0x00000000e2900000)
 Metaspace       used 92055K, committed 93696K, reserved 1179648K
  class space    used 9203K, committed 9984K, reserved 1048576K
}
Event: 2297.831 GC heap after
{Heap after GC invocations=5349 (full 11):
 PSYoungGen      total 8192K, used 3056K [0x00000000eab00000, 0x00000000ebe80000, 0x0000000100000000)
  eden space 5120K, 0% used [0x00000000eab00000,0x00000000eab00000,0x00000000eb000000)
  from space 3072K, 99% used [0x00000000eb700000,0x00000000eb9fc000,0x00000000eba00000)
  to   space 7168K, 0% used [0x00000000eb000000,0x00000000eb000000,0x00000000eb700000)
 ParOldGen       total 569856K, used 569692K [0x00000000c0000000, 0x00000000e2c80000, 0x00000000eab00000)
  object space 569856K, 99% used [0x00000000c0000000,0x00000000e2c571e8,0x00000000e2c80000)
 Metaspace       used 92055K, committed 93696K, reserved 1179648K
  class space    used 9203K, committed 9984K, reserved 1048576K
}
Event: 2297.891 GC heap before
{Heap before GC invocations=5350 (full 11):
 PSYoungGen      total 8192K, used 7497K [0x00000000eab00000, 0x00000000ebe80000, 0x0000000100000000)
  eden space 5120K, 86% used [0x00000000eab00000,0x00000000eaf56618,0x00000000eb000000)
  from space 3072K, 99% used [0x00000000eb700000,0x00000000eb9fc000,0x00000000eba00000)
  to   space 7168K, 0% used [0x00000000eb000000,0x00000000eb000000,0x00000000eb700000)
 ParOldGen       total 569856K, used 569692K [0x00000000c0000000, 0x00000000e2c80000, 0x00000000eab00000)
  object space 569856K, 99% used [0x00000000c0000000,0x00000000e2c571e8,0x00000000e2c80000)
 Metaspace       used 92055K, committed 93696K, reserved 1179648K
  class space    used 9203K, committed 9984K, reserved 1048576K
}
Event: 2297.894 GC heap after
{Heap after GC invocations=5350 (full 11):
 PSYoungGen      total 6144K, used 519K [0x00000000eab00000, 0x00000000eb780000, 0x0000000100000000)
  eden space 5120K, 0% used [0x00000000eab00000,0x00000000eab00000,0x00000000eb000000)
  from space 1024K, 50% used [0x00000000eb000000,0x00000000eb081d90,0x00000000eb100000)
  to   space 3072K, 0% used [0x00000000eb480000,0x00000000eb480000,0x00000000eb780000)
 ParOldGen       total 572928K, used 572764K [0x00000000c0000000, 0x00000000e2f80000, 0x00000000eab00000)
  object space 572928K, 99% used [0x00000000c0000000,0x00000000e2f571e8,0x00000000e2f80000)
 Metaspace       used 92055K, committed 93696K, reserved 1179648K
  class space    used 9203K, committed 9984K, reserved 1048576K
}
Event: 2298.266 GC heap before
{Heap before GC invocations=5351 (full 11):
 PSYoungGen      total 6144K, used 5639K [0x00000000eab00000, 0x00000000eb780000, 0x0000000100000000)
  eden space 5120K, 100% used [0x00000000eab00000,0x00000000eb000000,0x00000000eb000000)
  from space 1024K, 50% used [0x00000000eb000000,0x00000000eb081d90,0x00000000eb100000)
  to   space 3072K, 0% used [0x00000000eb480000,0x00000000eb480000,0x00000000eb780000)
 ParOldGen       total 572928K, used 572764K [0x00000000c0000000, 0x00000000e2f80000, 0x00000000eab00000)
  object space 572928K, 99% used [0x00000000c0000000,0x00000000e2f571e8,0x00000000e2f80000)
 Metaspace       used 92055K, committed 93696K, reserved 1179648K
  class space    used 9203K, committed 9984K, reserved 1048576K
}
Event: 2298.268 GC heap after
{Heap after GC invocations=5351 (full 11):
 PSYoungGen      total 5632K, used 352K [0x00000000eab00000, 0x00000000eb500000, 0x0000000100000000)
  eden space 5120K, 0% used [0x00000000eab00000,0x00000000eab00000,0x00000000eb000000)
  from space 512K, 68% used [0x00000000eb480000,0x00000000eb4d8000,0x00000000eb500000)
  to   space 1024K, 0% used [0x00000000eb300000,0x00000000eb300000,0x00000000eb400000)
 ParOldGen       total 572928K, used 572916K [0x00000000c0000000, 0x00000000e2f80000, 0x00000000eab00000)
  object space 572928K, 99% used [0x00000000c0000000,0x00000000e2f7d1e8,0x00000000e2f80000)
 Metaspace       used 92055K, committed 93696K, reserved 1179648K
  class space    used 9203K, committed 9984K, reserved 1048576K
}
Event: 2298.461 GC heap before
{Heap before GC invocations=5352 (full 11):
 PSYoungGen      total 5632K, used 5472K [0x00000000eab00000, 0x00000000eb500000, 0x0000000100000000)
  eden space 5120K, 100% used [0x00000000eab00000,0x00000000eb000000,0x00000000eb000000)
  from space 512K, 68% used [0x00000000eb480000,0x00000000eb4d8000,0x00000000eb500000)
  to   space 1024K, 0% used [0x00000000eb300000,0x00000000eb300000,0x00000000eb400000)
 ParOldGen       total 572928K, used 572916K [0x00000000c0000000, 0x00000000e2f80000, 0x00000000eab00000)
  object space 572928K, 99% used [0x00000000c0000000,0x00000000e2f7d1e8,0x00000000e2f80000)
 Metaspace       used 92071K, committed 93696K, reserved 1179648K
  class space    used 9203K, committed 9984K, reserved 1048576K
}
Event: 2298.462 GC heap after
{Heap after GC invocations=5352 (full 11):
 PSYoungGen      total 6144K, used 864K [0x00000000eab00000, 0x00000000eb500000, 0x0000000100000000)
  eden space 5120K, 0% used [0x00000000eab00000,0x00000000eab00000,0x00000000eb000000)
  from space 1024K, 84% used [0x00000000eb300000,0x00000000eb3d8000,0x00000000eb400000)
  to   space 1024K, 0% used [0x00000000eb400000,0x00000000eb400000,0x00000000eb500000)
 ParOldGen       total 573440K, used 573004K [0x00000000c0000000, 0x00000000e3000000, 0x00000000eab00000)
  object space 573440K, 99% used [0x00000000c0000000,0x00000000e2f931e8,0x00000000e3000000)
 Metaspace       used 92071K, committed 93696K, reserved 1179648K
  class space    used 9203K, committed 9984K, reserved 1048576K
}

Dll operation events (14 events):
Event: 0.005 Loaded shared library c:\Users\autot\.vscode\extensions\redhat.java-1.40.0-win32-x64\jre\21.0.6-win32-x86_64\bin\java.dll
Event: 0.040 Loaded shared library c:\Users\autot\.vscode\extensions\redhat.java-1.40.0-win32-x64\jre\21.0.6-win32-x86_64\bin\zip.dll
Event: 0.052 Loaded shared library C:\Users\autot\.vscode\extensions\redhat.java-1.40.0-win32-x64\jre\21.0.6-win32-x86_64\bin\instrument.dll
Event: 0.055 Loaded shared library C:\Users\autot\.vscode\extensions\redhat.java-1.40.0-win32-x64\jre\21.0.6-win32-x86_64\bin\net.dll
Event: 0.056 Loaded shared library C:\Users\autot\.vscode\extensions\redhat.java-1.40.0-win32-x64\jre\21.0.6-win32-x86_64\bin\nio.dll
Event: 0.059 Loaded shared library C:\Users\autot\.vscode\extensions\redhat.java-1.40.0-win32-x64\jre\21.0.6-win32-x86_64\bin\zip.dll
Event: 0.068 Loaded shared library C:\Users\autot\.vscode\extensions\redhat.java-1.40.0-win32-x64\jre\21.0.6-win32-x86_64\bin\jimage.dll
Event: 0.113 Loaded shared library c:\Users\autot\.vscode\extensions\redhat.java-1.40.0-win32-x64\jre\21.0.6-win32-x86_64\bin\verify.dll
Event: 0.783 Loaded shared library C:\Users\autot\AppData\Roaming\Code\User\globalStorage\redhat.java\1.40.0\config_win\org.eclipse.equinox.launcher\org.eclipse.equinox.launcher.win32.win32.x86_64_1.2.1200.v20250212-0927\eclipse_11909.dll
Event: 1.521 Loaded shared library C:\Users\autot\.vscode\extensions\redhat.java-1.40.0-win32-x64\jre\21.0.6-win32-x86_64\bin\management.dll
Event: 1.523 Loaded shared library C:\Users\autot\.vscode\extensions\redhat.java-1.40.0-win32-x64\jre\21.0.6-win32-x86_64\bin\management_ext.dll
Event: 2.417 Loaded shared library C:\Users\autot\AppData\Local\Temp\jna-93182117\jna11523586815340443113.dll
Event: 2.725 Loaded shared library C:\Users\autot\.vscode\extensions\redhat.java-1.40.0-win32-x64\jre\21.0.6-win32-x86_64\bin\sunmscapi.dll
Event: 2.801 Loaded shared library C:\Users\autot\.vscode\extensions\redhat.java-1.40.0-win32-x64\jre\21.0.6-win32-x86_64\bin\extnet.dll

Deoptimization events (20 events):
Event: 2290.445 Thread 0x000001f70b259410 Uncommon trap: trap_request=0xffffff45 fr.pc=0x000001f6b7e0d2bc relative=0x00000000000001dc
Event: 2290.445 Thread 0x000001f70b259410 Uncommon trap: reason=unstable_if action=reinterpret pc=0x000001f6b7e0d2bc method=org.eclipse.jdt.internal.compiler.codegen.CodeStream.load(Lorg/eclipse/jdt/internal/compiler/lookup/TypeBinding;I)V @ 333 c2
Event: 2290.445 Thread 0x000001f70b259410 DEOPT PACKING pc=0x000001f6b7e0d2bc sp=0x0000000aaeafdd00
Event: 2290.445 Thread 0x000001f70b259410 DEOPT UNPACKING pc=0x000001f6b6413aa2 sp=0x0000000aaeafdc88 mode 2
Event: 2293.332 Thread 0x000001f70c3013c0 Uncommon trap: trap_request=0xffffffcc fr.pc=0x000001f6b7e35ea4 relative=0x00000000000002e4
Event: 2293.332 Thread 0x000001f70c3013c0 Uncommon trap: reason=intrinsic_or_type_checked_inlining action=make_not_entrant pc=0x000001f6b7e35ea4 method=org.eclipse.jdt.internal.compiler.parser.Parser.consumeReduceImports()V @ 55 c2
Event: 2293.332 Thread 0x000001f70c3013c0 DEOPT PACKING pc=0x000001f6b7e35ea4 sp=0x0000000aa88febc0
Event: 2293.332 Thread 0x000001f70c3013c0 DEOPT UNPACKING pc=0x000001f6b6413aa2 sp=0x0000000aa88feb50 mode 2
Event: 2293.335 Thread 0x000001f70c879ac0 Uncommon trap: trap_request=0xffffff45 fr.pc=0x000001f6b7347090 relative=0x0000000000000230
Event: 2293.335 Thread 0x000001f70c879ac0 Uncommon trap: reason=unstable_if action=reinterpret pc=0x000001f6b7347090 method=org.eclipse.jdt.internal.compiler.ast.Expression.computeConversion(Lorg/eclipse/jdt/internal/compiler/lookup/Scope;Lorg/eclipse/jdt/internal/compiler/lookup/TypeBinding;Lorg
Event: 2293.335 Thread 0x000001f70c879ac0 DEOPT PACKING pc=0x000001f6b7347090 sp=0x0000000aadffe410
Event: 2293.335 Thread 0x000001f70c879ac0 DEOPT UNPACKING pc=0x000001f6b6413aa2 sp=0x0000000aadffe390 mode 2
Event: 2293.335 Thread 0x000001f70c879ac0 Uncommon trap: trap_request=0xffffff45 fr.pc=0x000001f6b7bfb5dc relative=0x00000000000002dc
Event: 2293.335 Thread 0x000001f70c879ac0 Uncommon trap: reason=unstable_if action=reinterpret pc=0x000001f6b7bfb5dc method=org.eclipse.jdt.internal.compiler.codegen.CodeStream.generateConstant(Lorg/eclipse/jdt/internal/compiler/impl/Constant;I)V @ 173 c2
Event: 2293.335 Thread 0x000001f70c879ac0 DEOPT PACKING pc=0x000001f6b7bfb5dc sp=0x0000000aadffe570
Event: 2293.335 Thread 0x000001f70c879ac0 DEOPT UNPACKING pc=0x000001f6b6413aa2 sp=0x0000000aadffe490 mode 2
Event: 2293.740 Thread 0x000001f70a1f6c40 Uncommon trap: trap_request=0xffffff45 fr.pc=0x000001f6b74f3cdc relative=0x00000000000001dc
Event: 2293.740 Thread 0x000001f70a1f6c40 Uncommon trap: reason=unstable_if action=reinterpret pc=0x000001f6b74f3cdc method=org.eclipse.jdt.internal.compiler.codegen.CodeStream.generateConstant(Lorg/eclipse/jdt/internal/compiler/impl/Constant;I)V @ 173 c2
Event: 2293.740 Thread 0x000001f70a1f6c40 DEOPT PACKING pc=0x000001f6b74f3cdc sp=0x0000000aa77fe430
Event: 2293.740 Thread 0x000001f70a1f6c40 DEOPT UNPACKING pc=0x000001f6b6413aa2 sp=0x0000000aa77fe3d8 mode 2

Classes loaded (20 events):
Event: 2178.222 Loading class java/net/ServerSocket
Event: 2178.222 Loading class java/net/ServerSocket done
Event: 2178.232 Loading class java/lang/VerifyError
Event: 2178.232 Loading class java/lang/VerifyError done
Event: 2178.232 Loading class java/lang/ClassCircularityError
Event: 2178.232 Loading class java/lang/ClassCircularityError done
Event: 2178.306 Loading class java/util/stream/SliceOps
Event: 2178.306 Loading class java/util/stream/SliceOps done
Event: 2178.306 Loading class java/util/stream/SliceOps$1
Event: 2178.306 Loading class java/util/stream/SliceOps$1 done
Event: 2178.308 Loading class java/util/stream/SliceOps$1$1
Event: 2178.308 Loading class java/util/stream/SliceOps$1$1 done
Event: 2179.272 Loading class java/util/concurrent/ScheduledThreadPoolExecutor$DelayedWorkQueue$Itr
Event: 2179.272 Loading class java/util/concurrent/ScheduledThreadPoolExecutor$DelayedWorkQueue$Itr done
Event: 2179.700 Loading class java/util/stream/Streams$RangeIntSpliterator
Event: 2179.700 Loading class java/util/stream/Streams$RangeIntSpliterator done
Event: 2179.789 Loading class jdk/internal/reflect/MethodHandleByteFieldAccessorImpl
Event: 2179.789 Loading class jdk/internal/reflect/MethodHandleByteFieldAccessorImpl done
Event: 2179.816 Loading class java/util/concurrent/CompletableFuture$AsyncRun
Event: 2179.816 Loading class java/util/concurrent/CompletableFuture$AsyncRun done

Classes unloaded (20 events):
Event: 1615.964 Thread 0x000001f7027fc250 Unloading class 0x000001f6c1168400 'java/lang/invoke/LambdaForm$MH+0x000001f6c1168400'
Event: 1615.964 Thread 0x000001f7027fc250 Unloading class 0x000001f6c1165800 'java/lang/invoke/LambdaForm$MH+0x000001f6c1165800'
Event: 1615.964 Thread 0x000001f7027fc250 Unloading class 0x000001f6c1165400 'java/lang/invoke/LambdaForm$MH+0x000001f6c1165400'
Event: 1615.964 Thread 0x000001f7027fc250 Unloading class 0x000001f6c1164c00 'java/lang/invoke/LambdaForm$MH+0x000001f6c1164c00'
Event: 1615.964 Thread 0x000001f7027fc250 Unloading class 0x000001f6c1164400 'java/lang/invoke/LambdaForm$MH+0x000001f6c1164400'
Event: 1615.964 Thread 0x000001f7027fc250 Unloading class 0x000001f6c1163c00 'java/lang/invoke/LambdaForm$MH+0x000001f6c1163c00'
Event: 1615.964 Thread 0x000001f7027fc250 Unloading class 0x000001f6c1163800 'java/lang/invoke/LambdaForm$MH+0x000001f6c1163800'
Event: 1615.964 Thread 0x000001f7027fc250 Unloading class 0x000001f6c1163400 'java/lang/invoke/LambdaForm$MH+0x000001f6c1163400'
Event: 1615.964 Thread 0x000001f7027fc250 Unloading class 0x000001f6c1163000 'java/lang/invoke/LambdaForm$MH+0x000001f6c1163000'
Event: 1615.964 Thread 0x000001f7027fc250 Unloading class 0x000001f6c1162800 'java/lang/invoke/LambdaForm$MH+0x000001f6c1162800'
Event: 1615.964 Thread 0x000001f7027fc250 Unloading class 0x000001f6c1162400 'java/lang/invoke/LambdaForm$MH+0x000001f6c1162400'
Event: 1615.964 Thread 0x000001f7027fc250 Unloading class 0x000001f6c1162000 'java/lang/invoke/LambdaForm$MH+0x000001f6c1162000'
Event: 1615.964 Thread 0x000001f7027fc250 Unloading class 0x000001f6c1123000 'java/lang/invoke/LambdaForm$MH+0x000001f6c1123000'
Event: 1615.964 Thread 0x000001f7027fc250 Unloading class 0x000001f6c1122000 'java/lang/invoke/LambdaForm$MH+0x000001f6c1122000'
Event: 1615.964 Thread 0x000001f7027fc250 Unloading class 0x000001f6c1121c00 'java/lang/invoke/LambdaForm$MH+0x000001f6c1121c00'
Event: 1615.964 Thread 0x000001f7027fc250 Unloading class 0x000001f6c1121400 'java/lang/invoke/LambdaForm$MH+0x000001f6c1121400'
Event: 1615.964 Thread 0x000001f7027fc250 Unloading class 0x000001f6c1120400 'java/lang/invoke/LambdaForm$MH+0x000001f6c1120400'
Event: 1615.964 Thread 0x000001f7027fc250 Unloading class 0x000001f6c1089400 'java/lang/invoke/LambdaForm$MH+0x000001f6c1089400'
Event: 1615.964 Thread 0x000001f7027fc250 Unloading class 0x000001f6c1000400 'java/lang/invoke/LambdaForm$MH+0x000001f6c1000400'
Event: 1659.619 Thread 0x000001f7027fc250 Unloading class 0x000001f6c1014800 'java/lang/invoke/LambdaForm$MH+0x000001f6c1014800'

Classes redefined (0 events):
No events

Internal exceptions (20 events):
Event: 2263.981 Thread 0x000001f70b2579d0 Exception <a 'sun/nio/fs/WindowsException'{0x00000000eaf7b4b0}> (0x00000000eaf7b4b0) 
thrown [s\src\hotspot\share\prims\jni.cpp, line 520]
Event: 2264.021 Thread 0x000001f70b2579d0 Exception <a 'sun/nio/fs/WindowsException'{0x00000000ead8d148}> (0x00000000ead8d148) 
thrown [s\src\hotspot\share\prims\jni.cpp, line 520]
Event: 2266.640 Thread 0x000001f70b2579d0 Exception <a 'sun/nio/fs/WindowsException'{0x00000000eb2472a8}> (0x00000000eb2472a8) 
thrown [s\src\hotspot\share\prims\jni.cpp, line 520]
Event: 2266.681 Thread 0x000001f70b2579d0 Exception <a 'sun/nio/fs/WindowsException'{0x00000000eb3eab78}> (0x00000000eb3eab78) 
thrown [s\src\hotspot\share\prims\jni.cpp, line 520]
Event: 2269.030 Thread 0x000001f70b2579d0 Exception <a 'sun/nio/fs/WindowsException'{0x00000000eb2e4f90}> (0x00000000eb2e4f90) 
thrown [s\src\hotspot\share\prims\jni.cpp, line 520]
Event: 2269.066 Thread 0x000001f70b2579d0 Exception <a 'sun/nio/fs/WindowsException'{0x00000000eb49b578}> (0x00000000eb49b578) 
thrown [s\src\hotspot\share\prims\jni.cpp, line 520]
Event: 2278.236 Thread 0x000001f70b2579d0 Exception <a 'sun/nio/fs/WindowsException'{0x00000000eab3cce0}> (0x00000000eab3cce0) 
thrown [s\src\hotspot\share\prims\jni.cpp, line 520]
Event: 2278.276 Thread 0x000001f70b2579d0 Exception <a 'sun/nio/fs/WindowsException'{0x00000000eace4f70}> (0x00000000eace4f70) 
thrown [s\src\hotspot\share\prims\jni.cpp, line 520]
Event: 2281.325 Thread 0x000001f70b2579d0 Exception <a 'sun/nio/fs/WindowsException'{0x00000000eac14c30}> (0x00000000eac14c30) 
thrown [s\src\hotspot\share\prims\jni.cpp, line 520]
Event: 2281.361 Thread 0x000001f70b2579d0 Exception <a 'sun/nio/fs/WindowsException'{0x00000000ead94840}> (0x00000000ead94840) 
thrown [s\src\hotspot\share\prims\jni.cpp, line 520]
Event: 2286.212 Thread 0x000001f70b2579d0 Exception <a 'sun/nio/fs/WindowsException'{0x00000000eaf7e808}> (0x00000000eaf7e808) 
thrown [s\src\hotspot\share\prims\jni.cpp, line 520]
Event: 2286.253 Thread 0x000001f70b2579d0 Exception <a 'sun/nio/fs/WindowsException'{0x00000000eabe37e8}> (0x00000000eabe37e8) 
thrown [s\src\hotspot\share\prims\jni.cpp, line 520]
Event: 2288.628 Thread 0x000001f70b2579d0 Exception <a 'sun/nio/fs/WindowsException'{0x00000000ead5ce98}> (0x00000000ead5ce98) 
thrown [s\src\hotspot\share\prims\jni.cpp, line 520]
Event: 2288.665 Thread 0x000001f70b2579d0 Exception <a 'sun/nio/fs/WindowsException'{0x00000000eae821f0}> (0x00000000eae821f0) 
thrown [s\src\hotspot\share\prims\jni.cpp, line 520]
Event: 2291.479 Thread 0x000001f70b2579d0 Exception <a 'sun/nio/fs/WindowsException'{0x00000000eab5e780}> (0x00000000eab5e780) 
thrown [s\src\hotspot\share\prims\jni.cpp, line 520]
Event: 2291.521 Thread 0x000001f70b2579d0 Exception <a 'sun/nio/fs/WindowsException'{0x00000000eabef880}> (0x00000000eabef880) 
thrown [s\src\hotspot\share\prims\jni.cpp, line 520]
Event: 2294.292 Thread 0x000001f70b2579d0 Exception <a 'sun/nio/fs/WindowsException'{0x00000000eacf3488}> (0x00000000eacf3488) 
thrown [s\src\hotspot\share\prims\jni.cpp, line 520]
Event: 2294.335 Thread 0x000001f70b2579d0 Exception <a 'sun/nio/fs/WindowsException'{0x00000000eae0aea0}> (0x00000000eae0aea0) 
thrown [s\src\hotspot\share\prims\jni.cpp, line 520]
Event: 2297.791 Thread 0x000001f70b2579d0 Exception <a 'sun/nio/fs/WindowsException'{0x00000000eae48e08}> (0x00000000eae48e08) 
thrown [s\src\hotspot\share\prims\jni.cpp, line 520]
Event: 2297.831 Thread 0x000001f70b2579d0 Exception <a 'sun/nio/fs/WindowsException'{0x00000000eab2adb8}> (0x00000000eab2adb8) 
thrown [s\src\hotspot\share\prims\jni.cpp, line 520]

ZGC Phase Switch (0 events):
No events

VM Operations (20 events):
Event: 2294.903 Executing VM operation: ParallelGCFailedAllocation (Allocation Failure)
Event: 2294.905 Executing VM operation: ParallelGCFailedAllocation (Allocation Failure) done
Event: 2295.223 Executing VM operation: ParallelGCFailedAllocation (Allocation Failure)
Event: 2295.225 Executing VM operation: ParallelGCFailedAllocation (Allocation Failure) done
Event: 2297.018 Executing VM operation: ParallelGCFailedAllocation (Allocation Failure)
Event: 2297.019 Executing VM operation: ParallelGCFailedAllocation (Allocation Failure) done
Event: 2297.126 Executing VM operation: ParallelGCFailedAllocation (Allocation Failure)
Event: 2297.127 Executing VM operation: ParallelGCFailedAllocation (Allocation Failure) done
Event: 2297.795 Executing VM operation: ParallelGCFailedAllocation (Allocation Failure)
Event: 2297.798 Executing VM operation: ParallelGCFailedAllocation (Allocation Failure) done
Event: 2297.807 Executing VM operation: ParallelGCFailedAllocation (Allocation Failure)
Event: 2297.809 Executing VM operation: ParallelGCFailedAllocation (Allocation Failure) done
Event: 2297.828 Executing VM operation: ParallelGCFailedAllocation (Allocation Failure)
Event: 2297.831 Executing VM operation: ParallelGCFailedAllocation (Allocation Failure) done
Event: 2297.891 Executing VM operation: ParallelGCFailedAllocation (Allocation Failure)
Event: 2297.894 Executing VM operation: ParallelGCFailedAllocation (Allocation Failure) done
Event: 2298.266 Executing VM operation: ParallelGCFailedAllocation (Allocation Failure)
Event: 2298.268 Executing VM operation: ParallelGCFailedAllocation (Allocation Failure) done
Event: 2298.461 Executing VM operation: ParallelGCFailedAllocation (Allocation Failure)
Event: 2298.462 Executing VM operation: ParallelGCFailedAllocation (Allocation Failure) done

Memory protections (0 events):
No events

Nmethod flushes (20 events):
Event: 2128.812 Thread 0x000001f7027fc250 flushing  nmethod 0x000001f6b14b3310
Event: 2128.812 Thread 0x000001f7027fc250 flushing  nmethod 0x000001f6b14b3790
Event: 2128.812 Thread 0x000001f7027fc250 flushing  nmethod 0x000001f6b14b9c10
Event: 2128.812 Thread 0x000001f7027fc250 flushing  nmethod 0x000001f6b14d3190
Event: 2128.812 Thread 0x000001f7027fc250 flushing  nmethod 0x000001f6b14f5f10
Event: 2128.812 Thread 0x000001f7027fc250 flushing  nmethod 0x000001f6b151aa10
Event: 2128.812 Thread 0x000001f7027fc250 flushing  nmethod 0x000001f6b151b610
Event: 2128.812 Thread 0x000001f7027fc250 flushing  nmethod 0x000001f6b1521c90
Event: 2128.812 Thread 0x000001f7027fc250 flushing  nmethod 0x000001f6b1542490
Event: 2128.812 Thread 0x000001f7027fc250 flushing  nmethod 0x000001f6b1560490
Event: 2128.812 Thread 0x000001f7027fc250 flushing  nmethod 0x000001f6b1563890
Event: 2128.812 Thread 0x000001f7027fc250 flushing  nmethod 0x000001f6b1564090
Event: 2128.812 Thread 0x000001f7027fc250 flushing  nmethod 0x000001f6b1564810
Event: 2128.812 Thread 0x000001f7027fc250 flushing  nmethod 0x000001f6b1565710
Event: 2128.812 Thread 0x000001f7027fc250 flushing  nmethod 0x000001f6b1569790
Event: 2128.812 Thread 0x000001f7027fc250 flushing  nmethod 0x000001f6b156aa10
Event: 2128.812 Thread 0x000001f7027fc250 flushing  nmethod 0x000001f6b157c490
Event: 2128.812 Thread 0x000001f7027fc250 flushing  nmethod 0x000001f6b1590b90
Event: 2128.812 Thread 0x000001f7027fc250 flushing  nmethod 0x000001f6b159eb90
Event: 2128.812 Thread 0x000001f7027fc250 flushing  nmethod 0x000001f6b15ba290

Events (20 events):
Event: 2276.953 Thread 0x000001f702816940 Thread added: 0x000001f70c355a70
Event: 2277.221 Thread 0x000001f70c355a70 Thread exited: 0x000001f70c355a70
Event: 2277.686 Thread 0x000001f70e744960 Thread exited: 0x000001f70e744960
Event: 2288.647 Thread 0x000001f702816940 Thread added: 0x000001f70a2c4960
Event: 2289.227 Thread 0x000001f70a2c4960 Thread exited: 0x000001f70a2c4960
Event: 2291.347 Thread 0x000001f70a1f5200 Thread exited: 0x000001f70a1f5200
Event: 2295.228 Thread 0x000001f702816940 Thread added: 0x000001f70d99cb70
Event: 2295.228 Thread 0x000001f702816940 Thread added: 0x000001f70d99e6b0
Event: 2295.228 Thread 0x000001f702816940 Thread added: 0x000001f70d9a08c0
Event: 2295.228 Thread 0x000001f702816940 Thread added: 0x000001f70d99d240
Event: 2295.228 Thread 0x000001f702816940 Thread added: 0x000001f70d99d910
Event: 2295.228 Thread 0x000001f702816940 Thread added: 0x000001f70d99ed80
Event: 2296.274 Thread 0x000001f70d99ed80 Thread exited: 0x000001f70d99ed80
Event: 2297.020 Thread 0x000001f70d99d910 Thread exited: 0x000001f70d99d910
Event: 2297.020 Thread 0x000001f70d99d240 Thread exited: 0x000001f70d99d240
Event: 2297.021 Thread 0x000001f70d9a08c0 Thread exited: 0x000001f70d9a08c0
Event: 2297.022 Thread 0x000001f70d99e6b0 Thread exited: 0x000001f70d99e6b0
Event: 2297.233 Thread 0x000001f70d99cb70 Thread exited: 0x000001f70d99cb70
Event: 2298.457 Thread 0x000001f702816940 Thread added: 0x000001f70d99fb20
Event: 2298.457 Thread 0x000001f702816940 Thread added: 0x000001f70d99ed80


Dynamic libraries:
0x00007ff79b670000 - 0x00007ff79b67e000 	c:\Users\autot\.vscode\extensions\redhat.java-1.40.0-win32-x64\jre\21.0.6-win32-x86_64\bin\java.exe
0x00007ffeae200000 - 0x00007ffeae463000 	C:\WINDOWS\SYSTEM32\ntdll.dll
0x00007ffead8c0000 - 0x00007ffead987000 	C:\WINDOWS\System32\KERNEL32.DLL
0x00007ffeab660000 - 0x00007ffeaba27000 	C:\WINDOWS\System32\KERNELBASE.dll
0x00007ffea3260000 - 0x00007ffea32fc000 	C:\WINDOWS\SYSTEM32\apphelp.dll
0x00007ffeabb60000 - 0x00007ffeabcac000 	C:\WINDOWS\System32\ucrtbase.dll
0x00007ffe911c0000 - 0x00007ffe911de000 	c:\Users\autot\.vscode\extensions\redhat.java-1.40.0-win32-x64\jre\21.0.6-win32-x86_64\bin\VCRUNTIME140.dll
0x00007ffe913a0000 - 0x00007ffe913b8000 	c:\Users\autot\.vscode\extensions\redhat.java-1.40.0-win32-x64\jre\21.0.6-win32-x86_64\bin\jli.dll
0x00007ffeadff0000 - 0x00007ffeae1b9000 	C:\WINDOWS\System32\USER32.dll
0x00007ffeaa850000 - 0x00007ffeaaae0000 	C:\WINDOWS\WinSxS\amd64_microsoft.windows.common-controls_6595b64144ccf1df_6.0.26100.3037_none_3e09262ce333c378\COMCTL32.dll
0x00007ffeabcb0000 - 0x00007ffeabcd7000 	C:\WINDOWS\System32\win32u.dll
0x00007ffead810000 - 0x00007ffead8b9000 	C:\WINDOWS\System32\msvcrt.dll
0x00007ffeac460000 - 0x00007ffeac48a000 	C:\WINDOWS\System32\GDI32.dll
0x00007ffeaba30000 - 0x00007ffeabb5b000 	C:\WINDOWS\System32\gdi32full.dll
0x00007ffeabef0000 - 0x00007ffeabf93000 	C:\WINDOWS\System32\msvcp_win.dll
0x00007ffead7d0000 - 0x00007ffead7ff000 	C:\WINDOWS\System32\IMM32.DLL
0x00007ffe9d1a0000 - 0x00007ffe9d1ac000 	c:\Users\autot\.vscode\extensions\redhat.java-1.40.0-win32-x64\jre\21.0.6-win32-x86_64\bin\vcruntime140_1.dll
0x00007ffe50ae0000 - 0x00007ffe50b6d000 	c:\Users\autot\.vscode\extensions\redhat.java-1.40.0-win32-x64\jre\21.0.6-win32-x86_64\bin\msvcp140.dll
0x00007ffdd4720000 - 0x00007ffdd54b0000 	c:\Users\autot\.vscode\extensions\redhat.java-1.40.0-win32-x64\jre\21.0.6-win32-x86_64\bin\server\jvm.dll
0x00007ffeadb90000 - 0x00007ffeadc44000 	C:\WINDOWS\System32\ADVAPI32.dll
0x00007ffead220000 - 0x00007ffead2c6000 	C:\WINDOWS\System32\sechost.dll
0x00007ffeada70000 - 0x00007ffeadb86000 	C:\WINDOWS\System32\RPCRT4.dll
0x00007ffead990000 - 0x00007ffeada04000 	C:\WINDOWS\System32\WS2_32.dll
0x00007ffeaae10000 - 0x00007ffeaae5e000 	C:\WINDOWS\SYSTEM32\POWRPROF.dll
0x00007ffe9ae20000 - 0x00007ffe9ae56000 	C:\WINDOWS\SYSTEM32\WINMM.dll
0x00007ffe9ea40000 - 0x00007ffe9ea4b000 	C:\WINDOWS\SYSTEM32\VERSION.dll
0x00007ffeaacb0000 - 0x00007ffeaacc4000 	C:\WINDOWS\SYSTEM32\UMPDC.dll
0x00007ffea9af0000 - 0x00007ffea9b0a000 	C:\WINDOWS\SYSTEM32\kernel.appcore.dll
0x00007ffe99510000 - 0x00007ffe9951a000 	c:\Users\autot\.vscode\extensions\redhat.java-1.40.0-win32-x64\jre\21.0.6-win32-x86_64\bin\jimage.dll
0x00007ffeaae70000 - 0x00007ffeab0b1000 	C:\WINDOWS\SYSTEM32\DBGHELP.DLL
0x00007ffeac0c0000 - 0x00007ffeac43e000 	C:\WINDOWS\System32\combase.dll
0x00007ffeadf00000 - 0x00007ffeadfd6000 	C:\WINDOWS\System32\OLEAUT32.dll
0x00007ffeaacd0000 - 0x00007ffeaad09000 	C:\WINDOWS\SYSTEM32\dbgcore.DLL
0x00007ffeabfa0000 - 0x00007ffeac039000 	C:\WINDOWS\System32\bcryptPrimitives.dll
0x00007ffe99440000 - 0x00007ffe9944f000 	c:\Users\autot\.vscode\extensions\redhat.java-1.40.0-win32-x64\jre\21.0.6-win32-x86_64\bin\instrument.dll
0x00007ffe8eea0000 - 0x00007ffe8eebf000 	c:\Users\autot\.vscode\extensions\redhat.java-1.40.0-win32-x64\jre\21.0.6-win32-x86_64\bin\java.dll
0x00007ffeac920000 - 0x00007ffead024000 	C:\WINDOWS\System32\SHELL32.dll
0x00007ffea87f0000 - 0x00007ffea9027000 	C:\WINDOWS\SYSTEM32\windows.storage.dll
0x00007ffead3d0000 - 0x00007ffead4b9000 	C:\WINDOWS\System32\SHCORE.dll
0x00007ffeada10000 - 0x00007ffeada6d000 	C:\WINDOWS\System32\shlwapi.dll
0x00007ffeab4b0000 - 0x00007ffeab4de000 	C:\WINDOWS\SYSTEM32\profapi.dll
0x00007ffe8d2f0000 - 0x00007ffe8d308000 	c:\Users\autot\.vscode\extensions\redhat.java-1.40.0-win32-x64\jre\21.0.6-win32-x86_64\bin\zip.dll
0x00007ffe95910000 - 0x00007ffe95920000 	C:\Users\autot\.vscode\extensions\redhat.java-1.40.0-win32-x64\jre\21.0.6-win32-x86_64\bin\net.dll
0x00007ffea2570000 - 0x00007ffea268e000 	C:\WINDOWS\SYSTEM32\WINHTTP.dll
0x00007ffea9fa0000 - 0x00007ffeaa00a000 	C:\WINDOWS\system32\mswsock.dll
0x00007ffe89d70000 - 0x00007ffe89d86000 	C:\Users\autot\.vscode\extensions\redhat.java-1.40.0-win32-x64\jre\21.0.6-win32-x86_64\bin\nio.dll
0x00007ffe95870000 - 0x00007ffe95880000 	c:\Users\autot\.vscode\extensions\redhat.java-1.40.0-win32-x64\jre\21.0.6-win32-x86_64\bin\verify.dll
0x00007ffe60df0000 - 0x00007ffe60e35000 	C:\Users\autot\AppData\Roaming\Code\User\globalStorage\redhat.java\1.40.0\config_win\org.eclipse.equinox.launcher\org.eclipse.equinox.launcher.win32.win32.x86_64_1.2.1200.v20250212-0927\eclipse_11909.dll
0x00007ffeadc60000 - 0x00007ffeaddf5000 	C:\WINDOWS\System32\ole32.dll
0x00007ffe92f60000 - 0x00007ffe92f6a000 	C:\Users\autot\.vscode\extensions\redhat.java-1.40.0-win32-x64\jre\21.0.6-win32-x86_64\bin\management.dll
0x00007ffe92180000 - 0x00007ffe9218b000 	C:\Users\autot\.vscode\extensions\redhat.java-1.40.0-win32-x64\jre\21.0.6-win32-x86_64\bin\management_ext.dll
0x00007ffeadc50000 - 0x00007ffeadc58000 	C:\WINDOWS\System32\PSAPI.DLL
0x00007ffeab0e0000 - 0x00007ffeab0fc000 	C:\WINDOWS\SYSTEM32\CRYPTSP.dll
0x00007ffeaa3f0000 - 0x00007ffeaa428000 	C:\WINDOWS\system32\rsaenh.dll
0x00007ffeaa010000 - 0x00007ffeaa03b000 	C:\WINDOWS\SYSTEM32\USERENV.dll
0x00007ffeaada0000 - 0x00007ffeaadc6000 	C:\WINDOWS\SYSTEM32\bcrypt.dll
0x00007ffeaa610000 - 0x00007ffeaa61c000 	C:\WINDOWS\SYSTEM32\CRYPTBASE.dll
0x00007ffea95a0000 - 0x00007ffea95d2000 	C:\WINDOWS\SYSTEM32\IPHLPAPI.DLL
0x00007ffead7c0000 - 0x00007ffead7ca000 	C:\WINDOWS\System32\NSI.dll
0x00007ffe50a40000 - 0x00007ffe50a89000 	C:\Users\autot\AppData\Local\Temp\jna-93182117\jna11523586815340443113.dll
0x00007ffea33c0000 - 0x00007ffea33df000 	C:\WINDOWS\SYSTEM32\dhcpcsvc6.DLL
0x00007ffea3370000 - 0x00007ffea3395000 	C:\WINDOWS\SYSTEM32\dhcpcsvc.DLL
0x00007ffe91ec0000 - 0x00007ffe91ece000 	C:\Users\autot\.vscode\extensions\redhat.java-1.40.0-win32-x64\jre\21.0.6-win32-x86_64\bin\sunmscapi.dll
0x00007ffeabd70000 - 0x00007ffeabee6000 	C:\WINDOWS\System32\CRYPT32.dll
0x00007ffeaa6d0000 - 0x00007ffeaa700000 	C:\WINDOWS\SYSTEM32\ncrypt.dll
0x00007ffeaa5b0000 - 0x00007ffeaa5ef000 	C:\WINDOWS\SYSTEM32\NTASN1.dll
0x00007ffea9640000 - 0x00007ffea9765000 	C:\WINDOWS\SYSTEM32\DNSAPI.dll
0x00007ffea1f40000 - 0x00007ffea1f4b000 	C:\Windows\System32\rasadhlp.dll
0x00007ffea3770000 - 0x00007ffea37f5000 	C:\WINDOWS\System32\fwpuclnt.dll
0x00007ffe912d0000 - 0x00007ffe912d9000 	C:\Users\autot\.vscode\extensions\redhat.java-1.40.0-win32-x64\jre\21.0.6-win32-x86_64\bin\extnet.dll
0x00007ffeaad20000 - 0x00007ffeaad28000 	C:\WINDOWS\system32\wshunix.dll

dbghelp: loaded successfully - version: 4.0.5 - missing functions: none
symbol engine: initialized successfully - sym options: 0x614 - pdb path: .;c:\Users\autot\.vscode\extensions\redhat.java-1.40.0-win32-x64\jre\21.0.6-win32-x86_64\bin;C:\WINDOWS\SYSTEM32;C:\WINDOWS\WinSxS\amd64_microsoft.windows.common-controls_6595b64144ccf1df_6.0.26100.3037_none_3e09262ce333c378;c:\Users\autot\.vscode\extensions\redhat.java-1.40.0-win32-x64\jre\21.0.6-win32-x86_64\bin\server;C:\Users\autot\AppData\Roaming\Code\User\globalStorage\redhat.java\1.40.0\config_win\org.eclipse.equinox.launcher\org.eclipse.equinox.launcher.win32.win32.x86_64_1.2.1200.v20250212-0927;C:\Users\autot\AppData\Local\Temp\jna-93182117

VM Arguments:
jvm_args: --add-modules=ALL-SYSTEM --add-opens=java.base/java.util=ALL-UNNAMED --add-opens=java.base/java.lang=ALL-UNNAMED --add-opens=java.base/sun.nio.fs=ALL-UNNAMED -Declipse.application=org.eclipse.jdt.ls.core.id1 -Dosgi.bundles.defaultStartLevel=4 -Declipse.product=org.eclipse.jdt.ls.core.product -Djava.import.generatesMetadataFilesAtProjectRoot=false -DDetectVMInstallationsJob.disabled=true -Dfile.encoding=utf8 -XX:+UseParallelGC -XX:GCTimeRatio=4 -XX:AdaptiveSizePolicyWeight=90 -Dsun.zip.disableMemoryMapping=true -Xmx1G -Xms100m -Xlog:disable -javaagent:c:\Users\autot\.vscode\extensions\redhat.java-1.40.0-win32-x64\lombok\lombok-1.18.36.jar -XX:+HeapDumpOnOutOfMemoryError -XX:HeapDumpPath=c:\Users\autot\AppData\Roaming\Code\User\workspaceStorage\e572fed2224cba2016e985681c54d434\redhat.java -Daether.dependencyCollector.impl=bf 
java_command: c:\Users\autot\.vscode\extensions\redhat.java-1.40.0-win32-x64\server\plugins\org.eclipse.equinox.launcher_1.6.1000.v20250131-0606.jar -configuration c:\Users\autot\AppData\Roaming\Code\User\globalStorage\redhat.java\1.40.0\config_win -data c:\Users\autot\AppData\Roaming\Code\User\workspaceStorage\e572fed2224cba2016e985681c54d434\redhat.java\jdt_ws --pipe=\\.\pipe\lsp-3d085596486e8b46662d1c0f2c67937a-sock
java_class_path (initial): c:\Users\autot\.vscode\extensions\redhat.java-1.40.0-win32-x64\server\plugins\org.eclipse.equinox.launcher_1.6.1000.v20250131-0606.jar
Launcher Type: SUN_STANDARD

[Global flags]
    uintx AdaptiveSizePolicyWeight                 = 90                                        {product} {command line}
     intx CICompilerCount                          = 15                                        {product} {ergonomic}
    uintx GCTimeRatio                              = 4                                         {product} {command line}
     bool HeapDumpOnOutOfMemoryError               = true                                   {manageable} {command line}
    ccstr HeapDumpPath                             = c:\Users\autot\AppData\Roaming\Code\User\workspaceStorage\e572fed2224cba2016e985681c54d434\redhat.java         {manageable} {command line}
   size_t InitialHeapSize                          = 104857600                                 {product} {command line}
   size_t MaxHeapSize                              = 1073741824                                {product} {command line}
   size_t MaxNewSize                               = 357564416                                 {product} {ergonomic}
   size_t MinHeapDeltaBytes                        = 524288                                    {product} {ergonomic}
   size_t MinHeapSize                              = 104857600                                 {product} {command line}
   size_t NewSize                                  = 34603008                                  {product} {ergonomic}
    uintx NonNMethodCodeHeapSize                   = 8192380                                {pd product} {ergonomic}
    uintx NonProfiledCodeHeapSize                  = 121732930                              {pd product} {ergonomic}
   size_t OldSize                                  = 70254592                                  {product} {ergonomic}
    uintx ProfiledCodeHeapSize                     = 121732930                              {pd product} {ergonomic}
    uintx ReservedCodeCacheSize                    = 251658240                              {pd product} {ergonomic}
     bool SegmentedCodeCache                       = true                                      {product} {ergonomic}
   size_t SoftMaxHeapSize                          = 1073741824                             {manageable} {ergonomic}
     bool UseCompressedOops                        = true                           {product lp64_product} {ergonomic}
     bool UseLargePagesIndividualAllocation        = false                                  {pd product} {ergonomic}
     bool UseParallelGC                            = true                                      {product} {command line}

Logging:
Log output configuration:
 #0: stdout all=off uptime,level,tags foldmultilines=false
 #1: stderr all=off uptime,level,tags foldmultilines=false

Environment Variables:
PATH=C:\Program Files (x86)\Common Files\Oracle\Java\java8path;C:\Program Files (x86)\Common Files\Oracle\Java\javapath;C:\Program Files (x86)\Razer\ChromaBroadcast\bin;C:\Program Files\Razer\ChromaBroadcast\bin;C:\Windows\system32;C:\Windows;C:\Windows\System32\Wbem;C:\Windows\System32\WindowsPowerShell\v1.0\;C:\Windows\System32\OpenSSH\;C:\Program Files (x86)\NVIDIA Corporation\PhysX\Common;C:\Program Files\Git\cmd;C:\Windows\system32\config\systemprofile\AppData\Local\Microsoft\WindowsApps;;C:\Program Files\NVIDIA Corporation\NVIDIA app\NvDLISR;C:\WINDOWS\system32;C:\WINDOWS;C:\WINDOWS\System32\Wbem;C:\WINDOWS\System32\WindowsPowerShell\v1.0\;C:\WINDOWS\System32\OpenSSH\;C:\Program Files\MySQL\MySQL Shell 8.0\bin\;C:\Users\autot\AppData\Local\Programs\Python\Python312\Scripts\;C:\Users\autot\AppData\Local\Programs\Python\Python312\;C:\Users\autot\AppData\Local\Programs\Python\Launcher\;C:\Users\autot\AppData\Local\Microsoft\WindowsApps;C:\Users\autot\AppData\Local\GitHubDesktop\bin;E:\vs code\Microsoft VS Code\bin;
USERNAME=autot
OS=Windows_NT
PROCESSOR_IDENTIFIER=Intel64 Family 6 Model 183 Stepping 1, GenuineIntel
TMP=C:\Users\autot\AppData\Local\Temp
TEMP=C:\Users\autot\AppData\Local\Temp




Periodic native trim disabled

---------------  S Y S T E M  ---------------

OS:
 Windows 11 , 64 bit Build 26100 (10.0.26100.3037)
OS uptime: 3 days 3:20 hours
Hyper-V role detected

CPU: total 32 (initial active 32) (16 cores per cpu, 2 threads per core) family 6 model 183 stepping 1 microcode 0x120, cx8, cmov, fxsr, ht, mmx, 3dnowpref, sse, sse2, sse3, ssse3, sse4.1, sse4.2, popcnt, lzcnt, tsc, tscinvbit, avx, avx2, aes, erms, clmul, bmi1, bmi2, adx, sha, fma, vzeroupper, clflush, clflushopt, clwb, hv, serialize, rdtscp, rdpid, fsrm, f16c, cet_ibt, cet_ss
Processor Information for processor 0
  Max Mhz: 2200, Current Mhz: 2200, Mhz Limit: 2200
Processor Information for processor 1
  Max Mhz: 2200, Current Mhz: 1466, Mhz Limit: 2200
Processor Information for processor 2
  Max Mhz: 2200, Current Mhz: 2200, Mhz Limit: 2200
Processor Information for processor 3
  Max Mhz: 2200, Current Mhz: 1466, Mhz Limit: 2200
Processor Information for processor 4
  Max Mhz: 2200, Current Mhz: 1466, Mhz Limit: 2200
Processor Information for processor 5
  Max Mhz: 2200, Current Mhz: 2200, Mhz Limit: 2200
Processor Information for processor 6
  Max Mhz: 2200, Current Mhz: 2200, Mhz Limit: 2200
Processor Information for processor 7
  Max Mhz: 2200, Current Mhz: 1466, Mhz Limit: 2200
Processor Information for processor 8
  Max Mhz: 2200, Current Mhz: 1466, Mhz Limit: 2200
Processor Information for processor 9
  Max Mhz: 2200, Current Mhz: 1466, Mhz Limit: 2200
Processor Information for processor 10
  Max Mhz: 2200, Current Mhz: 1466, Mhz Limit: 2200
Processor Information for processor 11
  Max Mhz: 2200, Current Mhz: 1466, Mhz Limit: 2200
Processor Information for processor 12
  Max Mhz: 2200, Current Mhz: 2200, Mhz Limit: 2200
Processor Information for processor 13
  Max Mhz: 2200, Current Mhz: 1466, Mhz Limit: 2200
Processor Information for processor 14
  Max Mhz: 2200, Current Mhz: 2200, Mhz Limit: 2200
Processor Information for processor 15
  Max Mhz: 2200, Current Mhz: 1466, Mhz Limit: 2200
Processor Information for processor 16
  Max Mhz: 2200, Current Mhz: 1512, Mhz Limit: 2200
Processor Information for processor 17
  Max Mhz: 2200, Current Mhz: 2200, Mhz Limit: 2200
Processor Information for processor 18
  Max Mhz: 2200, Current Mhz: 2200, Mhz Limit: 2200
Processor Information for processor 19
  Max Mhz: 2200, Current Mhz: 1512, Mhz Limit: 2200
Processor Information for processor 20
  Max Mhz: 2200, Current Mhz: 2200, Mhz Limit: 2200
Processor Information for processor 21
  Max Mhz: 2200, Current Mhz: 1512, Mhz Limit: 2200
Processor Information for processor 22
  Max Mhz: 2200, Current Mhz: 1512, Mhz Limit: 2200
Processor Information for processor 23
  Max Mhz: 2200, Current Mhz: 1512, Mhz Limit: 2200
Processor Information for processor 24
  Max Mhz: 2200, Current Mhz: 2200, Mhz Limit: 2200
Processor Information for processor 25
  Max Mhz: 2200, Current Mhz: 1512, Mhz Limit: 2200
Processor Information for processor 26
  Max Mhz: 2200, Current Mhz: 1512, Mhz Limit: 2200
Processor Information for processor 27
  Max Mhz: 2200, Current Mhz: 1512, Mhz Limit: 2200
Processor Information for processor 28
  Max Mhz: 2200, Current Mhz: 2200, Mhz Limit: 2200
Processor Information for processor 29
  Max Mhz: 2200, Current Mhz: 1512, Mhz Limit: 2200
Processor Information for processor 30
  Max Mhz: 2200, Current Mhz: 1512, Mhz Limit: 2200
Processor Information for processor 31
  Max Mhz: 2200, Current Mhz: 1512, Mhz Limit: 2200

Memory: 4k page, system-wide physical 32472M (17254M free)
TotalPageFile size 35416M (AvailPageFile size 13888M)
current process WorkingSet (physical memory assigned to process): 927M, peak: 1043M
current process commit charge ("private bytes"): 979M, peak: 1099M

vm_info: OpenJDK 64-Bit Server VM (21.0.6+7-LTS) for windows-amd64 JRE (21.0.6+7-LTS), built on 2025-01-21T00:00:00Z by "admin" with MS VC++ 17.7 (VS2022)

END.
